# JRE version: OpenJDK Runtime Environment (7.0_111-b01) (build 1.7.0_111-b01)
# Java VM: OpenJDK Client VM (24.111-b01 mixed mode, sharing linux-x86 )
Heap
 def new generation   total 4992K, used 4022K [0x6e800000, 0x6ed60000, 0x792a0000)
  eden space 4480K,  88% used [0x6e800000, 0x6ebde788, 0x6ec60000)
  from space 512K,  11% used [0x6ece0000, 0x6ecef370, 0x6ed60000)
  to   space 512K,   0% used [0x6ec60000, 0x6ec60000, 0x6ece0000)
 tenured generation   total 10944K, used 5934K [0x792a0000, 0x79d50000, 0x8e800000)
   the space 10944K,  54% used [0x792a0000, 0x7986b810, 0x7986ba00, 0x79d50000)
 compacting perm gen  total 12288K, used 6601K [0x8e800000, 0x8f400000, 0x92800000)
   the space 12288K,  53% used [0x8e800000, 0x8ee72678, 0x8ee72800, 0x8f400000)
    ro space 10240K,  59% used [0x92800000, 0x92dfe3d8, 0x92dfe400, 0x93200000)
    rw space 12288K,  59% used [0x93200000, 0x9391c2b0, 0x9391c400, 0x93e00000)
GC Heap History (10 events):
Event: 61.068 GC heap before
{Heap before GC invocations=175 (full 1):
 def new generation   total 4992K, used 4798K [0x6e800000, 0x6ed60000, 0x792a0000)
  eden space 4480K, 100% used [0x6e800000, 0x6ec60000, 0x6ec60000)
  from space 512K,  62% used [0x6ec60000, 0x6ecafa98, 0x6ece0000)
  to   space 512K,   0% used [0x6ece0000, 0x6ece0000, 0x6ed60000)
 tenured generation   total 10944K, used 4642K [0x792a0000, 0x79d50000, 0x8e800000)
   the space 10944K,  42% used [0x792a0000, 0x797288c8, 0x79728a00, 0x79d50000)
 compacting perm gen  total 12288K, used 6255K [0x8e800000, 0x8f400000, 0x92800000)
   the space 12288K,  50% used [0x8e800000, 0x8ee1bc10, 0x8ee1be00, 0x8f400000)
    ro space 10240K,  59% used [0x92800000, 0x92dfe3d8, 0x92dfe400, 0x93200000)
    rw space 12288K,  59% used [0x93200000, 0x9391c2b0, 0x9391c400, 0x93e00000)
Event: 61.070 GC heap after
Heap after GC invocations=176 (full 1):
 def new generation   total 4992K, used 497K [0x6e800000, 0x6ed60000, 0x792a0000)
  eden space 4480K,   0% used [0x6e800000, 0x6e800000, 0x6ec60000)
  from space 512K,  97% used [0x6ece0000, 0x6ed5c420, 0x6ed60000)
  to   space 512K,   0% used [0x6ec60000, 0x6ec60000, 0x6ece0000)
 tenured generation   total 10944K, used 4952K [0x792a0000, 0x79d50000, 0x8e800000)
   the space 10944K,  45% used [0x792a0000, 0x79776100, 0x79776200, 0x79d50000)
 compacting perm gen  total 12288K, used 6255K [0x8e800000, 0x8f400000, 0x92800000)
   the space 12288K,  50% used [0x8e800000, 0x8ee1bc10, 0x8ee1be00, 0x8f400000)
    ro space 10240K,  59% used [0x92800000, 0x92dfe3d8, 0x92dfe400, 0x93200000)
    rw space 12288K,  59% used [0x93200000, 0x9391c2b0, 0x9391c400, 0x93e00000)
}
Event: 61.164 GC heap before
{Heap before GC invocations=176 (full 1):
 def new generation   total 4992K, used 4977K [0x6e800000, 0x6ed60000, 0x792a0000)
  eden space 4480K, 100% used [0x6e800000, 0x6ec60000, 0x6ec60000)
  from space 512K,  97% used [0x6ece0000, 0x6ed5c420, 0x6ed60000)
  to   space 512K,   0% used [0x6ec60000, 0x6ec60000, 0x6ece0000)
 tenured generation   total 10944K, used 4952K [0x792a0000, 0x79d50000, 0x8e800000)
   the space 10944K,  45% used [0x792a0000, 0x79776100, 0x79776200, 0x79d50000)
 compacting perm gen  total 12288K, used 6455K [0x8e800000, 0x8f400000, 0x92800000)
   the space 12288K,  52% used [0x8e800000, 0x8ee4dcb0, 0x8ee4de00, 0x8f400000)
    ro space 10240K,  59% used [0x92800000, 0x92dfe3d8, 0x92dfe400, 0x93200000)
    rw space 12288K,  59% used [0x93200000, 0x9391c2b0, 0x9391c400, 0x93e00000)
Event: 61.166 GC heap after
Heap after GC invocations=177 (full 1):
 def new generation   total 4992K, used 239K [0x6e800000, 0x6ed60000, 0x792a0000)
  eden space 4480K,   0% used [0x6e800000, 0x6e800000, 0x6ec60000)
  from space 512K,  46% used [0x6ec60000, 0x6ec9be88, 0x6ece0000)
  to   space 512K,   0% used [0x6ece0000, 0x6ece0000, 0x6ed60000)
 tenured generation   total 10944K, used 5367K [0x792a0000, 0x79d50000, 0x8e800000)
   the space 10944K,  49% used [0x792a0000, 0x797ddd88, 0x797dde00, 0x79d50000)
 compacting perm gen  total 12288K, used 6455K [0x8e800000, 0x8f400000, 0x92800000)
   the space 12288K,  52% used [0x8e800000, 0x8ee4dcb0, 0x8ee4de00, 0x8f400000)
    ro space 10240K,  59% used [0x92800000, 0x92dfe3d8, 0x92dfe400, 0x93200000)
    rw space 12288K,  59% used [0x93200000, 0x9391c2b0, 0x9391c400, 0x93e00000)
}
Event: 61.261 GC heap before
{Heap before GC invocations=177 (full 1):
 def new generation   total 4992K, used 4719K [0x6e800000, 0x6ed60000, 0x792a0000)
  eden space 4480K, 100% used [0x6e800000, 0x6ec60000, 0x6ec60000)
  from space 512K,  46% used [0x6ec60000, 0x6ec9be88, 0x6ece0000)
  to   space 512K,   0% used [0x6ece0000, 0x6ece0000, 0x6ed60000)
 tenured generation   total 10944K, used 5367K [0x792a0000, 0x79d50000, 0x8e800000)
   the space 10944K,  49% used [0x792a0000, 0x797ddd88, 0x797dde00, 0x79d50000)
 compacting perm gen  total 12288K, used 6553K [0x8e800000, 0x8f400000, 0x92800000)
   the space 12288K,  53% used [0x8e800000, 0x8ee665a0, 0x8ee66600, 0x8f400000)
    ro space 10240K,  59% used [0x92800000, 0x92dfe3d8, 0x92dfe400, 0x93200000)
    rw space 12288K,  59% used [0x93200000, 0x9391c2b0, 0x9391c400, 0x93e00000)
Event: 61.263 GC heap after
Heap after GC invocations=178 (full 1):
 def new generation   total 4992K, used 423K [0x6e800000, 0x6ed60000, 0x792a0000)
  eden space 4480K,   0% used [0x6e800000, 0x6e800000, 0x6ec60000)
  from space 512K,  82% used [0x6ece0000, 0x6ed49c50, 0x6ed60000)
  to   space 512K,   0% used [0x6ec60000, 0x6ec60000, 0x6ece0000)
 tenured generation   total 10944K, used 5367K [0x792a0000, 0x79d50000, 0x8e800000)
   the space 10944K,  49% used [0x792a0000, 0x797ddd88, 0x797dde00, 0x79d50000)
 compacting perm gen  total 12288K, used 6553K [0x8e800000, 0x8f400000, 0x92800000)
   the space 12288K,  53% used [0x8e800000, 0x8ee665a0, 0x8ee66600, 0x8f400000)
    ro space 10240K,  59% used [0x92800000, 0x92dfe3d8, 0x92dfe400, 0x93200000)
    rw space 12288K,  59% used [0x93200000, 0x9391c2b0, 0x9391c400, 0x93e00000)
}
Event: 61.350 GC heap before
{Heap before GC invocations=178 (full 1):
 def new generation   total 4992K, used 4903K [0x6e800000, 0x6ed60000, 0x792a0000)
  eden space 4480K, 100% used [0x6e800000, 0x6ec60000, 0x6ec60000)
  from space 512K,  82% used [0x6ece0000, 0x6ed49c50, 0x6ed60000)
  to   space 512K,   0% used [0x6ec60000, 0x6ec60000, 0x6ece0000)
 tenured generation   total 10944K, used 5367K [0x792a0000, 0x79d50000, 0x8e800000)
   the space 10944K,  49% used [0x792a0000, 0x797ddd88, 0x797dde00, 0x79d50000)
 compacting perm gen  total 12288K, used 6578K [0x8e800000, 0x8f400000, 0x92800000)
   the space 12288K,  53% used [0x8e800000, 0x8ee6cb38, 0x8ee6cc00, 0x8f400000)
    ro space 10240K,  59% used [0x92800000, 0x92dfe3d8, 0x92dfe400, 0x93200000)
    rw space 12288K,  59% used [0x93200000, 0x9391c2b0, 0x9391c400, 0x93e00000)
Event: 61.352 GC heap after
Heap after GC invocations=179 (full 1):
 def new generation   total 4992K, used 428K [0x6e800000, 0x6ed60000, 0x792a0000)
  eden space 4480K,   0% used [0x6e800000, 0x6e800000, 0x6ec60000)
  from space 512K,  83% used [0x6ec60000, 0x6eccb3c8, 0x6ece0000)
  to   space 512K,   0% used [0x6ece0000, 0x6ece0000, 0x6ed60000)
 tenured generation   total 10944K, used 5544K [0x792a0000, 0x79d50000, 0x8e800000)
   the space 10944K,  50% used [0x792a0000, 0x7980a2c8, 0x7980a400, 0x79d50000)
 compacting perm gen  total 12288K, used 6578K [0x8e800000, 0x8f400000, 0x92800000)
   the space 12288K,  53% used [0x8e800000, 0x8ee6cb38, 0x8ee6cc00, 0x8f400000)
    ro space 10240K,  59% used [0x92800000, 0x92dfe3d8, 0x92dfe400, 0x93200000)
    rw space 12288K,  59% used [0x93200000, 0x9391c2b0, 0x9391c400, 0x93e00000)
}
Event: 61.444 GC heap before
{Heap before GC invocations=179 (full 1):
 def new generation   total 4992K, used 4908K [0x6e800000, 0x6ed60000, 0x792a0000)
  eden space 4480K, 100% used [0x6e800000, 0x6ec60000, 0x6ec60000)
  from space 512K,  83% used [0x6ec60000, 0x6eccb3c8, 0x6ece0000)
  to   space 512K,   0% used [0x6ece0000, 0x6ece0000, 0x6ed60000)
 tenured generation   total 10944K, used 5544K [0x792a0000, 0x79d50000, 0x8e800000)
   the space 10944K,  50% used [0x792a0000, 0x7980a2c8, 0x7980a400, 0x79d50000)
 compacting perm gen  total 12288K, used 6579K [0x8e800000, 0x8f400000, 0x92800000)
   the space 12288K,  53% used [0x8e800000, 0x8ee6cc08, 0x8ee6ce00, 0x8f400000)
    ro space 10240K,  59% used [0x92800000, 0x92dfe3d8, 0x92dfe400, 0x93200000)
    rw space 12288K,  59% used [0x93200000, 0x9391c2b0, 0x9391c400, 0x93e00000)
Event: 61.445 GC heap after
Heap after GC invocations=180 (full 1):
 def new generation   total 4992K, used 60K [0x6e800000, 0x6ed60000, 0x792a0000)
  eden space 4480K,   0% used [0x6e800000, 0x6e800000, 0x6ec60000)
  from space 512K,  11% used [0x6ece0000, 0x6ecef370, 0x6ed60000)
  to   space 512K,   0% used [0x6ec60000, 0x6ec60000, 0x6ece0000)
 tenured generation   total 10944K, used 5934K [0x792a0000, 0x79d50000, 0x8e800000)
   the space 10944K,  54% used [0x792a0000, 0x7986b810, 0x7986ba00, 0x79d50000)
 compacting perm gen  total 12288K, used 6579K [0x8e800000, 0x8f400000, 0x92800000)
   the space 12288K,  53% used [0x8e800000, 0x8ee6cc08, 0x8ee6ce00, 0x8f400000)
    ro space 10240K,  59% used [0x92800000, 0x92dfe3d8, 0x92dfe400, 0x93200000)
    rw space 12288K,  59% used [0x93200000, 0x9391c2b0, 0x9391c400, 0x93e00000)
}

