# JRE version: OpenJDK Runtime Environment (7.0_111-b01) (build 1.7.0_111-b01)
# Java VM: OpenJDK Client VM (24.111-b01 mixed mode, sharing linux-x86 )
Heap
 def new generation   total 5120K, used 4019K [0x6e800000, 0x6ed80000, 0x792a0000)
  eden space 4608K,  79% used [0x6e800000, 0x6eb96f70, 0x6ec80000)
  from space 512K,  67% used [0x6ed00000, 0x6ed55fb0, 0x6ed80000)
  to   space 512K,   0% used [0x6ec80000, 0x6ec80000, 0x6ed00000)
 tenured generation   total 10752K, used 7457K [0x792a0000, 0x79d20000, 0x8e800000)
   the space 10752K,  69% used [0x792a0000, 0x799e8518, 0x799e8600, 0x79d20000)
 compacting perm gen  total 12288K, used 6964K [0x8e800000, 0x8f400000, 0x92800000)
   the space 12288K,  56% used [0x8e800000, 0x8eecd0b8, 0x8eecd200, 0x8f400000)
    ro space 10240K,  59% used [0x92800000, 0x92dfe3d8, 0x92dfe400, 0x93200000)
    rw space 12288K,  59% used [0x93200000, 0x9391c2b0, 0x9391c400, 0x93e00000)
GC Heap History (10 events):
Event: 1500.840 GC heap before
{Heap before GC invocations=3240 (full 20):
 def new generation   total 5120K, used 4619K [0x6e800000, 0x6ed80000, 0x792a0000)
  eden space 4608K, 100% used [0x6e800000, 0x6ec80000, 0x6ec80000)
  from space 512K,   2% used [0x6ec80000, 0x6ec82df8, 0x6ed00000)
  to   space 512K,   0% used [0x6ed00000, 0x6ed00000, 0x6ed80000)
 tenured generation   total 10752K, used 6702K [0x792a0000, 0x79d20000, 0x8e800000)
   the space 10752K,  62% used [0x792a0000, 0x7992ba00, 0x7992ba00, 0x79d20000)
 compacting perm gen  total 12288K, used 6964K [0x8e800000, 0x8f400000, 0x92800000)
   the space 12288K,  56% used [0x8e800000, 0x8eecd0b8, 0x8eecd200, 0x8f400000)
    ro space 10240K,  59% used [0x92800000, 0x92dfe3d8, 0x92dfe400, 0x93200000)
    rw space 12288K,  59% used [0x93200000, 0x9391c2b0, 0x9391c400, 0x93e00000)
Event: 1500.840 GC heap after
Heap after GC invocations=3241 (full 20):
 def new generation   total 5120K, used 132K [0x6e800000, 0x6ed80000, 0x792a0000)
  eden space 4608K,   0% used [0x6e800000, 0x6e800000, 0x6ec80000)
  from space 512K,  25% used [0x6ed00000, 0x6ed21128, 0x6ed80000)
  to   space 512K,   0% used [0x6ec80000, 0x6ec80000, 0x6ed00000)
 tenured generation   total 10752K, used 6702K [0x792a0000, 0x79d20000, 0x8e800000)
   the space 10752K,  62% used [0x792a0000, 0x7992baf0, 0x7992bc00, 0x79d20000)
 compacting perm gen  total 12288K, used 6964K [0x8e800000, 0x8f400000, 0x92800000)
   the space 12288K,  56% used [0x8e800000, 0x8eecd0b8, 0x8eecd200, 0x8f400000)
    ro space 10240K,  59% used [0x92800000, 0x92dfe3d8, 0x92dfe400, 0x93200000)
    rw space 12288K,  59% used [0x93200000, 0x9391c2b0, 0x9391c400, 0x93e00000)
}
Event: 1500.883 GC heap before
{Heap before GC invocations=3241 (full 20):
 def new generation   total 5120K, used 4740K [0x6e800000, 0x6ed80000, 0x792a0000)
  eden space 4608K, 100% used [0x6e800000, 0x6ec80000, 0x6ec80000)
  from space 512K,  25% used [0x6ed00000, 0x6ed21128, 0x6ed80000)
  to   space 512K,   0% used [0x6ec80000, 0x6ec80000, 0x6ed00000)
 tenured generation   total 10752K, used 6702K [0x792a0000, 0x79d20000, 0x8e800000)
   the space 10752K,  62% used [0x792a0000, 0x7992baf0, 0x7992bc00, 0x79d20000)
 compacting perm gen  total 12288K, used 6964K [0x8e800000, 0x8f400000, 0x92800000)
   the space 12288K,  56% used [0x8e800000, 0x8eecd0b8, 0x8eecd200, 0x8f400000)
    ro space 10240K,  59% used [0x92800000, 0x92dfe3d8, 0x92dfe400, 0x93200000)
    rw space 12288K,  59% used [0x93200000, 0x9391c2b0, 0x9391c400, 0x93e00000)
Event: 1500.884 GC heap after
Heap after GC invocations=3242 (full 20):
 def new generation   total 5120K, used 440K [0x6e800000, 0x6ed80000, 0x792a0000)
  eden space 4608K,   0% used [0x6e800000, 0x6e800000, 0x6ec80000)
  from space 512K,  86% used [0x6ec80000, 0x6ecee210, 0x6ed00000)
  to   space 512K,   0% used [0x6ed00000, 0x6ed00000, 0x6ed80000)
 tenured generation   total 10752K, used 6702K [0x792a0000, 0x79d20000, 0x8e800000)
   the space 10752K,  62% used [0x792a0000, 0x7992bbd8, 0x7992bc00, 0x79d20000)
 compacting perm gen  total 12288K, used 6964K [0x8e800000, 0x8f400000, 0x92800000)
   the space 12288K,  56% used [0x8e800000, 0x8eecd0b8, 0x8eecd200, 0x8f400000)
    ro space 10240K,  59% used [0x92800000, 0x92dfe3d8, 0x92dfe400, 0x93200000)
    rw space 12288K,  59% used [0x93200000, 0x9391c2b0, 0x9391c400, 0x93e00000)
}
Event: 1500.930 GC heap before
{Heap before GC invocations=3242 (full 20):
 def new generation   total 5120K, used 5048K [0x6e800000, 0x6ed80000, 0x792a0000)
  eden space 4608K, 100% used [0x6e800000, 0x6ec80000, 0x6ec80000)
  from space 512K,  86% used [0x6ec80000, 0x6ecee210, 0x6ed00000)
  to   space 512K,   0% used [0x6ed00000, 0x6ed00000, 0x6ed80000)
 tenured generation   total 10752K, used 6702K [0x792a0000, 0x79d20000, 0x8e800000)
   the space 10752K,  62% used [0x792a0000, 0x7992bbd8, 0x7992bc00, 0x79d20000)
 compacting perm gen  total 12288K, used 6964K [0x8e800000, 0x8f400000, 0x92800000)
   the space 12288K,  56% used [0x8e800000, 0x8eecd0b8, 0x8eecd200, 0x8f400000)
    ro space 10240K,  59% used [0x92800000, 0x92dfe3d8, 0x92dfe400, 0x93200000)
    rw space 12288K,  59% used [0x93200000, 0x9391c2b0, 0x9391c400, 0x93e00000)
Event: 1500.931 GC heap after
Heap after GC invocations=3243 (full 20):
 def new generation   total 5120K, used 384K [0x6e800000, 0x6ed80000, 0x792a0000)
  eden space 4608K,   0% used [0x6e800000, 0x6e800000, 0x6ec80000)
  from space 512K,  75% used [0x6ed00000, 0x6ed603f8, 0x6ed80000)
  to   space 512K,   0% used [0x6ec80000, 0x6ec80000, 0x6ed00000)
 tenured generation   total 10752K, used 7094K [0x792a0000, 0x79d20000, 0x8e800000)
   the space 10752K,  65% used [0x792a0000, 0x7998db20, 0x7998dc00, 0x79d20000)
 compacting perm gen  total 12288K, used 6964K [0x8e800000, 0x8f400000, 0x92800000)
   the space 12288K,  56% used [0x8e800000, 0x8eecd0b8, 0x8eecd200, 0x8f400000)
    ro space 10240K,  59% used [0x92800000, 0x92dfe3d8, 0x92dfe400, 0x93200000)
    rw space 12288K,  59% used [0x93200000, 0x9391c2b0, 0x9391c400, 0x93e00000)
}
Event: 1501.008 GC heap before
{Heap before GC invocations=3243 (full 20):
 def new generation   total 5120K, used 4992K [0x6e800000, 0x6ed80000, 0x792a0000)
  eden space 4608K, 100% used [0x6e800000, 0x6ec80000, 0x6ec80000)
  from space 512K,  75% used [0x6ed00000, 0x6ed603f8, 0x6ed80000)
  to   space 512K,   0% used [0x6ec80000, 0x6ec80000, 0x6ed00000)
 tenured generation   total 10752K, used 7094K [0x792a0000, 0x79d20000, 0x8e800000)
   the space 10752K,  65% used [0x792a0000, 0x7998db20, 0x7998dc00, 0x79d20000)
 compacting perm gen  total 12288K, used 6964K [0x8e800000, 0x8f400000, 0x92800000)
   the space 12288K,  56% used [0x8e800000, 0x8eecd0b8, 0x8eecd200, 0x8f400000)
    ro space 10240K,  59% used [0x92800000, 0x92dfe3d8, 0x92dfe400, 0x93200000)
    rw space 12288K,  59% used [0x93200000, 0x9391c2b0, 0x9391c400, 0x93e00000)
Event: 1501.010 GC heap after
Heap after GC invocations=3244 (full 20):
 def new generation   total 5120K, used 188K [0x6e800000, 0x6ed80000, 0x792a0000)
  eden space 4608K,   0% used [0x6e800000, 0x6e800000, 0x6ec80000)
  from space 512K,  36% used [0x6ec80000, 0x6ecaf240, 0x6ed00000)
  to   space 512K,   0% used [0x6ed00000, 0x6ed00000, 0x6ed80000)
 tenured generation   total 10752K, used 7457K [0x792a0000, 0x79d20000, 0x8e800000)
   the space 10752K,  69% used [0x792a0000, 0x799e8518, 0x799e8600, 0x79d20000)
 compacting perm gen  total 12288K, used 6964K [0x8e800000, 0x8f400000, 0x92800000)
   the space 12288K,  56% used [0x8e800000, 0x8eecd0b8, 0x8eecd200, 0x8f400000)
    ro space 10240K,  59% used [0x92800000, 0x92dfe3d8, 0x92dfe400, 0x93200000)
    rw space 12288K,  59% used [0x93200000, 0x9391c2b0, 0x9391c400, 0x93e00000)
}
Event: 1501.089 GC heap before
{Heap before GC invocations=3244 (full 20):
 def new generation   total 5120K, used 4796K [0x6e800000, 0x6ed80000, 0x792a0000)
  eden space 4608K, 100% used [0x6e800000, 0x6ec80000, 0x6ec80000)
  from space 512K,  36% used [0x6ec80000, 0x6ecaf240, 0x6ed00000)
  to   space 512K,   0% used [0x6ed00000, 0x6ed00000, 0x6ed80000)
 tenured generation   total 10752K, used 7457K [0x792a0000, 0x79d20000, 0x8e800000)
   the space 10752K,  69% used [0x792a0000, 0x799e8518, 0x799e8600, 0x79d20000)
 compacting perm gen  total 12288K, used 6964K [0x8e800000, 0x8f400000, 0x92800000)
   the space 12288K,  56% used [0x8e800000, 0x8eecd0b8, 0x8eecd200, 0x8f400000)
    ro space 10240K,  59% used [0x92800000, 0x92dfe3d8, 0x92dfe400, 0x93200000)
    rw space 12288K,  59% used [0x93200000, 0x9391c2b0, 0x9391c400, 0x93e00000)
Event: 1501.090 GC heap after
Heap after GC invocations=3245 (full 20):
 def new generation   total 5120K, used 343K [0x6e800000, 0x6ed80000, 0x792a0000)
  eden space 4608K,   0% used [0x6e800000, 0x6e800000, 0x6ec80000)
  from space 512K,  67% used [0x6ed00000, 0x6ed55fb0, 0x6ed80000)
  to   space 512K,   0% used [0x6ec80000, 0x6ec80000, 0x6ed00000)
 tenured generation   total 10752K, used 7457K [0x792a0000, 0x79d20000, 0x8e800000)
   the space 10752K,  69% used [0x792a0000, 0x799e8518, 0x799e8600, 0x79d20000)
 compacting perm gen  total 12288K, used 6964K [0x8e800000, 0x8f400000, 0x92800000)
   the space 12288K,  56% used [0x8e800000, 0x8eecd0b8, 0x8eecd200, 0x8f400000)
    ro space 10240K,  59% used [0x92800000, 0x92dfe3d8, 0x92dfe400, 0x93200000)
    rw space 12288K,  59% used [0x93200000, 0x9391c2b0, 0x9391c400, 0x93e00000)
}

