# JRE version: OpenJDK Runtime Environment (7.0_111-b01) (build 1.7.0_111-b01)
# Java VM: OpenJDK Client VM (24.111-b01 mixed mode, sharing linux-x86 )
Heap
 def new generation   total 31680K, used 18643K [0x6e800000, 0x70a60000, 0x792a0000)
  eden space 28160K,  61% used [0x6e800000, 0x6f8cdaa0, 0x70380000)
  from space 3520K,  40% used [0x706f0000, 0x70857170, 0x70a60000)
  to   space 3520K,   0% used [0x70380000, 0x70380000, 0x706f0000)
 tenured generation   total 70328K, used 65395K [0x792a0000, 0x7d74e000, 0x8e800000)
   the space 70328K,  92% used [0x792a0000, 0x7d27cd90, 0x7d27ce00, 0x7d74e000)
 compacting perm gen  total 12288K, used 8606K [0x8e800000, 0x8f400000, 0x92800000)
   the space 12288K,  70% used [0x8e800000, 0x8f0679e0, 0x8f067a00, 0x8f400000)
    ro space 10240K,  59% used [0x92800000, 0x92dfe3d8, 0x92dfe400, 0x93200000)
    rw space 12288K,  59% used [0x93200000, 0x9391c2b0, 0x9391c400, 0x93e00000)
GC Heap History (10 events):
Event: 42.080 GC heap before
{Heap before GC invocations=898 (full 10):
 def new generation   total 31680K, used 28675K [0x6e800000, 0x70a60000, 0x792a0000)
  eden space 28160K, 100% used [0x6e800000, 0x70380000, 0x70380000)
  from space 3520K,  14% used [0x70380000, 0x70400e28, 0x706f0000)
  to   space 3520K,   0% used [0x706f0000, 0x706f0000, 0x70a60000)
 tenured generation   total 70328K, used 65385K [0x792a0000, 0x7d74e000, 0x8e800000)
   the space 70328K,  92% used [0x792a0000, 0x7d27a648, 0x7d27a800, 0x7d74e000)
 compacting perm gen  total 12288K, used 8604K [0x8e800000, 0x8f400000, 0x92800000)
   the space 12288K,  70% used [0x8e800000, 0x8f067120, 0x8f067200, 0x8f400000)
    ro space 10240K,  59% used [0x92800000, 0x92dfe3d8, 0x92dfe400, 0x93200000)
    rw space 12288K,  59% used [0x93200000, 0x9391c2b0, 0x9391c400, 0x93e00000)
Event: 42.080 GC heap after
Heap after GC invocations=899 (full 10):
 def new generation   total 31680K, used 515K [0x6e800000, 0x70a60000, 0x792a0000)
  eden space 28160K,   0% used [0x6e800000, 0x6e800000, 0x70380000)
  from space 3520K,  14% used [0x706f0000, 0x70770ff0, 0x70a60000)
  to   space 3520K,   0% used [0x70380000, 0x70380000, 0x706f0000)
 tenured generation   total 70328K, used 65387K [0x792a0000, 0x7d74e000, 0x8e800000)
   the space 70328K,  92% used [0x792a0000, 0x7d27ac10, 0x7d27ae00, 0x7d74e000)
 compacting perm gen  total 12288K, used 8604K [0x8e800000, 0x8f400000, 0x92800000)
   the space 12288K,  70% used [0x8e800000, 0x8f067120, 0x8f067200, 0x8f400000)
    ro space 10240K,  59% used [0x92800000, 0x92dfe3d8, 0x92dfe400, 0x93200000)
    rw space 12288K,  59% used [0x93200000, 0x9391c2b0, 0x9391c400, 0x93e00000)
}
Event: 42.104 GC heap before
{Heap before GC invocations=899 (full 10):
 def new generation   total 31680K, used 28675K [0x6e800000, 0x70a60000, 0x792a0000)
  eden space 28160K, 100% used [0x6e800000, 0x70380000, 0x70380000)
  from space 3520K,  14% used [0x706f0000, 0x70770ff0, 0x70a60000)
  to   space 3520K,   0% used [0x70380000, 0x70380000, 0x706f0000)
 tenured generation   total 70328K, used 65387K [0x792a0000, 0x7d74e000, 0x8e800000)
   the space 70328K,  92% used [0x792a0000, 0x7d27ac10, 0x7d27ae00, 0x7d74e000)
 compacting perm gen  total 12288K, used 8604K [0x8e800000, 0x8f400000, 0x92800000)
   the space 12288K,  70% used [0x8e800000, 0x8f067120, 0x8f067200, 0x8f400000)
    ro space 10240K,  59% used [0x92800000, 0x92dfe3d8, 0x92dfe400, 0x93200000)
    rw space 12288K,  59% used [0x93200000, 0x9391c2b0, 0x9391c400, 0x93e00000)
Event: 42.104 GC heap after
Heap after GC invocations=900 (full 10):
 def new generation   total 31680K, used 515K [0x6e800000, 0x70a60000, 0x792a0000)
  eden space 28160K,   0% used [0x6e800000, 0x6e800000, 0x70380000)
  from space 3520K,  14% used [0x70380000, 0x70400fa0, 0x706f0000)
  to   space 3520K,   0% used [0x706f0000, 0x706f0000, 0x70a60000)
 tenured generation   total 70328K, used 65388K [0x792a0000, 0x7d74e000, 0x8e800000)
   the space 70328K,  92% used [0x792a0000, 0x7d27b0f0, 0x7d27b200, 0x7d74e000)
 compacting perm gen  total 12288K, used 8604K [0x8e800000, 0x8f400000, 0x92800000)
   the space 12288K,  70% used [0x8e800000, 0x8f067120, 0x8f067200, 0x8f400000)
    ro space 10240K,  59% used [0x92800000, 0x92dfe3d8, 0x92dfe400, 0x93200000)
    rw space 12288K,  59% used [0x93200000, 0x9391c2b0, 0x9391c400, 0x93e00000)
}
Event: 42.158 GC heap before
{Heap before GC invocations=900 (full 10):
 def new generation   total 31680K, used 28675K [0x6e800000, 0x70a60000, 0x792a0000)
  eden space 28160K, 100% used [0x6e800000, 0x70380000, 0x70380000)
  from space 3520K,  14% used [0x70380000, 0x70400fa0, 0x706f0000)
  to   space 3520K,   0% used [0x706f0000, 0x706f0000, 0x70a60000)
 tenured generation   total 70328K, used 65388K [0x792a0000, 0x7d74e000, 0x8e800000)
   the space 70328K,  92% used [0x792a0000, 0x7d27b0f0, 0x7d27b200, 0x7d74e000)
 compacting perm gen  total 12288K, used 8604K [0x8e800000, 0x8f400000, 0x92800000)
   the space 12288K,  70% used [0x8e800000, 0x8f067120, 0x8f067200, 0x8f400000)
    ro space 10240K,  59% used [0x92800000, 0x92dfe3d8, 0x92dfe400, 0x93200000)
    rw space 12288K,  59% used [0x93200000, 0x9391c2b0, 0x9391c400, 0x93e00000)
Event: 42.159 GC heap after
Heap after GC invocations=901 (full 10):
 def new generation   total 31680K, used 517K [0x6e800000, 0x70a60000, 0x792a0000)
  eden space 28160K,   0% used [0x6e800000, 0x6e800000, 0x70380000)
  from space 3520K,  14% used [0x706f0000, 0x70771678, 0x70a60000)
  to   space 3520K,   0% used [0x70380000, 0x70380000, 0x706f0000)
 tenured generation   total 70328K, used 65390K [0x792a0000, 0x7d74e000, 0x8e800000)
   the space 70328K,  92% used [0x792a0000, 0x7d27ba38, 0x7d27bc00, 0x7d74e000)
 compacting perm gen  total 12288K, used 8604K [0x8e800000, 0x8f400000, 0x92800000)
   the space 12288K,  70% used [0x8e800000, 0x8f067120, 0x8f067200, 0x8f400000)
    ro space 10240K,  59% used [0x92800000, 0x92dfe3d8, 0x92dfe400, 0x93200000)
    rw space 12288K,  59% used [0x93200000, 0x9391c2b0, 0x9391c400, 0x93e00000)
}
Event: 42.253 GC heap before
{Heap before GC invocations=901 (full 10):
 def new generation   total 31680K, used 28677K [0x6e800000, 0x70a60000, 0x792a0000)
  eden space 28160K, 100% used [0x6e800000, 0x70380000, 0x70380000)
  from space 3520K,  14% used [0x706f0000, 0x70771678, 0x70a60000)
  to   space 3520K,   0% used [0x70380000, 0x70380000, 0x706f0000)
 tenured generation   total 70328K, used 65390K [0x792a0000, 0x7d74e000, 0x8e800000)
   the space 70328K,  92% used [0x792a0000, 0x7d27ba38, 0x7d27bc00, 0x7d74e000)
 compacting perm gen  total 12288K, used 8604K [0x8e800000, 0x8f400000, 0x92800000)
   the space 12288K,  70% used [0x8e800000, 0x8f067130, 0x8f067200, 0x8f400000)
    ro space 10240K,  59% used [0x92800000, 0x92dfe3d8, 0x92dfe400, 0x93200000)
    rw space 12288K,  59% used [0x93200000, 0x9391c2b0, 0x9391c400, 0x93e00000)
Event: 42.253 GC heap after
Heap after GC invocations=902 (full 10):
 def new generation   total 31680K, used 431K [0x6e800000, 0x70a60000, 0x792a0000)
  eden space 28160K,   0% used [0x6e800000, 0x6e800000, 0x70380000)
  from space 3520K,  12% used [0x70380000, 0x703ebfe0, 0x706f0000)
  to   space 3520K,   0% used [0x706f0000, 0x706f0000, 0x70a60000)
 tenured generation   total 70328K, used 65391K [0x792a0000, 0x7d74e000, 0x8e800000)
   the space 70328K,  92% used [0x792a0000, 0x7d27bf68, 0x7d27c000, 0x7d74e000)
 compacting perm gen  total 12288K, used 8604K [0x8e800000, 0x8f400000, 0x92800000)
   the space 12288K,  70% used [0x8e800000, 0x8f067130, 0x8f067200, 0x8f400000)
    ro space 10240K,  59% used [0x92800000, 0x92dfe3d8, 0x92dfe400, 0x93200000)
    rw space 12288K,  59% used [0x93200000, 0x9391c2b0, 0x9391c400, 0x93e00000)
}
Event: 42.507 GC heap before
{Heap before GC invocations=902 (full 10):
 def new generation   total 31680K, used 28591K [0x6e800000, 0x70a60000, 0x792a0000)
  eden space 28160K, 100% used [0x6e800000, 0x70380000, 0x70380000)
  from space 3520K,  12% used [0x70380000, 0x703ebfe0, 0x706f0000)
  to   space 3520K,   0% used [0x706f0000, 0x706f0000, 0x70a60000)
 tenured generation   total 70328K, used 65391K [0x792a0000, 0x7d74e000, 0x8e800000)
   the space 70328K,  92% used [0x792a0000, 0x7d27bf68, 0x7d27c000, 0x7d74e000)
 compacting perm gen  total 12288K, used 8604K [0x8e800000, 0x8f400000, 0x92800000)
   the space 12288K,  70% used [0x8e800000, 0x8f067200, 0x8f067200, 0x8f400000)
    ro space 10240K,  59% used [0x92800000, 0x92dfe3d8, 0x92dfe400, 0x93200000)
    rw space 12288K,  59% used [0x93200000, 0x9391c2b0, 0x9391c400, 0x93e00000)
Event: 42.509 GC heap after
Heap after GC invocations=903 (full 10):
 def new generation   total 31680K, used 1436K [0x6e800000, 0x70a60000, 0x792a0000)
  eden space 28160K,   0% used [0x6e800000, 0x6e800000, 0x70380000)
  from space 3520K,  40% used [0x706f0000, 0x70857170, 0x70a60000)
  to   space 3520K,   0% used [0x70380000, 0x70380000, 0x706f0000)
 tenured generation   total 70328K, used 65395K [0x792a0000, 0x7d74e000, 0x8e800000)
   the space 70328K,  92% used [0x792a0000, 0x7d27cd90, 0x7d27ce00, 0x7d74e000)
 compacting perm gen  total 12288K, used 8604K [0x8e800000, 0x8f400000, 0x92800000)
   the space 12288K,  70% used [0x8e800000, 0x8f067200, 0x8f067200, 0x8f400000)
    ro space 10240K,  59% used [0x92800000, 0x92dfe3d8, 0x92dfe400, 0x93200000)
    rw space 12288K,  59% used [0x93200000, 0x9391c2b0, 0x9391c400, 0x93e00000)
}

