# JRE version: OpenJDK Runtime Environment (7.0_111-b01) (build 1.7.0_111-b01)
# Java VM: OpenJDK Client VM (24.111-b01 mixed mode, sharing linux-x86 )
Heap
 def new generation   total 5120K, used 832K [0x6e800000, 0x6ed80000, 0x792a0000)
  eden space 4608K,  15% used [0x6e800000, 0x6e8b4928, 0x6ec80000)
  from space 512K,  21% used [0x6ed00000, 0x6ed1b8f8, 0x6ed80000)
  to   space 512K,   0% used [0x6ec80000, 0x6ec80000, 0x6ed00000)
 tenured generation   total 10752K, used 9881K [0x792a0000, 0x79d20000, 0x8e800000)
   the space 10752K,  91% used [0x792a0000, 0x79c46658, 0x79c46800, 0x79d20000)
 compacting perm gen  total 12288K, used 6990K [0x8e800000, 0x8f400000, 0x92800000)
   the space 12288K,  56% used [0x8e800000, 0x8eed3a40, 0x8eed3c00, 0x8f400000)
    ro space 10240K,  59% used [0x92800000, 0x92dfe3d8, 0x92dfe400, 0x93200000)
    rw space 12288K,  59% used [0x93200000, 0x9391c2b0, 0x9391c400, 0x93e00000)
GC Heap History (10 events):
Event: 19277.031 GC heap before
{Heap before GC invocations=3650 (full 23):
 def new generation   total 5120K, used 4645K [0x6e800000, 0x6ed80000, 0x792a0000)
  eden space 4608K, 100% used [0x6e800000, 0x6ec80000, 0x6ec80000)
  from space 512K,   7% used [0x6ec80000, 0x6ec89418, 0x6ed00000)
  to   space 512K,   0% used [0x6ed00000, 0x6ed00000, 0x6ed80000)
 tenured generation   total 10752K, used 9753K [0x792a0000, 0x79d20000, 0x8e800000)
   the space 10752K,  90% used [0x792a0000, 0x79c26638, 0x79c26800, 0x79d20000)
 compacting perm gen  total 12288K, used 6990K [0x8e800000, 0x8f400000, 0x92800000)
   the space 12288K,  56% used [0x8e800000, 0x8eed3a40, 0x8eed3c00, 0x8f400000)
    ro space 10240K,  59% used [0x92800000, 0x92dfe3d8, 0x92dfe400, 0x93200000)
    rw space 12288K,  59% used [0x93200000, 0x9391c2b0, 0x9391c400, 0x93e00000)
Event: 19277.032 GC heap after
Heap after GC invocations=3651 (full 23):
 def new generation   total 5120K, used 37K [0x6e800000, 0x6ed80000, 0x792a0000)
  eden space 4608K,   0% used [0x6e800000, 0x6e800000, 0x6ec80000)
  from space 512K,   7% used [0x6ed00000, 0x6ed09428, 0x6ed80000)
  to   space 512K,   0% used [0x6ec80000, 0x6ec80000, 0x6ed00000)
 tenured generation   total 10752K, used 9753K [0x792a0000, 0x79d20000, 0x8e800000)
   the space 10752K,  90% used [0x792a0000, 0x79c26638, 0x79c26800, 0x79d20000)
 compacting perm gen  total 12288K, used 6990K [0x8e800000, 0x8f400000, 0x92800000)
   the space 12288K,  56% used [0x8e800000, 0x8eed3a40, 0x8eed3c00, 0x8f400000)
    ro space 10240K,  59% used [0x92800000, 0x92dfe3d8, 0x92dfe400, 0x93200000)
    rw space 12288K,  59% used [0x93200000, 0x9391c2b0, 0x9391c400, 0x93e00000)
}
Event: 19905.873 GC heap before
{Heap before GC invocations=3651 (full 23):
 def new generation   total 5120K, used 4645K [0x6e800000, 0x6ed80000, 0x792a0000)
  eden space 4608K, 100% used [0x6e800000, 0x6ec80000, 0x6ec80000)
  from space 512K,   7% used [0x6ed00000, 0x6ed09428, 0x6ed80000)
  to   space 512K,   0% used [0x6ec80000, 0x6ec80000, 0x6ed00000)
 tenured generation   total 10752K, used 9753K [0x792a0000, 0x79d20000, 0x8e800000)
   the space 10752K,  90% used [0x792a0000, 0x79c26638, 0x79c26800, 0x79d20000)
 compacting perm gen  total 12288K, used 6990K [0x8e800000, 0x8f400000, 0x92800000)
   the space 12288K,  56% used [0x8e800000, 0x8eed3a40, 0x8eed3c00, 0x8f400000)
    ro space 10240K,  59% used [0x92800000, 0x92dfe3d8, 0x92dfe400, 0x93200000)
    rw space 12288K,  59% used [0x93200000, 0x9391c2b0, 0x9391c400, 0x93e00000)
Event: 19905.874 GC heap after
Heap after GC invocations=3652 (full 23):
 def new generation   total 5120K, used 37K [0x6e800000, 0x6ed80000, 0x792a0000)
  eden space 4608K,   0% used [0x6e800000, 0x6e800000, 0x6ec80000)
  from space 512K,   7% used [0x6ec80000, 0x6ec89478, 0x6ed00000)
  to   space 512K,   0% used [0x6ed00000, 0x6ed00000, 0x6ed80000)
 tenured generation   total 10752K, used 9753K [0x792a0000, 0x79d20000, 0x8e800000)
   the space 10752K,  90% used [0x792a0000, 0x79c26638, 0x79c26800, 0x79d20000)
 compacting perm gen  total 12288K, used 6990K [0x8e800000, 0x8f400000, 0x92800000)
   the space 12288K,  56% used [0x8e800000, 0x8eed3a40, 0x8eed3c00, 0x8f400000)
    ro space 10240K,  59% used [0x92800000, 0x92dfe3d8, 0x92dfe400, 0x93200000)
    rw space 12288K,  59% used [0x93200000, 0x9391c2b0, 0x9391c400, 0x93e00000)
}
Event: 19940.670 GC heap before
{Heap before GC invocations=3652 (full 23):
 def new generation   total 5120K, used 4645K [0x6e800000, 0x6ed80000, 0x792a0000)
  eden space 4608K, 100% used [0x6e800000, 0x6ec80000, 0x6ec80000)
  from space 512K,   7% used [0x6ec80000, 0x6ec89478, 0x6ed00000)
  to   space 512K,   0% used [0x6ed00000, 0x6ed00000, 0x6ed80000)
 tenured generation   total 10752K, used 9753K [0x792a0000, 0x79d20000, 0x8e800000)
   the space 10752K,  90% used [0x792a0000, 0x79c26638, 0x79c26800, 0x79d20000)
 compacting perm gen  total 12288K, used 6990K [0x8e800000, 0x8f400000, 0x92800000)
   the space 12288K,  56% used [0x8e800000, 0x8eed3a40, 0x8eed3c00, 0x8f400000)
    ro space 10240K,  59% used [0x92800000, 0x92dfe3d8, 0x92dfe400, 0x93200000)
    rw space 12288K,  59% used [0x93200000, 0x9391c2b0, 0x9391c400, 0x93e00000)
Event: 19940.671 GC heap after
Heap after GC invocations=3653 (full 23):
 def new generation   total 5120K, used 272K [0x6e800000, 0x6ed80000, 0x792a0000)
  eden space 4608K,   0% used [0x6e800000, 0x6e800000, 0x6ec80000)
  from space 512K,  53% used [0x6ed00000, 0x6ed44320, 0x6ed80000)
  to   space 512K,   0% used [0x6ec80000, 0x6ec80000, 0x6ed00000)
 tenured generation   total 10752K, used 9753K [0x792a0000, 0x79d20000, 0x8e800000)
   the space 10752K,  90% used [0x792a0000, 0x79c26638, 0x79c26800, 0x79d20000)
 compacting perm gen  total 12288K, used 6990K [0x8e800000, 0x8f400000, 0x92800000)
   the space 12288K,  56% used [0x8e800000, 0x8eed3a40, 0x8eed3c00, 0x8f400000)
    ro space 10240K,  59% used [0x92800000, 0x92dfe3d8, 0x92dfe400, 0x93200000)
    rw space 12288K,  59% used [0x93200000, 0x9391c2b0, 0x9391c400, 0x93e00000)
}
Event: 19941.611 GC heap before
{Heap before GC invocations=3653 (full 23):
 def new generation   total 5120K, used 4880K [0x6e800000, 0x6ed80000, 0x792a0000)
  eden space 4608K, 100% used [0x6e800000, 0x6ec80000, 0x6ec80000)
  from space 512K,  53% used [0x6ed00000, 0x6ed44320, 0x6ed80000)
  to   space 512K,   0% used [0x6ec80000, 0x6ec80000, 0x6ed00000)
 tenured generation   total 10752K, used 9753K [0x792a0000, 0x79d20000, 0x8e800000)
   the space 10752K,  90% used [0x792a0000, 0x79c26638, 0x79c26800, 0x79d20000)
 compacting perm gen  total 12288K, used 6990K [0x8e800000, 0x8f400000, 0x92800000)
   the space 12288K,  56% used [0x8e800000, 0x8eed3a40, 0x8eed3c00, 0x8f400000)
    ro space 10240K,  59% used [0x92800000, 0x92dfe3d8, 0x92dfe400, 0x93200000)
    rw space 12288K,  59% used [0x93200000, 0x9391c2b0, 0x9391c400, 0x93e00000)
Event: 19941.612 GC heap after
Heap after GC invocations=3654 (full 23):
 def new generation   total 5120K, used 69K [0x6e800000, 0x6ed80000, 0x792a0000)
  eden space 4608K,   0% used [0x6e800000, 0x6e800000, 0x6ec80000)
  from space 512K,  13% used [0x6ec80000, 0x6ec914e0, 0x6ed00000)
  to   space 512K,   0% used [0x6ed00000, 0x6ed00000, 0x6ed80000)
 tenured generation   total 10752K, used 9881K [0x792a0000, 0x79d20000, 0x8e800000)
   the space 10752K,  91% used [0x792a0000, 0x79c46658, 0x79c46800, 0x79d20000)
 compacting perm gen  total 12288K, used 6990K [0x8e800000, 0x8f400000, 0x92800000)
   the space 12288K,  56% used [0x8e800000, 0x8eed3a40, 0x8eed3c00, 0x8f400000)
    ro space 10240K,  59% used [0x92800000, 0x92dfe3d8, 0x92dfe400, 0x93200000)
    rw space 12288K,  59% used [0x93200000, 0x9391c2b0, 0x9391c400, 0x93e00000)
}
Event: 19942.933 GC heap before
{Heap before GC invocations=3654 (full 23):
 def new generation   total 5120K, used 4677K [0x6e800000, 0x6ed80000, 0x792a0000)
  eden space 4608K, 100% used [0x6e800000, 0x6ec80000, 0x6ec80000)
  from space 512K,  13% used [0x6ec80000, 0x6ec914e0, 0x6ed00000)
  to   space 512K,   0% used [0x6ed00000, 0x6ed00000, 0x6ed80000)
 tenured generation   total 10752K, used 9881K [0x792a0000, 0x79d20000, 0x8e800000)
   the space 10752K,  91% used [0x792a0000, 0x79c46658, 0x79c46800, 0x79d20000)
 compacting perm gen  total 12288K, used 6990K [0x8e800000, 0x8f400000, 0x92800000)
   the space 12288K,  56% used [0x8e800000, 0x8eed3a40, 0x8eed3c00, 0x8f400000)
    ro space 10240K,  59% used [0x92800000, 0x92dfe3d8, 0x92dfe400, 0x93200000)
    rw space 12288K,  59% used [0x93200000, 0x9391c2b0, 0x9391c400, 0x93e00000)
Event: 19942.934 GC heap after
Heap after GC invocations=3655 (full 23):
 def new generation   total 5120K, used 110K [0x6e800000, 0x6ed80000, 0x792a0000)
  eden space 4608K,   0% used [0x6e800000, 0x6e800000, 0x6ec80000)
  from space 512K,  21% used [0x6ed00000, 0x6ed1b8f8, 0x6ed80000)
  to   space 512K,   0% used [0x6ec80000, 0x6ec80000, 0x6ed00000)
 tenured generation   total 10752K, used 9881K [0x792a0000, 0x79d20000, 0x8e800000)
   the space 10752K,  91% used [0x792a0000, 0x79c46658, 0x79c46800, 0x79d20000)
 compacting perm gen  total 12288K, used 6990K [0x8e800000, 0x8f400000, 0x92800000)
   the space 12288K,  56% used [0x8e800000, 0x8eed3a40, 0x8eed3c00, 0x8f400000)
    ro space 10240K,  59% used [0x92800000, 0x92dfe3d8, 0x92dfe400, 0x93200000)
    rw space 12288K,  59% used [0x93200000, 0x9391c2b0, 0x9391c400, 0x93e00000)
}

