# JRE version: OpenJDK Runtime Environment (7.0_111-b01) (build 1.7.0_111-b01)
# Java VM: OpenJDK Client VM (24.111-b01 mixed mode, sharing linux-x86 )
Heap
 def new generation   total 5184K, used 2275K [0x6e800000, 0x6eda0000, 0x792a0000)
  eden space 4608K,  43% used [0x6e800000, 0x6e9f76e8, 0x6ec80000)
  from space 576K,  45% used [0x6ed10000, 0x6ed51758, 0x6eda0000)
  to   space 576K,   0% used [0x6ec80000, 0x6ec80000, 0x6ed10000)
 tenured generation   total 10940K, used 7885K [0x792a0000, 0x79d4f000, 0x8e800000)
   the space 10940K,  72% used [0x792a0000, 0x79a53500, 0x79a53600, 0x79d4f000)
 compacting perm gen  total 12288K, used 7027K [0x8e800000, 0x8f400000, 0x92800000)
   the space 12288K,  57% used [0x8e800000, 0x8eedcc20, 0x8eedce00, 0x8f400000)
    ro space 10240K,  59% used [0x92800000, 0x92dfe3d8, 0x92dfe400, 0x93200000)
    rw space 12288K,  59% used [0x93200000, 0x9391c2b0, 0x9391c400, 0x93e00000)
GC Heap History (10 events):
Event: 5375.399 GC heap before
{Heap before GC invocations=4374 (full 28):
 def new generation   total 5184K, used 4621K [0x6e800000, 0x6eda0000, 0x792a0000)
  eden space 4608K, 100% used [0x6e800000, 0x6ec80000, 0x6ec80000)
  from space 576K,   2% used [0x6ec80000, 0x6ec837e0, 0x6ed10000)
  to   space 576K,   0% used [0x6ed10000, 0x6ed10000, 0x6eda0000)
 tenured generation   total 10940K, used 7162K [0x792a0000, 0x79d4f000, 0x8e800000)
   the space 10940K,  65% used [0x792a0000, 0x7999e978, 0x7999ea00, 0x79d4f000)
 compacting perm gen  total 12288K, used 7026K [0x8e800000, 0x8f400000, 0x92800000)
   the space 12288K,  57% used [0x8e800000, 0x8eedcbe0, 0x8eedcc00, 0x8f400000)
    ro space 10240K,  59% used [0x92800000, 0x92dfe3d8, 0x92dfe400, 0x93200000)
    rw space 12288K,  59% used [0x93200000, 0x9391c2b0, 0x9391c400, 0x93e00000)
Event: 5375.400 GC heap after
Heap after GC invocations=4375 (full 28):
 def new generation   total 5184K, used 96K [0x6e800000, 0x6eda0000, 0x792a0000)
  eden space 4608K,   0% used [0x6e800000, 0x6e800000, 0x6ec80000)
  from space 576K,  16% used [0x6ed10000, 0x6ed281c0, 0x6eda0000)
  to   space 576K,   0% used [0x6ec80000, 0x6ec80000, 0x6ed10000)
 tenured generation   total 10940K, used 7162K [0x792a0000, 0x79d4f000, 0x8e800000)
   the space 10940K,  65% used [0x792a0000, 0x7999ea68, 0x7999ec00, 0x79d4f000)
 compacting perm gen  total 12288K, used 7026K [0x8e800000, 0x8f400000, 0x92800000)
   the space 12288K,  57% used [0x8e800000, 0x8eedcbe0, 0x8eedcc00, 0x8f400000)
    ro space 10240K,  59% used [0x92800000, 0x92dfe3d8, 0x92dfe400, 0x93200000)
    rw space 12288K,  59% used [0x93200000, 0x9391c2b0, 0x9391c400, 0x93e00000)
}
Event: 5375.436 GC heap before
{Heap before GC invocations=4375 (full 28):
 def new generation   total 5184K, used 4704K [0x6e800000, 0x6eda0000, 0x792a0000)
  eden space 4608K, 100% used [0x6e800000, 0x6ec80000, 0x6ec80000)
  from space 576K,  16% used [0x6ed10000, 0x6ed281c0, 0x6eda0000)
  to   space 576K,   0% used [0x6ec80000, 0x6ec80000, 0x6ed10000)
 tenured generation   total 10940K, used 7162K [0x792a0000, 0x79d4f000, 0x8e800000)
   the space 10940K,  65% used [0x792a0000, 0x7999ea68, 0x7999ec00, 0x79d4f000)
 compacting perm gen  total 12288K, used 7027K [0x8e800000, 0x8f400000, 0x92800000)
   the space 12288K,  57% used [0x8e800000, 0x8eedcc10, 0x8eedce00, 0x8f400000)
    ro space 10240K,  59% used [0x92800000, 0x92dfe3d8, 0x92dfe400, 0x93200000)
    rw space 12288K,  59% used [0x93200000, 0x9391c2b0, 0x9391c400, 0x93e00000)
Event: 5375.438 GC heap after
Heap after GC invocations=4376 (full 28):
 def new generation   total 5184K, used 548K [0x6e800000, 0x6eda0000, 0x792a0000)
  eden space 4608K,   0% used [0x6e800000, 0x6e800000, 0x6ec80000)
  from space 576K,  95% used [0x6ec80000, 0x6ed09030, 0x6ed10000)
  to   space 576K,   0% used [0x6ed10000, 0x6ed10000, 0x6eda0000)
 tenured generation   total 10940K, used 7162K [0x792a0000, 0x79d4f000, 0x8e800000)
   the space 10940K,  65% used [0x792a0000, 0x7999eb50, 0x7999ec00, 0x79d4f000)
 compacting perm gen  total 12288K, used 7027K [0x8e800000, 0x8f400000, 0x92800000)
   the space 12288K,  57% used [0x8e800000, 0x8eedcc10, 0x8eedce00, 0x8f400000)
    ro space 10240K,  59% used [0x92800000, 0x92dfe3d8, 0x92dfe400, 0x93200000)
    rw space 12288K,  59% used [0x93200000, 0x9391c2b0, 0x9391c400, 0x93e00000)
}
Event: 5375.507 GC heap before
{Heap before GC invocations=4376 (full 28):
 def new generation   total 5184K, used 5156K [0x6e800000, 0x6eda0000, 0x792a0000)
  eden space 4608K, 100% used [0x6e800000, 0x6ec80000, 0x6ec80000)
  from space 576K,  95% used [0x6ec80000, 0x6ed09030, 0x6ed10000)
  to   space 576K,   0% used [0x6ed10000, 0x6ed10000, 0x6eda0000)
 tenured generation   total 10940K, used 7162K [0x792a0000, 0x79d4f000, 0x8e800000)
   the space 10940K,  65% used [0x792a0000, 0x7999eb50, 0x7999ec00, 0x79d4f000)
 compacting perm gen  total 12288K, used 7027K [0x8e800000, 0x8f400000, 0x92800000)
   the space 12288K,  57% used [0x8e800000, 0x8eedcc10, 0x8eedce00, 0x8f400000)
    ro space 10240K,  59% used [0x92800000, 0x92dfe3d8, 0x92dfe400, 0x93200000)
    rw space 12288K,  59% used [0x93200000, 0x9391c2b0, 0x9391c400, 0x93e00000)
Event: 5375.509 GC heap after
Heap after GC invocations=4377 (full 28):
 def new generation   total 5184K, used 329K [0x6e800000, 0x6eda0000, 0x792a0000)
  eden space 4608K,   0% used [0x6e800000, 0x6e800000, 0x6ec80000)
  from space 576K,  57% used [0x6ed10000, 0x6ed62550, 0x6eda0000)
  to   space 576K,   0% used [0x6ec80000, 0x6ec80000, 0x6ed10000)
 tenured generation   total 10940K, used 7648K [0x792a0000, 0x79d4f000, 0x8e800000)
   the space 10940K,  69% used [0x792a0000, 0x79a18058, 0x79a18200, 0x79d4f000)
 compacting perm gen  total 12288K, used 7027K [0x8e800000, 0x8f400000, 0x92800000)
   the space 12288K,  57% used [0x8e800000, 0x8eedcc10, 0x8eedce00, 0x8f400000)
    ro space 10240K,  59% used [0x92800000, 0x92dfe3d8, 0x92dfe400, 0x93200000)
    rw space 12288K,  59% used [0x93200000, 0x9391c2b0, 0x9391c400, 0x93e00000)
}
Event: 5375.578 GC heap before
{Heap before GC invocations=4377 (full 28):
 def new generation   total 5184K, used 4937K [0x6e800000, 0x6eda0000, 0x792a0000)
  eden space 4608K, 100% used [0x6e800000, 0x6ec80000, 0x6ec80000)
  from space 576K,  57% used [0x6ed10000, 0x6ed62550, 0x6eda0000)
  to   space 576K,   0% used [0x6ec80000, 0x6ec80000, 0x6ed10000)
 tenured generation   total 10940K, used 7648K [0x792a0000, 0x79d4f000, 0x8e800000)
   the space 10940K,  69% used [0x792a0000, 0x79a18058, 0x79a18200, 0x79d4f000)
 compacting perm gen  total 12288K, used 7027K [0x8e800000, 0x8f400000, 0x92800000)
   the space 12288K,  57% used [0x8e800000, 0x8eedcc10, 0x8eedce00, 0x8f400000)
    ro space 10240K,  59% used [0x92800000, 0x92dfe3d8, 0x92dfe400, 0x93200000)
    rw space 12288K,  59% used [0x93200000, 0x9391c2b0, 0x9391c400, 0x93e00000)
Event: 5375.579 GC heap after
Heap after GC invocations=4378 (full 28):
 def new generation   total 5184K, used 179K [0x6e800000, 0x6eda0000, 0x792a0000)
  eden space 4608K,   0% used [0x6e800000, 0x6e800000, 0x6ec80000)
  from space 576K,  31% used [0x6ec80000, 0x6ecace50, 0x6ed10000)
  to   space 576K,   0% used [0x6ed10000, 0x6ed10000, 0x6eda0000)
 tenured generation   total 10940K, used 7885K [0x792a0000, 0x79d4f000, 0x8e800000)
   the space 10940K,  72% used [0x792a0000, 0x79a53500, 0x79a53600, 0x79d4f000)
 compacting perm gen  total 12288K, used 7027K [0x8e800000, 0x8f400000, 0x92800000)
   the space 12288K,  57% used [0x8e800000, 0x8eedcc10, 0x8eedce00, 0x8f400000)
    ro space 10240K,  59% used [0x92800000, 0x92dfe3d8, 0x92dfe400, 0x93200000)
    rw space 12288K,  59% used [0x93200000, 0x9391c2b0, 0x9391c400, 0x93e00000)
}
Event: 5375.669 GC heap before
{Heap before GC invocations=4378 (full 28):
 def new generation   total 5184K, used 4787K [0x6e800000, 0x6eda0000, 0x792a0000)
  eden space 4608K, 100% used [0x6e800000, 0x6ec80000, 0x6ec80000)
  from space 576K,  31% used [0x6ec80000, 0x6ecace50, 0x6ed10000)
  to   space 576K,   0% used [0x6ed10000, 0x6ed10000, 0x6eda0000)
 tenured generation   total 10940K, used 7885K [0x792a0000, 0x79d4f000, 0x8e800000)
   the space 10940K,  72% used [0x792a0000, 0x79a53500, 0x79a53600, 0x79d4f000)
 compacting perm gen  total 12288K, used 7027K [0x8e800000, 0x8f400000, 0x92800000)
   the space 12288K,  57% used [0x8e800000, 0x8eedcc20, 0x8eedce00, 0x8f400000)
    ro space 10240K,  59% used [0x92800000, 0x92dfe3d8, 0x92dfe400, 0x93200000)
    rw space 12288K,  59% used [0x93200000, 0x9391c2b0, 0x9391c400, 0x93e00000)
Event: 5375.670 GC heap after
Heap after GC invocations=4379 (full 28):
 def new generation   total 5184K, used 261K [0x6e800000, 0x6eda0000, 0x792a0000)
  eden space 4608K,   0% used [0x6e800000, 0x6e800000, 0x6ec80000)
  from space 576K,  45% used [0x6ed10000, 0x6ed51758, 0x6eda0000)
  to   space 576K,   0% used [0x6ec80000, 0x6ec80000, 0x6ed10000)
 tenured generation   total 10940K, used 7885K [0x792a0000, 0x79d4f000, 0x8e800000)
   the space 10940K,  72% used [0x792a0000, 0x79a53500, 0x79a53600, 0x79d4f000)
 compacting perm gen  total 12288K, used 7027K [0x8e800000, 0x8f400000, 0x92800000)
   the space 12288K,  57% used [0x8e800000, 0x8eedcc20, 0x8eedce00, 0x8f400000)
    ro space 10240K,  59% used [0x92800000, 0x92dfe3d8, 0x92dfe400, 0x93200000)
    rw space 12288K,  59% used [0x93200000, 0x9391c2b0, 0x9391c400, 0x93e00000)
}

