# JRE version: OpenJDK Runtime Environment (7.0_121) (build 1.7.0_121-b00)
# Java VM: OpenJDK Client VM (24.121-b00 mixed mode, sharing linux-x86 )
Heap
 def new generation   total 4928K, used 4771K [0x6e800000, 0x6ed50000, 0x792a0000)
  eden space 4416K,  97% used [0x6e800000, 0x6ec31580, 0x6ec50000)
  from space 512K,  93% used [0x6ecd0000, 0x6ed47a08, 0x6ed50000)
  to   space 512K,   0% used [0x6ec50000, 0x6ec50000, 0x6ecd0000)
 tenured generation   total 10944K, used 6225K [0x792a0000, 0x79d50000, 0x8e800000)
   the space 10944K,  56% used [0x792a0000, 0x798b4730, 0x798b4800, 0x79d50000)
 compacting perm gen  total 12288K, used 6912K [0x8e800000, 0x8f400000, 0x92800000)
   the space 12288K,  56% used [0x8e800000, 0x8eec00c0, 0x8eec0200, 0x8f400000)
    ro space 10240K,  60% used [0x92800000, 0x92e00d38, 0x92e00e00, 0x93200000)
    rw space 12288K,  59% used [0x93200000, 0x9391e858, 0x9391ea00, 0x93e00000)
GC Heap History (10 events):
Event: 18.172 GC heap before
{Heap before GC invocations=88 (full 0):
 def new generation   total 4928K, used 4424K [0x6e800000, 0x6ed50000, 0x792a0000)
  eden space 4416K, 100% used [0x6e800000, 0x6ec50000, 0x6ec50000)
  from space 512K,   1% used [0x6ec50000, 0x6ec52348, 0x6ecd0000)
  to   space 512K,   0% used [0x6ecd0000, 0x6ecd0000, 0x6ed50000)
 tenured generation   total 10944K, used 6224K [0x792a0000, 0x79d50000, 0x8e800000)
   the space 10944K,  56% used [0x792a0000, 0x798b4368, 0x798b4400, 0x79d50000)
 compacting perm gen  total 12288K, used 6770K [0x8e800000, 0x8f400000, 0x92800000)
   the space 12288K,  55% used [0x8e800000, 0x8ee9cb48, 0x8ee9cc00, 0x8f400000)
    ro space 10240K,  60% used [0x92800000, 0x92e00d38, 0x92e00e00, 0x93200000)
    rw space 12288K,  59% used [0x93200000, 0x9391e858, 0x9391ea00, 0x93e00000)
Event: 18.172 GC heap after
Heap after GC invocations=89 (full 0):
 def new generation   total 4928K, used 10K [0x6e800000, 0x6ed50000, 0x792a0000)
  eden space 4416K,   0% used [0x6e800000, 0x6e800000, 0x6ec50000)
  from space 512K,   2% used [0x6ecd0000, 0x6ecd2938, 0x6ed50000)
  to   space 512K,   0% used [0x6ec50000, 0x6ec50000, 0x6ecd0000)
 tenured generation   total 10944K, used 6224K [0x792a0000, 0x79d50000, 0x8e800000)
   the space 10944K,  56% used [0x792a0000, 0x798b43d8, 0x798b4400, 0x79d50000)
 compacting perm gen  total 12288K, used 6770K [0x8e800000, 0x8f400000, 0x92800000)
   the space 12288K,  55% used [0x8e800000, 0x8ee9cb48, 0x8ee9cc00, 0x8f400000)
    ro space 10240K,  60% used [0x92800000, 0x92e00d38, 0x92e00e00, 0x93200000)
    rw space 12288K,  59% used [0x93200000, 0x9391e858, 0x9391ea00, 0x93e00000)
}
Event: 18.185 GC heap before
{Heap before GC invocations=89 (full 0):
 def new generation   total 4928K, used 4426K [0x6e800000, 0x6ed50000, 0x792a0000)
  eden space 4416K, 100% used [0x6e800000, 0x6ec50000, 0x6ec50000)
  from space 512K,   2% used [0x6ecd0000, 0x6ecd2938, 0x6ed50000)
  to   space 512K,   0% used [0x6ec50000, 0x6ec50000, 0x6ecd0000)
 tenured generation   total 10944K, used 6224K [0x792a0000, 0x79d50000, 0x8e800000)
   the space 10944K,  56% used [0x792a0000, 0x798b43d8, 0x798b4400, 0x79d50000)
 compacting perm gen  total 12288K, used 6770K [0x8e800000, 0x8f400000, 0x92800000)
   the space 12288K,  55% used [0x8e800000, 0x8ee9cb48, 0x8ee9cc00, 0x8f400000)
    ro space 10240K,  60% used [0x92800000, 0x92e00d38, 0x92e00e00, 0x93200000)
    rw space 12288K,  59% used [0x93200000, 0x9391e858, 0x9391ea00, 0x93e00000)
Event: 18.186 GC heap after
Heap after GC invocations=90 (full 0):
 def new generation   total 4928K, used 11K [0x6e800000, 0x6ed50000, 0x792a0000)
  eden space 4416K,   0% used [0x6e800000, 0x6e800000, 0x6ec50000)
  from space 512K,   2% used [0x6ec50000, 0x6ec52d00, 0x6ecd0000)
  to   space 512K,   0% used [0x6ecd0000, 0x6ecd0000, 0x6ed50000)
 tenured generation   total 10944K, used 6225K [0x792a0000, 0x79d50000, 0x8e800000)
   the space 10944K,  56% used [0x792a0000, 0x798b44c8, 0x798b4600, 0x79d50000)
 compacting perm gen  total 12288K, used 6770K [0x8e800000, 0x8f400000, 0x92800000)
   the space 12288K,  55% used [0x8e800000, 0x8ee9cb48, 0x8ee9cc00, 0x8f400000)
    ro space 10240K,  60% used [0x92800000, 0x92e00d38, 0x92e00e00, 0x93200000)
    rw space 12288K,  59% used [0x93200000, 0x9391e858, 0x9391ea00, 0x93e00000)
}
Event: 18.197 GC heap before
{Heap before GC invocations=90 (full 0):
 def new generation   total 4928K, used 4427K [0x6e800000, 0x6ed50000, 0x792a0000)
  eden space 4416K, 100% used [0x6e800000, 0x6ec50000, 0x6ec50000)
  from space 512K,   2% used [0x6ec50000, 0x6ec52d00, 0x6ecd0000)
  to   space 512K,   0% used [0x6ecd0000, 0x6ecd0000, 0x6ed50000)
 tenured generation   total 10944K, used 6225K [0x792a0000, 0x79d50000, 0x8e800000)
   the space 10944K,  56% used [0x792a0000, 0x798b44c8, 0x798b4600, 0x79d50000)
 compacting perm gen  total 12288K, used 6770K [0x8e800000, 0x8f400000, 0x92800000)
   the space 12288K,  55% used [0x8e800000, 0x8ee9cb48, 0x8ee9cc00, 0x8f400000)
    ro space 10240K,  60% used [0x92800000, 0x92e00d38, 0x92e00e00, 0x93200000)
    rw space 12288K,  59% used [0x93200000, 0x9391e858, 0x9391ea00, 0x93e00000)
Event: 18.198 GC heap after
Heap after GC invocations=91 (full 0):
 def new generation   total 4928K, used 12K [0x6e800000, 0x6ed50000, 0x792a0000)
  eden space 4416K,   0% used [0x6e800000, 0x6e800000, 0x6ec50000)
  from space 512K,   2% used [0x6ecd0000, 0x6ecd3268, 0x6ed50000)
  to   space 512K,   0% used [0x6ec50000, 0x6ec50000, 0x6ecd0000)
 tenured generation   total 10944K, used 6225K [0x792a0000, 0x79d50000, 0x8e800000)
   the space 10944K,  56% used [0x792a0000, 0x798b45b0, 0x798b4600, 0x79d50000)
 compacting perm gen  total 12288K, used 6770K [0x8e800000, 0x8f400000, 0x92800000)
   the space 12288K,  55% used [0x8e800000, 0x8ee9cb48, 0x8ee9cc00, 0x8f400000)
    ro space 10240K,  60% used [0x92800000, 0x92e00d38, 0x92e00e00, 0x93200000)
    rw space 12288K,  59% used [0x93200000, 0x9391e858, 0x9391ea00, 0x93e00000)
}
Event: 18.216 GC heap before
{Heap before GC invocations=91 (full 0):
 def new generation   total 4928K, used 4428K [0x6e800000, 0x6ed50000, 0x792a0000)
  eden space 4416K, 100% used [0x6e800000, 0x6ec50000, 0x6ec50000)
  from space 512K,   2% used [0x6ecd0000, 0x6ecd3268, 0x6ed50000)
  to   space 512K,   0% used [0x6ec50000, 0x6ec50000, 0x6ecd0000)
 tenured generation   total 10944K, used 6225K [0x792a0000, 0x79d50000, 0x8e800000)
   the space 10944K,  56% used [0x792a0000, 0x798b45b0, 0x798b4600, 0x79d50000)
 compacting perm gen  total 12288K, used 6784K [0x8e800000, 0x8f400000, 0x92800000)
   the space 12288K,  55% used [0x8e800000, 0x8eea01b8, 0x8eea0200, 0x8f400000)
    ro space 10240K,  60% used [0x92800000, 0x92e00d38, 0x92e00e00, 0x93200000)
    rw space 12288K,  59% used [0x93200000, 0x9391e858, 0x9391ea00, 0x93e00000)
Event: 18.217 GC heap after
Heap after GC invocations=92 (full 0):
 def new generation   total 4928K, used 91K [0x6e800000, 0x6ed50000, 0x792a0000)
  eden space 4416K,   0% used [0x6e800000, 0x6e800000, 0x6ec50000)
  from space 512K,  17% used [0x6ec50000, 0x6ec66c28, 0x6ecd0000)
  to   space 512K,   0% used [0x6ecd0000, 0x6ecd0000, 0x6ed50000)
 tenured generation   total 10944K, used 6225K [0x792a0000, 0x79d50000, 0x8e800000)
   the space 10944K,  56% used [0x792a0000, 0x798b4648, 0x798b4800, 0x79d50000)
 compacting perm gen  total 12288K, used 6784K [0x8e800000, 0x8f400000, 0x92800000)
   the space 12288K,  55% used [0x8e800000, 0x8eea01b8, 0x8eea0200, 0x8f400000)
    ro space 10240K,  60% used [0x92800000, 0x92e00d38, 0x92e00e00, 0x93200000)
    rw space 12288K,  59% used [0x93200000, 0x9391e858, 0x9391ea00, 0x93e00000)
}
Event: 19.184 GC heap before
{Heap before GC invocations=92 (full 0):
 def new generation   total 4928K, used 4507K [0x6e800000, 0x6ed50000, 0x792a0000)
  eden space 4416K, 100% used [0x6e800000, 0x6ec50000, 0x6ec50000)
  from space 512K,  17% used [0x6ec50000, 0x6ec66c28, 0x6ecd0000)
  to   space 512K,   0% used [0x6ecd0000, 0x6ecd0000, 0x6ed50000)
 tenured generation   total 10944K, used 6225K [0x792a0000, 0x79d50000, 0x8e800000)
   the space 10944K,  56% used [0x792a0000, 0x798b4648, 0x798b4800, 0x79d50000)
 compacting perm gen  total 12288K, used 6869K [0x8e800000, 0x8f400000, 0x92800000)
   the space 12288K,  55% used [0x8e800000, 0x8eeb5518, 0x8eeb5600, 0x8f400000)
    ro space 10240K,  60% used [0x92800000, 0x92e00d38, 0x92e00e00, 0x93200000)
    rw space 12288K,  59% used [0x93200000, 0x9391e858, 0x9391ea00, 0x93e00000)
Event: 19.185 GC heap after
Heap after GC invocations=93 (full 0):
 def new generation   total 4928K, used 478K [0x6e800000, 0x6ed50000, 0x792a0000)
  eden space 4416K,   0% used [0x6e800000, 0x6e800000, 0x6ec50000)
  from space 512K,  93% used [0x6ecd0000, 0x6ed47a08, 0x6ed50000)
  to   space 512K,   0% used [0x6ec50000, 0x6ec50000, 0x6ecd0000)
 tenured generation   total 10944K, used 6225K [0x792a0000, 0x79d50000, 0x8e800000)
   the space 10944K,  56% used [0x792a0000, 0x798b4730, 0x798b4800, 0x79d50000)
 compacting perm gen  total 12288K, used 6869K [0x8e800000, 0x8f400000, 0x92800000)
   the space 12288K,  55% used [0x8e800000, 0x8eeb5518, 0x8eeb5600, 0x8f400000)
    ro space 10240K,  60% used [0x92800000, 0x92e00d38, 0x92e00e00, 0x93200000)
    rw space 12288K,  59% used [0x93200000, 0x9391e858, 0x9391ea00, 0x93e00000)
}

