# JRE version: OpenJDK Runtime Environment (7.0_121) (build 1.7.0_121-b00)
# Java VM: OpenJDK Client VM (24.121-b00 mixed mode, sharing linux-x86 )
Heap
 def new generation   total 5056K, used 4781K [0x6e800000, 0x6ed70000, 0x792a0000)
  eden space 4544K,  96% used [0x6e800000, 0x6ec43a20, 0x6ec70000)
  from space 512K,  80% used [0x6ec70000, 0x6ecd7a58, 0x6ecf0000)
  to   space 512K,   0% used [0x6ecf0000, 0x6ecf0000, 0x6ed70000)
 tenured generation   total 10944K, used 4740K [0x792a0000, 0x79d50000, 0x8e800000)
   the space 10944K,  43% used [0x792a0000, 0x79741010, 0x79741200, 0x79d50000)
 compacting perm gen  total 12288K, used 6735K [0x8e800000, 0x8f400000, 0x92800000)
   the space 12288K,  54% used [0x8e800000, 0x8ee93c30, 0x8ee93e00, 0x8f400000)
    ro space 10240K,  60% used [0x92800000, 0x92e00d38, 0x92e00e00, 0x93200000)
    rw space 12288K,  59% used [0x93200000, 0x9391e858, 0x9391ea00, 0x93e00000)
GC Heap History (10 events):
Event: 32.841 GC heap before
{Heap before GC invocations=169 (full 4):
 def new generation   total 5056K, used 4556K [0x6e800000, 0x6ed70000, 0x792a0000)
  eden space 4544K, 100% used [0x6e800000, 0x6ec70000, 0x6ec70000)
  from space 512K,   2% used [0x6ecf0000, 0x6ecf30b8, 0x6ed70000)
  to   space 512K,   0% used [0x6ec70000, 0x6ec70000, 0x6ecf0000)
 tenured generation   total 10944K, used 3908K [0x792a0000, 0x79d50000, 0x8e800000)
   the space 10944K,  35% used [0x792a0000, 0x79671330, 0x79671400, 0x79d50000)
 compacting perm gen  total 12288K, used 6100K [0x8e800000, 0x8f400000, 0x92800000)
   the space 12288K,  49% used [0x8e800000, 0x8edf52e8, 0x8edf5400, 0x8f400000)
    ro space 10240K,  60% used [0x92800000, 0x92e00d38, 0x92e00e00, 0x93200000)
    rw space 12288K,  59% used [0x93200000, 0x9391e858, 0x9391ea00, 0x93e00000)
Event: 32.841 GC heap after
Heap after GC invocations=170 (full 4):
 def new generation   total 5056K, used 170K [0x6e800000, 0x6ed70000, 0x792a0000)
  eden space 4544K,   0% used [0x6e800000, 0x6e800000, 0x6ec70000)
  from space 512K,  33% used [0x6ec70000, 0x6ec9ab60, 0x6ecf0000)
  to   space 512K,   0% used [0x6ecf0000, 0x6ecf0000, 0x6ed70000)
 tenured generation   total 10944K, used 3908K [0x792a0000, 0x79d50000, 0x8e800000)
   the space 10944K,  35% used [0x792a0000, 0x796713a8, 0x79671400, 0x79d50000)
 compacting perm gen  total 12288K, used 6100K [0x8e800000, 0x8f400000, 0x92800000)
   the space 12288K,  49% used [0x8e800000, 0x8edf52e8, 0x8edf5400, 0x8f400000)
    ro space 10240K,  60% used [0x92800000, 0x92e00d38, 0x92e00e00, 0x93200000)
    rw space 12288K,  59% used [0x93200000, 0x9391e858, 0x9391ea00, 0x93e00000)
}
Event: 32.947 GC heap before
{Heap before GC invocations=170 (full 4):
 def new generation   total 5056K, used 4714K [0x6e800000, 0x6ed70000, 0x792a0000)
  eden space 4544K, 100% used [0x6e800000, 0x6ec70000, 0x6ec70000)
  from space 512K,  33% used [0x6ec70000, 0x6ec9ab60, 0x6ecf0000)
  to   space 512K,   0% used [0x6ecf0000, 0x6ecf0000, 0x6ed70000)
 tenured generation   total 10944K, used 3908K [0x792a0000, 0x79d50000, 0x8e800000)
   the space 10944K,  35% used [0x792a0000, 0x796713a8, 0x79671400, 0x79d50000)
 compacting perm gen  total 12288K, used 6463K [0x8e800000, 0x8f400000, 0x92800000)
   the space 12288K,  52% used [0x8e800000, 0x8ee4fe58, 0x8ee50000, 0x8f400000)
    ro space 10240K,  60% used [0x92800000, 0x92e00d38, 0x92e00e00, 0x93200000)
    rw space 12288K,  59% used [0x93200000, 0x9391e858, 0x9391ea00, 0x93e00000)
Event: 32.949 GC heap after
Heap after GC invocations=171 (full 4):
 def new generation   total 5056K, used 512K [0x6e800000, 0x6ed70000, 0x792a0000)
  eden space 4544K,   0% used [0x6e800000, 0x6e800000, 0x6ec70000)
  from space 512K, 100% used [0x6ecf0000, 0x6ed70000, 0x6ed70000)
  to   space 512K,   0% used [0x6ec70000, 0x6ec70000, 0x6ecf0000)
 tenured generation   total 10944K, used 3959K [0x792a0000, 0x79d50000, 0x8e800000)
   the space 10944K,  36% used [0x792a0000, 0x7967dff8, 0x7967e000, 0x79d50000)
 compacting perm gen  total 12288K, used 6463K [0x8e800000, 0x8f400000, 0x92800000)
   the space 12288K,  52% used [0x8e800000, 0x8ee4fe58, 0x8ee50000, 0x8f400000)
    ro space 10240K,  60% used [0x92800000, 0x92e00d38, 0x92e00e00, 0x93200000)
    rw space 12288K,  59% used [0x93200000, 0x9391e858, 0x9391ea00, 0x93e00000)
}
Event: 33.073 GC heap before
{Heap before GC invocations=171 (full 4):
 def new generation   total 5056K, used 5056K [0x6e800000, 0x6ed70000, 0x792a0000)
  eden space 4544K, 100% used [0x6e800000, 0x6ec70000, 0x6ec70000)
  from space 512K, 100% used [0x6ecf0000, 0x6ed70000, 0x6ed70000)
  to   space 512K,   0% used [0x6ec70000, 0x6ec70000, 0x6ecf0000)
 tenured generation   total 10944K, used 3959K [0x792a0000, 0x79d50000, 0x8e800000)
   the space 10944K,  36% used [0x792a0000, 0x7967dff8, 0x7967e000, 0x79d50000)
 compacting perm gen  total 12288K, used 6634K [0x8e800000, 0x8f400000, 0x92800000)
   the space 12288K,  53% used [0x8e800000, 0x8ee7aaf0, 0x8ee7ac00, 0x8f400000)
    ro space 10240K,  60% used [0x92800000, 0x92e00d38, 0x92e00e00, 0x93200000)
    rw space 12288K,  59% used [0x93200000, 0x9391e858, 0x9391ea00, 0x93e00000)
Event: 33.075 GC heap after
Heap after GC invocations=172 (full 4):
 def new generation   total 5056K, used 435K [0x6e800000, 0x6ed70000, 0x792a0000)
  eden space 4544K,   0% used [0x6e800000, 0x6e800000, 0x6ec70000)
  from space 512K,  84% used [0x6ec70000, 0x6ecdcc08, 0x6ecf0000)
  to   space 512K,   0% used [0x6ecf0000, 0x6ecf0000, 0x6ed70000)
 tenured generation   total 10944K, used 4445K [0x792a0000, 0x79d50000, 0x8e800000)
   the space 10944K,  40% used [0x792a0000, 0x796f74f0, 0x796f7600, 0x79d50000)
 compacting perm gen  total 12288K, used 6634K [0x8e800000, 0x8f400000, 0x92800000)
   the space 12288K,  53% used [0x8e800000, 0x8ee7aaf0, 0x8ee7ac00, 0x8f400000)
    ro space 10240K,  60% used [0x92800000, 0x92e00d38, 0x92e00e00, 0x93200000)
    rw space 12288K,  59% used [0x93200000, 0x9391e858, 0x9391ea00, 0x93e00000)
}
Event: 33.173 GC heap before
{Heap before GC invocations=172 (full 4):
 def new generation   total 5056K, used 4979K [0x6e800000, 0x6ed70000, 0x792a0000)
  eden space 4544K, 100% used [0x6e800000, 0x6ec70000, 0x6ec70000)
  from space 512K,  84% used [0x6ec70000, 0x6ecdcc08, 0x6ecf0000)
  to   space 512K,   0% used [0x6ecf0000, 0x6ecf0000, 0x6ed70000)
 tenured generation   total 10944K, used 4445K [0x792a0000, 0x79d50000, 0x8e800000)
   the space 10944K,  40% used [0x792a0000, 0x796f74f0, 0x796f7600, 0x79d50000)
 compacting perm gen  total 12288K, used 6724K [0x8e800000, 0x8f400000, 0x92800000)
   the space 12288K,  54% used [0x8e800000, 0x8ee911d8, 0x8ee91200, 0x8f400000)
    ro space 10240K,  60% used [0x92800000, 0x92e00d38, 0x92e00e00, 0x93200000)
    rw space 12288K,  59% used [0x93200000, 0x9391e858, 0x9391ea00, 0x93e00000)
Event: 33.175 GC heap after
Heap after GC invocations=173 (full 4):
 def new generation   total 5056K, used 233K [0x6e800000, 0x6ed70000, 0x792a0000)
  eden space 4544K,   0% used [0x6e800000, 0x6e800000, 0x6ec70000)
  from space 512K,  45% used [0x6ecf0000, 0x6ed2a590, 0x6ed70000)
  to   space 512K,   0% used [0x6ec70000, 0x6ec70000, 0x6ecf0000)
 tenured generation   total 10944K, used 4740K [0x792a0000, 0x79d50000, 0x8e800000)
   the space 10944K,  43% used [0x792a0000, 0x79741010, 0x79741200, 0x79d50000)
 compacting perm gen  total 12288K, used 6724K [0x8e800000, 0x8f400000, 0x92800000)
   the space 12288K,  54% used [0x8e800000, 0x8ee911d8, 0x8ee91200, 0x8f400000)
    ro space 10240K,  60% used [0x92800000, 0x92e00d38, 0x92e00e00, 0x93200000)
    rw space 12288K,  59% used [0x93200000, 0x9391e858, 0x9391ea00, 0x93e00000)
}
Event: 33.273 GC heap before
{Heap before GC invocations=173 (full 4):
 def new generation   total 5056K, used 4777K [0x6e800000, 0x6ed70000, 0x792a0000)
  eden space 4544K,  99% used [0x6e800000, 0x6ec6ff98, 0x6ec70000)
  from space 512K,  45% used [0x6ecf0000, 0x6ed2a590, 0x6ed70000)
  to   space 512K,   0% used [0x6ec70000, 0x6ec70000, 0x6ecf0000)
 tenured generation   total 10944K, used 4740K [0x792a0000, 0x79d50000, 0x8e800000)
   the space 10944K,  43% used [0x792a0000, 0x79741010, 0x79741200, 0x79d50000)
 compacting perm gen  total 12288K, used 6728K [0x8e800000, 0x8f400000, 0x92800000)
   the space 12288K,  54% used [0x8e800000, 0x8ee921d8, 0x8ee92200, 0x8f400000)
    ro space 10240K,  60% used [0x92800000, 0x92e00d38, 0x92e00e00, 0x93200000)
    rw space 12288K,  59% used [0x93200000, 0x9391e858, 0x9391ea00, 0x93e00000)
Event: 33.275 GC heap after
Heap after GC invocations=174 (full 4):
 def new generation   total 5056K, used 414K [0x6e800000, 0x6ed70000, 0x792a0000)
  eden space 4544K,   0% used [0x6e800000, 0x6e800000, 0x6ec70000)
  from space 512K,  80% used [0x6ec70000, 0x6ecd7a58, 0x6ecf0000)
  to   space 512K,   0% used [0x6ecf0000, 0x6ecf0000, 0x6ed70000)
 tenured generation   total 10944K, used 4740K [0x792a0000, 0x79d50000, 0x8e800000)
   the space 10944K,  43% used [0x792a0000, 0x79741010, 0x79741200, 0x79d50000)
 compacting perm gen  total 12288K, used 6728K [0x8e800000, 0x8f400000, 0x92800000)
   the space 12288K,  54% used [0x8e800000, 0x8ee921d8, 0x8ee92200, 0x8f400000)
    ro space 10240K,  60% used [0x92800000, 0x92e00d38, 0x92e00e00, 0x93200000)
    rw space 12288K,  59% used [0x93200000, 0x9391e858, 0x9391ea00, 0x93e00000)
}

