# JRE version: OpenJDK Runtime Environment (7.0_121) (build 1.7.0_121-b00)
# Java VM: OpenJDK Client VM (24.121-b00 mixed mode, sharing linux-x86 )
Heap
 def new generation   total 5120K, used 2146K [0x6e800000, 0x6ed80000, 0x792a0000)
  eden space 4608K,  44% used [0x6e800000, 0x6e9faf80, 0x6ec80000)
  from space 512K,  23% used [0x6ec80000, 0x6ec9d9c8, 0x6ed00000)
  to   space 512K,   0% used [0x6ed00000, 0x6ed00000, 0x6ed80000)
 tenured generation   total 10944K, used 8247K [0x792a0000, 0x79d50000, 0x8e800000)
   the space 10944K,  75% used [0x792a0000, 0x79aadc08, 0x79aade00, 0x79d50000)
 compacting perm gen  total 12288K, used 7058K [0x8e800000, 0x8f400000, 0x92800000)
   the space 12288K,  57% used [0x8e800000, 0x8eee4a68, 0x8eee4c00, 0x8f400000)
    ro space 10240K,  60% used [0x92800000, 0x92e00d38, 0x92e00e00, 0x93200000)
    rw space 12288K,  59% used [0x93200000, 0x9391e858, 0x9391ea00, 0x93e00000)
GC Heap History (10 events):
Event: 5467.007 GC heap before
{Heap before GC invocations=325 (full 2):
 def new generation   total 5120K, used 4618K [0x6e800000, 0x6ed80000, 0x792a0000)
  eden space 4608K, 100% used [0x6e800000, 0x6ec80000, 0x6ec80000)
  from space 512K,   1% used [0x6ed00000, 0x6ed02860, 0x6ed80000)
  to   space 512K,   0% used [0x6ec80000, 0x6ec80000, 0x6ed00000)
 tenured generation   total 10944K, used 7584K [0x792a0000, 0x79d50000, 0x8e800000)
   the space 10944K,  69% used [0x792a0000, 0x79a08200, 0x79a08200, 0x79d50000)
 compacting perm gen  total 12288K, used 6995K [0x8e800000, 0x8f400000, 0x92800000)
   the space 12288K,  56% used [0x8e800000, 0x8eed4d38, 0x8eed4e00, 0x8f400000)
    ro space 10240K,  60% used [0x92800000, 0x92e00d38, 0x92e00e00, 0x93200000)
    rw space 12288K,  59% used [0x93200000, 0x9391e858, 0x9391ea00, 0x93e00000)
Event: 5467.008 GC heap after
Heap after GC invocations=326 (full 2):
 def new generation   total 5120K, used 11K [0x6e800000, 0x6ed80000, 0x792a0000)
  eden space 4608K,   0% used [0x6e800000, 0x6e800000, 0x6ec80000)
  from space 512K,   2% used [0x6ec80000, 0x6ec82d88, 0x6ed00000)
  to   space 512K,   0% used [0x6ed00000, 0x6ed00000, 0x6ed80000)
 tenured generation   total 10944K, used 7584K [0x792a0000, 0x79d50000, 0x8e800000)
   the space 10944K,  69% used [0x792a0000, 0x79a08308, 0x79a08400, 0x79d50000)
 compacting perm gen  total 12288K, used 6995K [0x8e800000, 0x8f400000, 0x92800000)
   the space 12288K,  56% used [0x8e800000, 0x8eed4d38, 0x8eed4e00, 0x8f400000)
    ro space 10240K,  60% used [0x92800000, 0x92e00d38, 0x92e00e00, 0x93200000)
    rw space 12288K,  59% used [0x93200000, 0x9391e858, 0x9391ea00, 0x93e00000)
}
Event: 5467.022 GC heap before
{Heap before GC invocations=326 (full 2):
 def new generation   total 5120K, used 4619K [0x6e800000, 0x6ed80000, 0x792a0000)
  eden space 4608K, 100% used [0x6e800000, 0x6ec80000, 0x6ec80000)
  from space 512K,   2% used [0x6ec80000, 0x6ec82d88, 0x6ed00000)
  to   space 512K,   0% used [0x6ed00000, 0x6ed00000, 0x6ed80000)
 tenured generation   total 10944K, used 7584K [0x792a0000, 0x79d50000, 0x8e800000)
   the space 10944K,  69% used [0x792a0000, 0x79a08308, 0x79a08400, 0x79d50000)
 compacting perm gen  total 12288K, used 6995K [0x8e800000, 0x8f400000, 0x92800000)
   the space 12288K,  56% used [0x8e800000, 0x8eed4d38, 0x8eed4e00, 0x8f400000)
    ro space 10240K,  60% used [0x92800000, 0x92e00d38, 0x92e00e00, 0x93200000)
    rw space 12288K,  59% used [0x93200000, 0x9391e858, 0x9391ea00, 0x93e00000)
Event: 5467.022 GC heap after
Heap after GC invocations=327 (full 2):
 def new generation   total 5120K, used 12K [0x6e800000, 0x6ed80000, 0x792a0000)
  eden space 4608K,   0% used [0x6e800000, 0x6e800000, 0x6ec80000)
  from space 512K,   2% used [0x6ed00000, 0x6ed031b0, 0x6ed80000)
  to   space 512K,   0% used [0x6ec80000, 0x6ec80000, 0x6ed00000)
 tenured generation   total 10944K, used 7585K [0x792a0000, 0x79d50000, 0x8e800000)
   the space 10944K,  69% used [0x792a0000, 0x79a08478, 0x79a08600, 0x79d50000)
 compacting perm gen  total 12288K, used 6995K [0x8e800000, 0x8f400000, 0x92800000)
   the space 12288K,  56% used [0x8e800000, 0x8eed4d38, 0x8eed4e00, 0x8f400000)
    ro space 10240K,  60% used [0x92800000, 0x92e00d38, 0x92e00e00, 0x93200000)
    rw space 12288K,  59% used [0x93200000, 0x9391e858, 0x9391ea00, 0x93e00000)
}
Event: 5467.036 GC heap before
{Heap before GC invocations=327 (full 2):
 def new generation   total 5120K, used 4620K [0x6e800000, 0x6ed80000, 0x792a0000)
  eden space 4608K, 100% used [0x6e800000, 0x6ec80000, 0x6ec80000)
  from space 512K,   2% used [0x6ed00000, 0x6ed031b0, 0x6ed80000)
  to   space 512K,   0% used [0x6ec80000, 0x6ec80000, 0x6ed00000)
 tenured generation   total 10944K, used 7585K [0x792a0000, 0x79d50000, 0x8e800000)
   the space 10944K,  69% used [0x792a0000, 0x79a08478, 0x79a08600, 0x79d50000)
 compacting perm gen  total 12288K, used 6995K [0x8e800000, 0x8f400000, 0x92800000)
   the space 12288K,  56% used [0x8e800000, 0x8eed4d38, 0x8eed4e00, 0x8f400000)
    ro space 10240K,  60% used [0x92800000, 0x92e00d38, 0x92e00e00, 0x93200000)
    rw space 12288K,  59% used [0x93200000, 0x9391e858, 0x9391ea00, 0x93e00000)
Event: 5467.036 GC heap after
Heap after GC invocations=328 (full 2):
 def new generation   total 5120K, used 13K [0x6e800000, 0x6ed80000, 0x792a0000)
  eden space 4608K,   0% used [0x6e800000, 0x6e800000, 0x6ec80000)
  from space 512K,   2% used [0x6ec80000, 0x6ec836b8, 0x6ed00000)
  to   space 512K,   0% used [0x6ed00000, 0x6ed00000, 0x6ed80000)
 tenured generation   total 10944K, used 7585K [0x792a0000, 0x79d50000, 0x8e800000)
   the space 10944K,  69% used [0x792a0000, 0x79a084f0, 0x79a08600, 0x79d50000)
 compacting perm gen  total 12288K, used 6995K [0x8e800000, 0x8f400000, 0x92800000)
   the space 12288K,  56% used [0x8e800000, 0x8eed4d38, 0x8eed4e00, 0x8f400000)
    ro space 10240K,  60% used [0x92800000, 0x92e00d38, 0x92e00e00, 0x93200000)
    rw space 12288K,  59% used [0x93200000, 0x9391e858, 0x9391ea00, 0x93e00000)
}
Event: 5467.764 GC heap before
{Heap before GC invocations=328 (full 2):
 def new generation   total 5120K, used 4621K [0x6e800000, 0x6ed80000, 0x792a0000)
  eden space 4608K, 100% used [0x6e800000, 0x6ec80000, 0x6ec80000)
  from space 512K,   2% used [0x6ec80000, 0x6ec836b8, 0x6ed00000)
  to   space 512K,   0% used [0x6ed00000, 0x6ed00000, 0x6ed80000)
 tenured generation   total 10944K, used 7585K [0x792a0000, 0x79d50000, 0x8e800000)
   the space 10944K,  69% used [0x792a0000, 0x79a084f0, 0x79a08600, 0x79d50000)
 compacting perm gen  total 12288K, used 7007K [0x8e800000, 0x8f400000, 0x92800000)
   the space 12288K,  57% used [0x8e800000, 0x8eed7c60, 0x8eed7e00, 0x8f400000)
    ro space 10240K,  60% used [0x92800000, 0x92e00d38, 0x92e00e00, 0x93200000)
    rw space 12288K,  59% used [0x93200000, 0x9391e858, 0x9391ea00, 0x93e00000)
Event: 5467.766 GC heap after
Heap after GC invocations=329 (full 2):
 def new generation   total 5120K, used 512K [0x6e800000, 0x6ed80000, 0x792a0000)
  eden space 4608K,   0% used [0x6e800000, 0x6e800000, 0x6ec80000)
  from space 512K, 100% used [0x6ed00000, 0x6ed80000, 0x6ed80000)
  to   space 512K,   0% used [0x6ec80000, 0x6ec80000, 0x6ed00000)
 tenured generation   total 10944K, used 7745K [0x792a0000, 0x79d50000, 0x8e800000)
   the space 10944K,  70% used [0x792a0000, 0x79a305b8, 0x79a30600, 0x79d50000)
 compacting perm gen  total 12288K, used 7007K [0x8e800000, 0x8f400000, 0x92800000)
   the space 12288K,  57% used [0x8e800000, 0x8eed7c60, 0x8eed7e00, 0x8f400000)
    ro space 10240K,  60% used [0x92800000, 0x92e00d38, 0x92e00e00, 0x93200000)
    rw space 12288K,  59% used [0x93200000, 0x9391e858, 0x9391ea00, 0x93e00000)
}
Event: 5468.605 GC heap before
{Heap before GC invocations=329 (full 2):
 def new generation   total 5120K, used 5120K [0x6e800000, 0x6ed80000, 0x792a0000)
  eden space 4608K, 100% used [0x6e800000, 0x6ec80000, 0x6ec80000)
  from space 512K, 100% used [0x6ed00000, 0x6ed80000, 0x6ed80000)
  to   space 512K,   0% used [0x6ec80000, 0x6ec80000, 0x6ed00000)
 tenured generation   total 10944K, used 7745K [0x792a0000, 0x79d50000, 0x8e800000)
   the space 10944K,  70% used [0x792a0000, 0x79a305b8, 0x79a30600, 0x79d50000)
 compacting perm gen  total 12288K, used 7055K [0x8e800000, 0x8f400000, 0x92800000)
   the space 12288K,  57% used [0x8e800000, 0x8eee3c10, 0x8eee3e00, 0x8f400000)
    ro space 10240K,  60% used [0x92800000, 0x92e00d38, 0x92e00e00, 0x93200000)
    rw space 12288K,  59% used [0x93200000, 0x9391e858, 0x9391ea00, 0x93e00000)
Event: 5468.607 GC heap after
Heap after GC invocations=330 (full 2):
 def new generation   total 5120K, used 118K [0x6e800000, 0x6ed80000, 0x792a0000)
  eden space 4608K,   0% used [0x6e800000, 0x6e800000, 0x6ec80000)
  from space 512K,  23% used [0x6ec80000, 0x6ec9d9c8, 0x6ed00000)
  to   space 512K,   0% used [0x6ed00000, 0x6ed00000, 0x6ed80000)
 tenured generation   total 10944K, used 8247K [0x792a0000, 0x79d50000, 0x8e800000)
   the space 10944K,  75% used [0x792a0000, 0x79aadc08, 0x79aade00, 0x79d50000)
 compacting perm gen  total 12288K, used 7055K [0x8e800000, 0x8f400000, 0x92800000)
   the space 12288K,  57% used [0x8e800000, 0x8eee3c10, 0x8eee3e00, 0x8f400000)
    ro space 10240K,  60% used [0x92800000, 0x92e00d38, 0x92e00e00, 0x93200000)
    rw space 12288K,  59% used [0x93200000, 0x9391e858, 0x9391ea00, 0x93e00000)
}

