# JRE version: OpenJDK Runtime Environment (7.0_79-b14) (build 1.7.0_79-b14)
# Java VM: OpenJDK Client VM (24.79-b02 mixed mode, sharing linux-x86 )
Heap
 def new generation   total 47360K, used 27061K [0x6e800000, 0x71b60000, 0x792a0000)
  eden space 42112K,  63% used [0x6e800000, 0x70228e38, 0x71120000)
  from space 5248K,   5% used [0x71120000, 0x711647d0, 0x71640000)
  to   space 5248K,   0% used [0x71640000, 0x71640000, 0x71b60000)
 tenured generation   total 104956K, used 63089K [0x792a0000, 0x7f91f000, 0x8e800000)
   the space 104956K,  60% used [0x792a0000, 0x7d03c618, 0x7d03c800, 0x7f91f000)
 compacting perm gen  total 12288K, used 7085K [0x8e800000, 0x8f400000, 0x92800000)
   the space 12288K,  57% used [0x8e800000, 0x8eeeb668, 0x8eeeb800, 0x8f400000)
    ro space 10240K,  58% used [0x92800000, 0x92de1330, 0x92de1400, 0x93200000)
    rw space 12288K,  59% used [0x93200000, 0x93916340, 0x93916400, 0x93e00000)
GC Heap History (10 events):
Event: 9772.633 GC heap before
{Heap before GC invocations=1823 (full 13):
 def new generation   total 47360K, used 42670K [0x6e800000, 0x71b60000, 0x792a0000)
  eden space 42112K, 100% used [0x6e800000, 0x71120000, 0x71120000)
  from space 5248K,  10% used [0x71640000, 0x716cb9f0, 0x71b60000)
  to   space 5248K,   0% used [0x71120000, 0x71120000, 0x71640000)
 tenured generation   total 104956K, used 63074K [0x792a0000, 0x7f91f000, 0x8e800000)
   the space 104956K,  60% used [0x792a0000, 0x7d038818, 0x7d038a00, 0x7f91f000)
 compacting perm gen  total 12288K, used 7085K [0x8e800000, 0x8f400000, 0x92800000)
   the space 12288K,  57% used [0x8e800000, 0x8eeeb628, 0x8eeeb800, 0x8f400000)
    ro space 10240K,  58% used [0x92800000, 0x92de1330, 0x92de1400, 0x93200000)
    rw space 12288K,  59% used [0x93200000, 0x93916340, 0x93916400, 0x93e00000)
Event: 9772.634 GC heap after
Heap after GC invocations=1824 (full 13):
 def new generation   total 47360K, used 559K [0x6e800000, 0x71b60000, 0x792a0000)
  eden space 42112K,   0% used [0x6e800000, 0x6e800000, 0x71120000)
  from space 5248K,  10% used [0x71120000, 0x711abd88, 0x71640000)
  to   space 5248K,   0% used [0x71640000, 0x71640000, 0x71b60000)
 tenured generation   total 104956K, used 63075K [0x792a0000, 0x7f91f000, 0x8e800000)
   the space 104956K,  60% used [0x792a0000, 0x7d038c18, 0x7d038e00, 0x7f91f000)
 compacting perm gen  total 12288K, used 7085K [0x8e800000, 0x8f400000, 0x92800000)
   the space 12288K,  57% used [0x8e800000, 0x8eeeb628, 0x8eeeb800, 0x8f400000)
    ro space 10240K,  58% used [0x92800000, 0x92de1330, 0x92de1400, 0x93200000)
    rw space 12288K,  59% used [0x93200000, 0x93916340, 0x93916400, 0x93e00000)
}
Event: 9772.665 GC heap before
{Heap before GC invocations=1824 (full 13):
 def new generation   total 47360K, used 42671K [0x6e800000, 0x71b60000, 0x792a0000)
  eden space 42112K, 100% used [0x6e800000, 0x71120000, 0x71120000)
  from space 5248K,  10% used [0x71120000, 0x711abd88, 0x71640000)
  to   space 5248K,   0% used [0x71640000, 0x71640000, 0x71b60000)
 tenured generation   total 104956K, used 63075K [0x792a0000, 0x7f91f000, 0x8e800000)
   the space 104956K,  60% used [0x792a0000, 0x7d038c18, 0x7d038e00, 0x7f91f000)
 compacting perm gen  total 12288K, used 7085K [0x8e800000, 0x8f400000, 0x92800000)
   the space 12288K,  57% used [0x8e800000, 0x8eeeb628, 0x8eeeb800, 0x8f400000)
    ro space 10240K,  58% used [0x92800000, 0x92de1330, 0x92de1400, 0x93200000)
    rw space 12288K,  59% used [0x93200000, 0x93916340, 0x93916400, 0x93e00000)
Event: 9772.666 GC heap after
Heap after GC invocations=1825 (full 13):
 def new generation   total 47360K, used 559K [0x6e800000, 0x71b60000, 0x792a0000)
  eden space 42112K,   0% used [0x6e800000, 0x6e800000, 0x71120000)
  from space 5248K,  10% used [0x71640000, 0x716cbc50, 0x71b60000)
  to   space 5248K,   0% used [0x71120000, 0x71120000, 0x71640000)
 tenured generation   total 104956K, used 63076K [0x792a0000, 0x7f91f000, 0x8e800000)
   the space 104956K,  60% used [0x792a0000, 0x7d0393f8, 0x7d039400, 0x7f91f000)
 compacting perm gen  total 12288K, used 7085K [0x8e800000, 0x8f400000, 0x92800000)
   the space 12288K,  57% used [0x8e800000, 0x8eeeb628, 0x8eeeb800, 0x8f400000)
    ro space 10240K,  58% used [0x92800000, 0x92de1330, 0x92de1400, 0x93200000)
    rw space 12288K,  59% used [0x93200000, 0x93916340, 0x93916400, 0x93e00000)
}
Event: 9772.703 GC heap before
{Heap before GC invocations=1825 (full 13):
 def new generation   total 47360K, used 42671K [0x6e800000, 0x71b60000, 0x792a0000)
  eden space 42112K, 100% used [0x6e800000, 0x71120000, 0x71120000)
  from space 5248K,  10% used [0x71640000, 0x716cbc50, 0x71b60000)
  to   space 5248K,   0% used [0x71120000, 0x71120000, 0x71640000)
 tenured generation   total 104956K, used 63076K [0x792a0000, 0x7f91f000, 0x8e800000)
   the space 104956K,  60% used [0x792a0000, 0x7d0393f8, 0x7d039400, 0x7f91f000)
 compacting perm gen  total 12288K, used 7085K [0x8e800000, 0x8f400000, 0x92800000)
   the space 12288K,  57% used [0x8e800000, 0x8eeeb628, 0x8eeeb800, 0x8f400000)
    ro space 10240K,  58% used [0x92800000, 0x92de1330, 0x92de1400, 0x93200000)
    rw space 12288K,  59% used [0x93200000, 0x93916340, 0x93916400, 0x93e00000)
Event: 9772.704 GC heap after
Heap after GC invocations=1826 (full 13):
 def new generation   total 47360K, used 560K [0x6e800000, 0x71b60000, 0x792a0000)
  eden space 42112K,   0% used [0x6e800000, 0x6e800000, 0x71120000)
  from space 5248K,  10% used [0x71120000, 0x711ac250, 0x71640000)
  to   space 5248K,   0% used [0x71640000, 0x71640000, 0x71b60000)
 tenured generation   total 104956K, used 63077K [0x792a0000, 0x7f91f000, 0x8e800000)
   the space 104956K,  60% used [0x792a0000, 0x7d0397c8, 0x7d039800, 0x7f91f000)
 compacting perm gen  total 12288K, used 7085K [0x8e800000, 0x8f400000, 0x92800000)
   the space 12288K,  57% used [0x8e800000, 0x8eeeb628, 0x8eeeb800, 0x8f400000)
    ro space 10240K,  58% used [0x92800000, 0x92de1330, 0x92de1400, 0x93200000)
    rw space 12288K,  59% used [0x93200000, 0x93916340, 0x93916400, 0x93e00000)
}
Event: 9772.751 GC heap before
{Heap before GC invocations=1826 (full 13):
 def new generation   total 47360K, used 42672K [0x6e800000, 0x71b60000, 0x792a0000)
  eden space 42112K, 100% used [0x6e800000, 0x71120000, 0x71120000)
  from space 5248K,  10% used [0x71120000, 0x711ac250, 0x71640000)
  to   space 5248K,   0% used [0x71640000, 0x71640000, 0x71b60000)
 tenured generation   total 104956K, used 63077K [0x792a0000, 0x7f91f000, 0x8e800000)
   the space 104956K,  60% used [0x792a0000, 0x7d0397c8, 0x7d039800, 0x7f91f000)
 compacting perm gen  total 12288K, used 7085K [0x8e800000, 0x8f400000, 0x92800000)
   the space 12288K,  57% used [0x8e800000, 0x8eeeb628, 0x8eeeb800, 0x8f400000)
    ro space 10240K,  58% used [0x92800000, 0x92de1330, 0x92de1400, 0x93200000)
    rw space 12288K,  59% used [0x93200000, 0x93916340, 0x93916400, 0x93e00000)
Event: 9772.752 GC heap after
Heap after GC invocations=1827 (full 13):
 def new generation   total 47360K, used 560K [0x6e800000, 0x71b60000, 0x792a0000)
  eden space 42112K,   0% used [0x6e800000, 0x6e800000, 0x71120000)
  from space 5248K,  10% used [0x71640000, 0x716cc1c0, 0x71b60000)
  to   space 5248K,   0% used [0x71120000, 0x71120000, 0x71640000)
 tenured generation   total 104956K, used 63081K [0x792a0000, 0x7f91f000, 0x8e800000)
   the space 104956K,  60% used [0x792a0000, 0x7d03a798, 0x7d03a800, 0x7f91f000)
 compacting perm gen  total 12288K, used 7085K [0x8e800000, 0x8f400000, 0x92800000)
   the space 12288K,  57% used [0x8e800000, 0x8eeeb628, 0x8eeeb800, 0x8f400000)
    ro space 10240K,  58% used [0x92800000, 0x92de1330, 0x92de1400, 0x93200000)
    rw space 12288K,  59% used [0x93200000, 0x93916340, 0x93916400, 0x93e00000)
}
Event: 9772.881 GC heap before
{Heap before GC invocations=1827 (full 13):
 def new generation   total 47360K, used 42672K [0x6e800000, 0x71b60000, 0x792a0000)
  eden space 42112K, 100% used [0x6e800000, 0x71120000, 0x71120000)
  from space 5248K,  10% used [0x71640000, 0x716cc1c0, 0x71b60000)
  to   space 5248K,   0% used [0x71120000, 0x71120000, 0x71640000)
 tenured generation   total 104956K, used 63081K [0x792a0000, 0x7f91f000, 0x8e800000)
   the space 104956K,  60% used [0x792a0000, 0x7d03a798, 0x7d03a800, 0x7f91f000)
 compacting perm gen  total 12288K, used 7085K [0x8e800000, 0x8f400000, 0x92800000)
   the space 12288K,  57% used [0x8e800000, 0x8eeeb628, 0x8eeeb800, 0x8f400000)
    ro space 10240K,  58% used [0x92800000, 0x92de1330, 0x92de1400, 0x93200000)
    rw space 12288K,  59% used [0x93200000, 0x93916340, 0x93916400, 0x93e00000)
Event: 9772.882 GC heap after
Heap after GC invocations=1828 (full 13):
 def new generation   total 47360K, used 273K [0x6e800000, 0x71b60000, 0x792a0000)
  eden space 42112K,   0% used [0x6e800000, 0x6e800000, 0x71120000)
  from space 5248K,   5% used [0x71120000, 0x711647d0, 0x71640000)
  to   space 5248K,   0% used [0x71640000, 0x71640000, 0x71b60000)
 tenured generation   total 104956K, used 63089K [0x792a0000, 0x7f91f000, 0x8e800000)
   the space 104956K,  60% used [0x792a0000, 0x7d03c618, 0x7d03c800, 0x7f91f000)
 compacting perm gen  total 12288K, used 7085K [0x8e800000, 0x8f400000, 0x92800000)
   the space 12288K,  57% used [0x8e800000, 0x8eeeb628, 0x8eeeb800, 0x8f400000)
    ro space 10240K,  58% used [0x92800000, 0x92de1330, 0x92de1400, 0x93200000)
    rw space 12288K,  59% used [0x93200000, 0x93916340, 0x93916400, 0x93e00000)
}

