# JRE version: OpenJDK Runtime Environment (7.0_111-b01) (build 1.7.0_111-b01)
# Java VM: OpenJDK Client VM (24.111-b01 mixed mode, sharing linux-x86 )
Heap
 def new generation   total 4992K, used 3702K [0x6e800000, 0x6ed60000, 0x792a0000)
  eden space 4480K,  76% used [0x6e800000, 0x6eb57ef0, 0x6ec60000)
  from space 512K,  54% used [0x6ece0000, 0x6ed25cd8, 0x6ed60000)
  to   space 512K,   0% used [0x6ec60000, 0x6ec60000, 0x6ece0000)
 tenured generation   total 10944K, used 6870K [0x792a0000, 0x79d50000, 0x8e800000)
   the space 10944K,  62% used [0x792a0000, 0x79955998, 0x79955a00, 0x79d50000)
 compacting perm gen  total 12288K, used 6601K [0x8e800000, 0x8f400000, 0x92800000)
   the space 12288K,  53% used [0x8e800000, 0x8ee724e0, 0x8ee72600, 0x8f400000)
    ro space 10240K,  59% used [0x92800000, 0x92dfe3d8, 0x92dfe400, 0x93200000)
    rw space 12288K,  59% used [0x93200000, 0x9391c2b0, 0x9391c400, 0x93e00000)
GC Heap History (10 events):
Event: 12.248 GC heap before
{Heap before GC invocations=175 (full 1):
 def new generation   total 4992K, used 4705K [0x6e800000, 0x6ed60000, 0x792a0000)
  eden space 4480K,  99% used [0x6e800000, 0x6ec5eb10, 0x6ec60000)
  from space 512K,  45% used [0x6ec60000, 0x6ec999a8, 0x6ece0000)
  to   space 512K,   0% used [0x6ece0000, 0x6ece0000, 0x6ed60000)
 tenured generation   total 10944K, used 5662K [0x792a0000, 0x79d50000, 0x8e800000)
   the space 10944K,  51% used [0x792a0000, 0x79827be0, 0x79827c00, 0x79d50000)
 compacting perm gen  total 12288K, used 6267K [0x8e800000, 0x8f400000, 0x92800000)
   the space 12288K,  51% used [0x8e800000, 0x8ee1eee8, 0x8ee1f000, 0x8f400000)
    ro space 10240K,  59% used [0x92800000, 0x92dfe3d8, 0x92dfe400, 0x93200000)
    rw space 12288K,  59% used [0x93200000, 0x9391c2b0, 0x9391c400, 0x93e00000)
Event: 12.250 GC heap after
Heap after GC invocations=176 (full 1):
 def new generation   total 4992K, used 512K [0x6e800000, 0x6ed60000, 0x792a0000)
  eden space 4480K,   0% used [0x6e800000, 0x6e800000, 0x6ec60000)
  from space 512K, 100% used [0x6ece0000, 0x6ed60000, 0x6ed60000)
  to   space 512K,   0% used [0x6ec60000, 0x6ec60000, 0x6ece0000)
 tenured generation   total 10944K, used 6021K [0x792a0000, 0x79d50000, 0x8e800000)
   the space 10944K,  55% used [0x792a0000, 0x79881430, 0x79881600, 0x79d50000)
 compacting perm gen  total 12288K, used 6267K [0x8e800000, 0x8f400000, 0x92800000)
   the space 12288K,  51% used [0x8e800000, 0x8ee1eee8, 0x8ee1f000, 0x8f400000)
    ro space 10240K,  59% used [0x92800000, 0x92dfe3d8, 0x92dfe400, 0x93200000)
    rw space 12288K,  59% used [0x93200000, 0x9391c2b0, 0x9391c400, 0x93e00000)
}
Event: 12.346 GC heap before
{Heap before GC invocations=176 (full 1):
 def new generation   total 4992K, used 4992K [0x6e800000, 0x6ed60000, 0x792a0000)
  eden space 4480K, 100% used [0x6e800000, 0x6ec60000, 0x6ec60000)
  from space 512K, 100% used [0x6ece0000, 0x6ed60000, 0x6ed60000)
  to   space 512K,   0% used [0x6ec60000, 0x6ec60000, 0x6ece0000)
 tenured generation   total 10944K, used 6021K [0x792a0000, 0x79d50000, 0x8e800000)
   the space 10944K,  55% used [0x792a0000, 0x79881430, 0x79881600, 0x79d50000)
 compacting perm gen  total 12288K, used 6472K [0x8e800000, 0x8f400000, 0x92800000)
   the space 12288K,  52% used [0x8e800000, 0x8ee52270, 0x8ee52400, 0x8f400000)
    ro space 10240K,  59% used [0x92800000, 0x92dfe3d8, 0x92dfe400, 0x93200000)
    rw space 12288K,  59% used [0x93200000, 0x9391c2b0, 0x9391c400, 0x93e00000)
Event: 12.349 GC heap after
Heap after GC invocations=177 (full 1):
 def new generation   total 4992K, used 373K [0x6e800000, 0x6ed60000, 0x792a0000)
  eden space 4480K,   0% used [0x6e800000, 0x6e800000, 0x6ec60000)
  from space 512K,  73% used [0x6ec60000, 0x6ecbd790, 0x6ece0000)
  to   space 512K,   0% used [0x6ece0000, 0x6ece0000, 0x6ed60000)
 tenured generation   total 10944K, used 6499K [0x792a0000, 0x79d50000, 0x8e800000)
   the space 10944K,  59% used [0x792a0000, 0x798f8ff8, 0x798f9000, 0x79d50000)
 compacting perm gen  total 12288K, used 6472K [0x8e800000, 0x8f400000, 0x92800000)
   the space 12288K,  52% used [0x8e800000, 0x8ee52270, 0x8ee52400, 0x8f400000)
    ro space 10240K,  59% used [0x92800000, 0x92dfe3d8, 0x92dfe400, 0x93200000)
    rw space 12288K,  59% used [0x93200000, 0x9391c2b0, 0x9391c400, 0x93e00000)
}
Event: 12.429 GC heap before
{Heap before GC invocations=177 (full 1):
 def new generation   total 4992K, used 4853K [0x6e800000, 0x6ed60000, 0x792a0000)
  eden space 4480K, 100% used [0x6e800000, 0x6ec60000, 0x6ec60000)
  from space 512K,  73% used [0x6ec60000, 0x6ecbd790, 0x6ece0000)
  to   space 512K,   0% used [0x6ece0000, 0x6ece0000, 0x6ed60000)
 tenured generation   total 10944K, used 6499K [0x792a0000, 0x79d50000, 0x8e800000)
   the space 10944K,  59% used [0x792a0000, 0x798f8ff8, 0x798f9000, 0x79d50000)
 compacting perm gen  total 12288K, used 6555K [0x8e800000, 0x8f400000, 0x92800000)
   the space 12288K,  53% used [0x8e800000, 0x8ee66d90, 0x8ee66e00, 0x8f400000)
    ro space 10240K,  59% used [0x92800000, 0x92dfe3d8, 0x92dfe400, 0x93200000)
    rw space 12288K,  59% used [0x93200000, 0x9391c2b0, 0x9391c400, 0x93e00000)
Event: 12.430 GC heap after
Heap after GC invocations=178 (full 1):
 def new generation   total 4992K, used 180K [0x6e800000, 0x6ed60000, 0x792a0000)
  eden space 4480K,   0% used [0x6e800000, 0x6e800000, 0x6ec60000)
  from space 512K,  35% used [0x6ece0000, 0x6ed0d180, 0x6ed60000)
  to   space 512K,   0% used [0x6ec60000, 0x6ec60000, 0x6ece0000)
 tenured generation   total 10944K, used 6731K [0x792a0000, 0x79d50000, 0x8e800000)
   the space 10944K,  61% used [0x792a0000, 0x79932e20, 0x79933000, 0x79d50000)
 compacting perm gen  total 12288K, used 6555K [0x8e800000, 0x8f400000, 0x92800000)
   the space 12288K,  53% used [0x8e800000, 0x8ee66d90, 0x8ee66e00, 0x8f400000)
    ro space 10240K,  59% used [0x92800000, 0x92dfe3d8, 0x92dfe400, 0x93200000)
    rw space 12288K,  59% used [0x93200000, 0x9391c2b0, 0x9391c400, 0x93e00000)
}
Event: 12.536 GC heap before
{Heap before GC invocations=178 (full 1):
 def new generation   total 4992K, used 4660K [0x6e800000, 0x6ed60000, 0x792a0000)
  eden space 4480K, 100% used [0x6e800000, 0x6ec60000, 0x6ec60000)
  from space 512K,  35% used [0x6ece0000, 0x6ed0d180, 0x6ed60000)
  to   space 512K,   0% used [0x6ec60000, 0x6ec60000, 0x6ece0000)
 tenured generation   total 10944K, used 6731K [0x792a0000, 0x79d50000, 0x8e800000)
   the space 10944K,  61% used [0x792a0000, 0x79932e20, 0x79933000, 0x79d50000)
 compacting perm gen  total 12288K, used 6577K [0x8e800000, 0x8f400000, 0x92800000)
   the space 12288K,  53% used [0x8e800000, 0x8ee6c518, 0x8ee6c600, 0x8f400000)
    ro space 10240K,  59% used [0x92800000, 0x92dfe3d8, 0x92dfe400, 0x93200000)
    rw space 12288K,  59% used [0x93200000, 0x9391c2b0, 0x9391c400, 0x93e00000)
Event: 12.538 GC heap after
Heap after GC invocations=179 (full 1):
 def new generation   total 4992K, used 352K [0x6e800000, 0x6ed60000, 0x792a0000)
  eden space 4480K,   0% used [0x6e800000, 0x6e800000, 0x6ec60000)
  from space 512K,  68% used [0x6ec60000, 0x6ecb82d8, 0x6ece0000)
  to   space 512K,   0% used [0x6ece0000, 0x6ece0000, 0x6ed60000)
 tenured generation   total 10944K, used 6731K [0x792a0000, 0x79d50000, 0x8e800000)
   the space 10944K,  61% used [0x792a0000, 0x79932e20, 0x79933000, 0x79d50000)
 compacting perm gen  total 12288K, used 6577K [0x8e800000, 0x8f400000, 0x92800000)
   the space 12288K,  53% used [0x8e800000, 0x8ee6c518, 0x8ee6c600, 0x8f400000)
    ro space 10240K,  59% used [0x92800000, 0x92dfe3d8, 0x92dfe400, 0x93200000)
    rw space 12288K,  59% used [0x93200000, 0x9391c2b0, 0x9391c400, 0x93e00000)
}
Event: 13.711 GC heap before
{Heap before GC invocations=179 (full 1):
 def new generation   total 4992K, used 4832K [0x6e800000, 0x6ed60000, 0x792a0000)
  eden space 4480K, 100% used [0x6e800000, 0x6ec60000, 0x6ec60000)
  from space 512K,  68% used [0x6ec60000, 0x6ecb82d8, 0x6ece0000)
  to   space 512K,   0% used [0x6ece0000, 0x6ece0000, 0x6ed60000)
 tenured generation   total 10944K, used 6731K [0x792a0000, 0x79d50000, 0x8e800000)
   the space 10944K,  61% used [0x792a0000, 0x79932e20, 0x79933000, 0x79d50000)
 compacting perm gen  total 12288K, used 6580K [0x8e800000, 0x8f400000, 0x92800000)
   the space 12288K,  53% used [0x8e800000, 0x8ee6d1f8, 0x8ee6d200, 0x8f400000)
    ro space 10240K,  59% used [0x92800000, 0x92dfe3d8, 0x92dfe400, 0x93200000)
    rw space 12288K,  59% used [0x93200000, 0x9391c2b0, 0x9391c400, 0x93e00000)
Event: 13.713 GC heap after
Heap after GC invocations=180 (full 1):
 def new generation   total 4992K, used 279K [0x6e800000, 0x6ed60000, 0x792a0000)
  eden space 4480K,   0% used [0x6e800000, 0x6e800000, 0x6ec60000)
  from space 512K,  54% used [0x6ece0000, 0x6ed25cd8, 0x6ed60000)
  to   space 512K,   0% used [0x6ec60000, 0x6ec60000, 0x6ece0000)
 tenured generation   total 10944K, used 6870K [0x792a0000, 0x79d50000, 0x8e800000)
   the space 10944K,  62% used [0x792a0000, 0x79955998, 0x79955a00, 0x79d50000)
 compacting perm gen  total 12288K, used 6580K [0x8e800000, 0x8f400000, 0x92800000)
   the space 12288K,  53% used [0x8e800000, 0x8ee6d1f8, 0x8ee6d200, 0x8f400000)
    ro space 10240K,  59% used [0x92800000, 0x92dfe3d8, 0x92dfe400, 0x93200000)
    rw space 12288K,  59% used [0x93200000, 0x9391c2b0, 0x9391c400, 0x93e00000)
}

