# JRE version: OpenJDK Runtime Environment (7.0_79-b14) (build 1.7.0_79-b14)
# Java VM: OpenJDK Client VM (24.79-b02 mixed mode, sharing linux-x86 )
Heap
 def new generation   total 9600K, used 2706K [0x6e800000, 0x6f260000, 0x792a0000)
  eden space 8576K,  30% used [0x6e800000, 0x6ea8be90, 0x6f060000)
  from space 1024K,   9% used [0x6f060000, 0x6f078af8, 0x6f160000)
  to   space 1024K,   0% used [0x6f160000, 0x6f160000, 0x6f260000)
 tenured generation   total 21100K, used 18909K [0x792a0000, 0x7a73b000, 0x8e800000)
   the space 21100K,  89% used [0x792a0000, 0x7a5176a8, 0x7a517800, 0x7a73b000)
 compacting perm gen  total 12288K, used 9107K [0x8e800000, 0x8f400000, 0x92800000)
   the space 12288K,  74% used [0x8e800000, 0x8f0e4ef0, 0x8f0e5000, 0x8f400000)
    ro space 10240K,  58% used [0x92800000, 0x92de1330, 0x92de1400, 0x93200000)
    rw space 12288K,  59% used [0x93200000, 0x93916340, 0x93916400, 0x93e00000)
GC Heap History (10 events):
Event: 275.626 GC heap before
{Heap before GC invocations=735 (full 5):
 def new generation   total 9600K, used 8605K [0x6e800000, 0x6f260000, 0x792a0000)
  eden space 8576K, 100% used [0x6e800000, 0x6f060000, 0x6f060000)
  from space 1024K,   2% used [0x6f160000, 0x6f167770, 0x6f260000)
  to   space 1024K,   0% used [0x6f060000, 0x6f060000, 0x6f160000)
 tenured generation   total 21100K, used 18909K [0x792a0000, 0x7a73b000, 0x8e800000)
   the space 21100K,  89% used [0x792a0000, 0x7a5176a8, 0x7a517800, 0x7a73b000)
 compacting perm gen  total 12288K, used 9105K [0x8e800000, 0x8f400000, 0x92800000)
   the space 12288K,  74% used [0x8e800000, 0x8f0e4750, 0x8f0e4800, 0x8f400000)
    ro space 10240K,  58% used [0x92800000, 0x92de1330, 0x92de1400, 0x93200000)
    rw space 12288K,  59% used [0x93200000, 0x93916340, 0x93916400, 0x93e00000)
Event: 275.626 GC heap after
Heap after GC invocations=736 (full 5):
 def new generation   total 9600K, used 38K [0x6e800000, 0x6f260000, 0x792a0000)
  eden space 8576K,   0% used [0x6e800000, 0x6e800000, 0x6f060000)
  from space 1024K,   3% used [0x6f060000, 0x6f069ab8, 0x6f160000)
  to   space 1024K,   0% used [0x6f160000, 0x6f160000, 0x6f260000)
 tenured generation   total 21100K, used 18909K [0x792a0000, 0x7a73b000, 0x8e800000)
   the space 21100K,  89% used [0x792a0000, 0x7a5176a8, 0x7a517800, 0x7a73b000)
 compacting perm gen  total 12288K, used 9105K [0x8e800000, 0x8f400000, 0x92800000)
   the space 12288K,  74% used [0x8e800000, 0x8f0e4750, 0x8f0e4800, 0x8f400000)
    ro space 10240K,  58% used [0x92800000, 0x92de1330, 0x92de1400, 0x93200000)
    rw space 12288K,  59% used [0x93200000, 0x93916340, 0x93916400, 0x93e00000)
}
Event: 276.248 GC heap before
{Heap before GC invocations=736 (full 5):
 def new generation   total 9600K, used 8614K [0x6e800000, 0x6f260000, 0x792a0000)
  eden space 8576K, 100% used [0x6e800000, 0x6f060000, 0x6f060000)
  from space 1024K,   3% used [0x6f060000, 0x6f069ab8, 0x6f160000)
  to   space 1024K,   0% used [0x6f160000, 0x6f160000, 0x6f260000)
 tenured generation   total 21100K, used 18909K [0x792a0000, 0x7a73b000, 0x8e800000)
   the space 21100K,  89% used [0x792a0000, 0x7a5176a8, 0x7a517800, 0x7a73b000)
 compacting perm gen  total 12288K, used 9105K [0x8e800000, 0x8f400000, 0x92800000)
   the space 12288K,  74% used [0x8e800000, 0x8f0e4750, 0x8f0e4800, 0x8f400000)
    ro space 10240K,  58% used [0x92800000, 0x92de1330, 0x92de1400, 0x93200000)
    rw space 12288K,  59% used [0x93200000, 0x93916340, 0x93916400, 0x93e00000)
Event: 276.249 GC heap after
Heap after GC invocations=737 (full 5):
 def new generation   total 9600K, used 33K [0x6e800000, 0x6f260000, 0x792a0000)
  eden space 8576K,   0% used [0x6e800000, 0x6e800000, 0x6f060000)
  from space 1024K,   3% used [0x6f160000, 0x6f1686f0, 0x6f260000)
  to   space 1024K,   0% used [0x6f060000, 0x6f060000, 0x6f160000)
 tenured generation   total 21100K, used 18909K [0x792a0000, 0x7a73b000, 0x8e800000)
   the space 21100K,  89% used [0x792a0000, 0x7a5176a8, 0x7a517800, 0x7a73b000)
 compacting perm gen  total 12288K, used 9105K [0x8e800000, 0x8f400000, 0x92800000)
   the space 12288K,  74% used [0x8e800000, 0x8f0e4750, 0x8f0e4800, 0x8f400000)
    ro space 10240K,  58% used [0x92800000, 0x92de1330, 0x92de1400, 0x93200000)
    rw space 12288K,  59% used [0x93200000, 0x93916340, 0x93916400, 0x93e00000)
}
Event: 276.831 GC heap before
{Heap before GC invocations=737 (full 5):
 def new generation   total 9600K, used 8609K [0x6e800000, 0x6f260000, 0x792a0000)
  eden space 8576K, 100% used [0x6e800000, 0x6f060000, 0x6f060000)
  from space 1024K,   3% used [0x6f160000, 0x6f1686f0, 0x6f260000)
  to   space 1024K,   0% used [0x6f060000, 0x6f060000, 0x6f160000)
 tenured generation   total 21100K, used 18909K [0x792a0000, 0x7a73b000, 0x8e800000)
   the space 21100K,  89% used [0x792a0000, 0x7a5176a8, 0x7a517800, 0x7a73b000)
 compacting perm gen  total 12288K, used 9105K [0x8e800000, 0x8f400000, 0x92800000)
   the space 12288K,  74% used [0x8e800000, 0x8f0e4750, 0x8f0e4800, 0x8f400000)
    ro space 10240K,  58% used [0x92800000, 0x92de1330, 0x92de1400, 0x93200000)
    rw space 12288K,  59% used [0x93200000, 0x93916340, 0x93916400, 0x93e00000)
Event: 276.833 GC heap after
Heap after GC invocations=738 (full 5):
 def new generation   total 9600K, used 37K [0x6e800000, 0x6f260000, 0x792a0000)
  eden space 8576K,   0% used [0x6e800000, 0x6e800000, 0x6f060000)
  from space 1024K,   3% used [0x6f060000, 0x6f069560, 0x6f160000)
  to   space 1024K,   0% used [0x6f160000, 0x6f160000, 0x6f260000)
 tenured generation   total 21100K, used 18909K [0x792a0000, 0x7a73b000, 0x8e800000)
   the space 21100K,  89% used [0x792a0000, 0x7a5176a8, 0x7a517800, 0x7a73b000)
 compacting perm gen  total 12288K, used 9105K [0x8e800000, 0x8f400000, 0x92800000)
   the space 12288K,  74% used [0x8e800000, 0x8f0e4750, 0x8f0e4800, 0x8f400000)
    ro space 10240K,  58% used [0x92800000, 0x92de1330, 0x92de1400, 0x93200000)
    rw space 12288K,  59% used [0x93200000, 0x93916340, 0x93916400, 0x93e00000)
}
Event: 277.360 GC heap before
{Heap before GC invocations=738 (full 5):
 def new generation   total 9600K, used 8613K [0x6e800000, 0x6f260000, 0x792a0000)
  eden space 8576K, 100% used [0x6e800000, 0x6f060000, 0x6f060000)
  from space 1024K,   3% used [0x6f060000, 0x6f069560, 0x6f160000)
  to   space 1024K,   0% used [0x6f160000, 0x6f160000, 0x6f260000)
 tenured generation   total 21100K, used 18909K [0x792a0000, 0x7a73b000, 0x8e800000)
   the space 21100K,  89% used [0x792a0000, 0x7a5176a8, 0x7a517800, 0x7a73b000)
 compacting perm gen  total 12288K, used 9105K [0x8e800000, 0x8f400000, 0x92800000)
   the space 12288K,  74% used [0x8e800000, 0x8f0e4750, 0x8f0e4800, 0x8f400000)
    ro space 10240K,  58% used [0x92800000, 0x92de1330, 0x92de1400, 0x93200000)
    rw space 12288K,  59% used [0x93200000, 0x93916340, 0x93916400, 0x93e00000)
Event: 277.361 GC heap after
Heap after GC invocations=739 (full 5):
 def new generation   total 9600K, used 59K [0x6e800000, 0x6f260000, 0x792a0000)
  eden space 8576K,   0% used [0x6e800000, 0x6e800000, 0x6f060000)
  from space 1024K,   5% used [0x6f160000, 0x6f16ed20, 0x6f260000)
  to   space 1024K,   0% used [0x6f060000, 0x6f060000, 0x6f160000)
 tenured generation   total 21100K, used 18909K [0x792a0000, 0x7a73b000, 0x8e800000)
   the space 21100K,  89% used [0x792a0000, 0x7a5176a8, 0x7a517800, 0x7a73b000)
 compacting perm gen  total 12288K, used 9105K [0x8e800000, 0x8f400000, 0x92800000)
   the space 12288K,  74% used [0x8e800000, 0x8f0e4750, 0x8f0e4800, 0x8f400000)
    ro space 10240K,  58% used [0x92800000, 0x92de1330, 0x92de1400, 0x93200000)
    rw space 12288K,  59% used [0x93200000, 0x93916340, 0x93916400, 0x93e00000)
}
Event: 277.813 GC heap before
{Heap before GC invocations=739 (full 5):
 def new generation   total 9600K, used 8635K [0x6e800000, 0x6f260000, 0x792a0000)
  eden space 8576K, 100% used [0x6e800000, 0x6f060000, 0x6f060000)
  from space 1024K,   5% used [0x6f160000, 0x6f16ed20, 0x6f260000)
  to   space 1024K,   0% used [0x6f060000, 0x6f060000, 0x6f160000)
 tenured generation   total 21100K, used 18909K [0x792a0000, 0x7a73b000, 0x8e800000)
   the space 21100K,  89% used [0x792a0000, 0x7a5176a8, 0x7a517800, 0x7a73b000)
 compacting perm gen  total 12288K, used 9105K [0x8e800000, 0x8f400000, 0x92800000)
   the space 12288K,  74% used [0x8e800000, 0x8f0e4750, 0x8f0e4800, 0x8f400000)
    ro space 10240K,  58% used [0x92800000, 0x92de1330, 0x92de1400, 0x93200000)
    rw space 12288K,  59% used [0x93200000, 0x93916340, 0x93916400, 0x93e00000)
Event: 277.814 GC heap after
Heap after GC invocations=740 (full 5):
 def new generation   total 9600K, used 98K [0x6e800000, 0x6f260000, 0x792a0000)
  eden space 8576K,   0% used [0x6e800000, 0x6e800000, 0x6f060000)
  from space 1024K,   9% used [0x6f060000, 0x6f078af8, 0x6f160000)
  to   space 1024K,   0% used [0x6f160000, 0x6f160000, 0x6f260000)
 tenured generation   total 21100K, used 18909K [0x792a0000, 0x7a73b000, 0x8e800000)
   the space 21100K,  89% used [0x792a0000, 0x7a5176a8, 0x7a517800, 0x7a73b000)
 compacting perm gen  total 12288K, used 9105K [0x8e800000, 0x8f400000, 0x92800000)
   the space 12288K,  74% used [0x8e800000, 0x8f0e4750, 0x8f0e4800, 0x8f400000)
    ro space 10240K,  58% used [0x92800000, 0x92de1330, 0x92de1400, 0x93200000)
    rw space 12288K,  59% used [0x93200000, 0x93916340, 0x93916400, 0x93e00000)
}

