# JRE version: OpenJDK Runtime Environment (7.0_111-b01) (build 1.7.0_111-b01)
# Java VM: OpenJDK Client VM (24.111-b01 mixed mode, sharing linux-x86 )
Heap
 def new generation   total 4992K, used 3627K [0x6e800000, 0x6ed60000, 0x792a0000)
  eden space 4480K,  74% used [0x6e800000, 0x6eb471d8, 0x6ec60000)
  from space 512K,  52% used [0x6ece0000, 0x6ed23d38, 0x6ed60000)
  to   space 512K,   0% used [0x6ec60000, 0x6ec60000, 0x6ece0000)
 tenured generation   total 10752K, used 6865K [0x792a0000, 0x79d20000, 0x8e800000)
   the space 10752K,  63% used [0x792a0000, 0x79954428, 0x79954600, 0x79d20000)
 compacting perm gen  total 12288K, used 6994K [0x8e800000, 0x8f400000, 0x92800000)
   the space 12288K,  56% used [0x8e800000, 0x8eed48b8, 0x8eed4a00, 0x8f400000)
    ro space 10240K,  59% used [0x92800000, 0x92dfe3d8, 0x92dfe400, 0x93200000)
    rw space 12288K,  59% used [0x93200000, 0x9391c2b0, 0x9391c400, 0x93e00000)
GC Heap History (10 events):
Event: 7356.364 GC heap before
{Heap before GC invocations=1352 (full 9):
 def new generation   total 4992K, used 4491K [0x6e800000, 0x6ed60000, 0x792a0000)
  eden space 4480K, 100% used [0x6e800000, 0x6ec60000, 0x6ec60000)
  from space 512K,   2% used [0x6ec60000, 0x6ec62ef0, 0x6ece0000)
  to   space 512K,   0% used [0x6ece0000, 0x6ece0000, 0x6ed60000)
 tenured generation   total 10752K, used 6027K [0x792a0000, 0x79d20000, 0x8e800000)
   the space 10752K,  56% used [0x792a0000, 0x79882ec0, 0x79883000, 0x79d20000)
 compacting perm gen  total 12288K, used 6993K [0x8e800000, 0x8f400000, 0x92800000)
   the space 12288K,  56% used [0x8e800000, 0x8eed4758, 0x8eed4800, 0x8f400000)
    ro space 10240K,  59% used [0x92800000, 0x92dfe3d8, 0x92dfe400, 0x93200000)
    rw space 12288K,  59% used [0x93200000, 0x9391c2b0, 0x9391c400, 0x93e00000)
Event: 7356.364 GC heap after
Heap after GC invocations=1353 (full 9):
 def new generation   total 4992K, used 132K [0x6e800000, 0x6ed60000, 0x792a0000)
  eden space 4480K,   0% used [0x6e800000, 0x6e800000, 0x6ec60000)
  from space 512K,  25% used [0x6ece0000, 0x6ed013c0, 0x6ed60000)
  to   space 512K,   0% used [0x6ec60000, 0x6ec60000, 0x6ece0000)
 tenured generation   total 10752K, used 6027K [0x792a0000, 0x79d20000, 0x8e800000)
   the space 10752K,  56% used [0x792a0000, 0x79882fb0, 0x79883000, 0x79d20000)
 compacting perm gen  total 12288K, used 6993K [0x8e800000, 0x8f400000, 0x92800000)
   the space 12288K,  56% used [0x8e800000, 0x8eed4758, 0x8eed4800, 0x8f400000)
    ro space 10240K,  59% used [0x92800000, 0x92dfe3d8, 0x92dfe400, 0x93200000)
    rw space 12288K,  59% used [0x93200000, 0x9391c2b0, 0x9391c400, 0x93e00000)
}
Event: 7356.408 GC heap before
{Heap before GC invocations=1353 (full 9):
 def new generation   total 4992K, used 4612K [0x6e800000, 0x6ed60000, 0x792a0000)
  eden space 4480K, 100% used [0x6e800000, 0x6ec60000, 0x6ec60000)
  from space 512K,  25% used [0x6ece0000, 0x6ed013c0, 0x6ed60000)
  to   space 512K,   0% used [0x6ec60000, 0x6ec60000, 0x6ece0000)
 tenured generation   total 10752K, used 6027K [0x792a0000, 0x79d20000, 0x8e800000)
   the space 10752K,  56% used [0x792a0000, 0x79882fb0, 0x79883000, 0x79d20000)
 compacting perm gen  total 12288K, used 6993K [0x8e800000, 0x8f400000, 0x92800000)
   the space 12288K,  56% used [0x8e800000, 0x8eed4768, 0x8eed4800, 0x8f400000)
    ro space 10240K,  59% used [0x92800000, 0x92dfe3d8, 0x92dfe400, 0x93200000)
    rw space 12288K,  59% used [0x93200000, 0x9391c2b0, 0x9391c400, 0x93e00000)
Event: 7356.410 GC heap after
Heap after GC invocations=1354 (full 9):
 def new generation   total 4992K, used 512K [0x6e800000, 0x6ed60000, 0x792a0000)
  eden space 4480K,   0% used [0x6e800000, 0x6e800000, 0x6ec60000)
  from space 512K, 100% used [0x6ec60000, 0x6ece0000, 0x6ece0000)
  to   space 512K,   0% used [0x6ece0000, 0x6ece0000, 0x6ed60000)
 tenured generation   total 10752K, used 6126K [0x792a0000, 0x79d20000, 0x8e800000)
   the space 10752K,  56% used [0x792a0000, 0x7989ba28, 0x7989bc00, 0x79d20000)
 compacting perm gen  total 12288K, used 6993K [0x8e800000, 0x8f400000, 0x92800000)
   the space 12288K,  56% used [0x8e800000, 0x8eed4768, 0x8eed4800, 0x8f400000)
    ro space 10240K,  59% used [0x92800000, 0x92dfe3d8, 0x92dfe400, 0x93200000)
    rw space 12288K,  59% used [0x93200000, 0x9391c2b0, 0x9391c400, 0x93e00000)
}
Event: 7356.465 GC heap before
{Heap before GC invocations=1354 (full 9):
 def new generation   total 4992K, used 4992K [0x6e800000, 0x6ed60000, 0x792a0000)
  eden space 4480K, 100% used [0x6e800000, 0x6ec60000, 0x6ec60000)
  from space 512K, 100% used [0x6ec60000, 0x6ece0000, 0x6ece0000)
  to   space 512K,   0% used [0x6ece0000, 0x6ece0000, 0x6ed60000)
 tenured generation   total 10752K, used 6126K [0x792a0000, 0x79d20000, 0x8e800000)
   the space 10752K,  56% used [0x792a0000, 0x7989ba28, 0x7989bc00, 0x79d20000)
 compacting perm gen  total 12288K, used 6993K [0x8e800000, 0x8f400000, 0x92800000)
   the space 12288K,  56% used [0x8e800000, 0x8eed4768, 0x8eed4800, 0x8f400000)
    ro space 10240K,  59% used [0x92800000, 0x92dfe3d8, 0x92dfe400, 0x93200000)
    rw space 12288K,  59% used [0x93200000, 0x9391c2b0, 0x9391c400, 0x93e00000)
Event: 7356.467 GC heap after
Heap after GC invocations=1355 (full 9):
 def new generation   total 4992K, used 350K [0x6e800000, 0x6ed60000, 0x792a0000)
  eden space 4480K,   0% used [0x6e800000, 0x6e800000, 0x6ec60000)
  from space 512K,  68% used [0x6ece0000, 0x6ed379d8, 0x6ed60000)
  to   space 512K,   0% used [0x6ec60000, 0x6ec60000, 0x6ece0000)
 tenured generation   total 10752K, used 6607K [0x792a0000, 0x79d20000, 0x8e800000)
   the space 10752K,  61% used [0x792a0000, 0x79913d88, 0x79913e00, 0x79d20000)
 compacting perm gen  total 12288K, used 6993K [0x8e800000, 0x8f400000, 0x92800000)
   the space 12288K,  56% used [0x8e800000, 0x8eed4768, 0x8eed4800, 0x8f400000)
    ro space 10240K,  59% used [0x92800000, 0x92dfe3d8, 0x92dfe400, 0x93200000)
    rw space 12288K,  59% used [0x93200000, 0x9391c2b0, 0x9391c400, 0x93e00000)
}
Event: 7356.544 GC heap before
{Heap before GC invocations=1355 (full 9):
 def new generation   total 4992K, used 4830K [0x6e800000, 0x6ed60000, 0x792a0000)
  eden space 4480K, 100% used [0x6e800000, 0x6ec60000, 0x6ec60000)
  from space 512K,  68% used [0x6ece0000, 0x6ed379d8, 0x6ed60000)
  to   space 512K,   0% used [0x6ec60000, 0x6ec60000, 0x6ece0000)
 tenured generation   total 10752K, used 6607K [0x792a0000, 0x79d20000, 0x8e800000)
   the space 10752K,  61% used [0x792a0000, 0x79913d88, 0x79913e00, 0x79d20000)
 compacting perm gen  total 12288K, used 6994K [0x8e800000, 0x8f400000, 0x92800000)
   the space 12288K,  56% used [0x8e800000, 0x8eed48b8, 0x8eed4a00, 0x8f400000)
    ro space 10240K,  59% used [0x92800000, 0x92dfe3d8, 0x92dfe400, 0x93200000)
    rw space 12288K,  59% used [0x93200000, 0x9391c2b0, 0x9391c400, 0x93e00000)
Event: 7356.545 GC heap after
Heap after GC invocations=1356 (full 9):
 def new generation   total 4992K, used 222K [0x6e800000, 0x6ed60000, 0x792a0000)
  eden space 4480K,   0% used [0x6e800000, 0x6e800000, 0x6ec60000)
  from space 512K,  43% used [0x6ec60000, 0x6ec97958, 0x6ece0000)
  to   space 512K,   0% used [0x6ece0000, 0x6ece0000, 0x6ed60000)
 tenured generation   total 10752K, used 6865K [0x792a0000, 0x79d20000, 0x8e800000)
   the space 10752K,  63% used [0x792a0000, 0x79954428, 0x79954600, 0x79d20000)
 compacting perm gen  total 12288K, used 6994K [0x8e800000, 0x8f400000, 0x92800000)
   the space 12288K,  56% used [0x8e800000, 0x8eed48b8, 0x8eed4a00, 0x8f400000)
    ro space 10240K,  59% used [0x92800000, 0x92dfe3d8, 0x92dfe400, 0x93200000)
    rw space 12288K,  59% used [0x93200000, 0x9391c2b0, 0x9391c400, 0x93e00000)
}
Event: 7356.622 GC heap before
{Heap before GC invocations=1356 (full 9):
 def new generation   total 4992K, used 4690K [0x6e800000, 0x6ed60000, 0x792a0000)
  eden space 4480K,  99% used [0x6e800000, 0x6ec5d180, 0x6ec60000)
  from space 512K,  43% used [0x6ec60000, 0x6ec97958, 0x6ece0000)
  to   space 512K,   0% used [0x6ece0000, 0x6ece0000, 0x6ed60000)
 tenured generation   total 10752K, used 6865K [0x792a0000, 0x79d20000, 0x8e800000)
   the space 10752K,  63% used [0x792a0000, 0x79954428, 0x79954600, 0x79d20000)
 compacting perm gen  total 12288K, used 6994K [0x8e800000, 0x8f400000, 0x92800000)
   the space 12288K,  56% used [0x8e800000, 0x8eed48b8, 0x8eed4a00, 0x8f400000)
    ro space 10240K,  59% used [0x92800000, 0x92dfe3d8, 0x92dfe400, 0x93200000)
    rw space 12288K,  59% used [0x93200000, 0x9391c2b0, 0x9391c400, 0x93e00000)
Event: 7356.622 GC heap after
Heap after GC invocations=1357 (full 9):
 def new generation   total 4992K, used 271K [0x6e800000, 0x6ed60000, 0x792a0000)
  eden space 4480K,   0% used [0x6e800000, 0x6e800000, 0x6ec60000)
  from space 512K,  52% used [0x6ece0000, 0x6ed23d38, 0x6ed60000)
  to   space 512K,   0% used [0x6ec60000, 0x6ec60000, 0x6ece0000)
 tenured generation   total 10752K, used 6865K [0x792a0000, 0x79d20000, 0x8e800000)
   the space 10752K,  63% used [0x792a0000, 0x79954428, 0x79954600, 0x79d20000)
 compacting perm gen  total 12288K, used 6994K [0x8e800000, 0x8f400000, 0x92800000)
   the space 12288K,  56% used [0x8e800000, 0x8eed48b8, 0x8eed4a00, 0x8f400000)
    ro space 10240K,  59% used [0x92800000, 0x92dfe3d8, 0x92dfe400, 0x93200000)
    rw space 12288K,  59% used [0x93200000, 0x9391c2b0, 0x9391c400, 0x93e00000)
}

