# JRE version: OpenJDK Runtime Environment (7.0_79-b14) (build 1.7.0_79-b14)
# Java VM: OpenJDK Client VM (24.79-b02 mixed mode, sharing linux-x86 )
Heap
 def new generation   total 5056K, used 1463K [0x6e800000, 0x6ed70000, 0x792a0000)
  eden space 4544K,  29% used [0x6e800000, 0x6e949de8, 0x6ec70000)
  from space 512K,  28% used [0x6ec70000, 0x6ec93f88, 0x6ecf0000)
  to   space 512K,   0% used [0x6ecf0000, 0x6ecf0000, 0x6ed70000)
 tenured generation   total 10944K, used 8212K [0x792a0000, 0x79d50000, 0x8e800000)
   the space 10944K,  75% used [0x792a0000, 0x79aa53e0, 0x79aa5400, 0x79d50000)
 compacting perm gen  total 12288K, used 6787K [0x8e800000, 0x8f400000, 0x92800000)
   the space 12288K,  55% used [0x8e800000, 0x8eea0d68, 0x8eea0e00, 0x8f400000)
    ro space 10240K,  58% used [0x92800000, 0x92de1330, 0x92de1400, 0x93200000)
    rw space 12288K,  59% used [0x93200000, 0x93916340, 0x93916400, 0x93e00000)
GC Heap History (10 events):
Event: 175.087 GC heap before
{Heap before GC invocations=560 (full 4):
 def new generation   total 5056K, used 4558K [0x6e800000, 0x6ed70000, 0x792a0000)
  eden space 4544K, 100% used [0x6e800000, 0x6ec70000, 0x6ec70000)
  from space 512K,   2% used [0x6ecf0000, 0x6ecf3938, 0x6ed70000)
  to   space 512K,   0% used [0x6ec70000, 0x6ec70000, 0x6ecf0000)
 tenured generation   total 10944K, used 7443K [0x792a0000, 0x79d50000, 0x8e800000)
   the space 10944K,  68% used [0x792a0000, 0x799e4f40, 0x799e5000, 0x79d50000)
 compacting perm gen  total 12288K, used 6787K [0x8e800000, 0x8f400000, 0x92800000)
   the space 12288K,  55% used [0x8e800000, 0x8eea0ca8, 0x8eea0e00, 0x8f400000)
    ro space 10240K,  58% used [0x92800000, 0x92de1330, 0x92de1400, 0x93200000)
    rw space 12288K,  59% used [0x93200000, 0x93916340, 0x93916400, 0x93e00000)
Event: 175.087 GC heap after
Heap after GC invocations=561 (full 4):
 def new generation   total 5056K, used 140K [0x6e800000, 0x6ed70000, 0x792a0000)
  eden space 4544K,   0% used [0x6e800000, 0x6e800000, 0x6ec70000)
  from space 512K,  27% used [0x6ec70000, 0x6ec93040, 0x6ecf0000)
  to   space 512K,   0% used [0x6ecf0000, 0x6ecf0000, 0x6ed70000)
 tenured generation   total 10944K, used 7443K [0x792a0000, 0x79d50000, 0x8e800000)
   the space 10944K,  68% used [0x792a0000, 0x799e4fc0, 0x799e5000, 0x79d50000)
 compacting perm gen  total 12288K, used 6787K [0x8e800000, 0x8f400000, 0x92800000)
   the space 12288K,  55% used [0x8e800000, 0x8eea0ca8, 0x8eea0e00, 0x8f400000)
    ro space 10240K,  58% used [0x92800000, 0x92de1330, 0x92de1400, 0x93200000)
    rw space 12288K,  59% used [0x93200000, 0x93916340, 0x93916400, 0x93e00000)
}
Event: 175.170 GC heap before
{Heap before GC invocations=561 (full 4):
 def new generation   total 5056K, used 4684K [0x6e800000, 0x6ed70000, 0x792a0000)
  eden space 4544K, 100% used [0x6e800000, 0x6ec70000, 0x6ec70000)
  from space 512K,  27% used [0x6ec70000, 0x6ec93040, 0x6ecf0000)
  to   space 512K,   0% used [0x6ecf0000, 0x6ecf0000, 0x6ed70000)
 tenured generation   total 10944K, used 7443K [0x792a0000, 0x79d50000, 0x8e800000)
   the space 10944K,  68% used [0x792a0000, 0x799e4fc0, 0x799e5000, 0x79d50000)
 compacting perm gen  total 12288K, used 6787K [0x8e800000, 0x8f400000, 0x92800000)
   the space 12288K,  55% used [0x8e800000, 0x8eea0cd8, 0x8eea0e00, 0x8f400000)
    ro space 10240K,  58% used [0x92800000, 0x92de1330, 0x92de1400, 0x93200000)
    rw space 12288K,  59% used [0x93200000, 0x93916340, 0x93916400, 0x93e00000)
Event: 175.173 GC heap after
Heap after GC invocations=562 (full 4):
 def new generation   total 5056K, used 512K [0x6e800000, 0x6ed70000, 0x792a0000)
  eden space 4544K,   0% used [0x6e800000, 0x6e800000, 0x6ec70000)
  from space 512K, 100% used [0x6ecf0000, 0x6ed70000, 0x6ed70000)
  to   space 512K,   0% used [0x6ec70000, 0x6ec70000, 0x6ecf0000)
 tenured generation   total 10944K, used 7669K [0x792a0000, 0x79d50000, 0x8e800000)
   the space 10944K,  70% used [0x792a0000, 0x79a1d760, 0x79a1d800, 0x79d50000)
 compacting perm gen  total 12288K, used 6787K [0x8e800000, 0x8f400000, 0x92800000)
   the space 12288K,  55% used [0x8e800000, 0x8eea0cd8, 0x8eea0e00, 0x8f400000)
    ro space 10240K,  58% used [0x92800000, 0x92de1330, 0x92de1400, 0x93200000)
    rw space 12288K,  59% used [0x93200000, 0x93916340, 0x93916400, 0x93e00000)
}
Event: 175.234 GC heap before
{Heap before GC invocations=562 (full 4):
 def new generation   total 5056K, used 5044K [0x6e800000, 0x6ed70000, 0x792a0000)
  eden space 4544K,  99% used [0x6e800000, 0x6ec6d0f0, 0x6ec70000)
  from space 512K, 100% used [0x6ecf0000, 0x6ed70000, 0x6ed70000)
  to   space 512K,   0% used [0x6ec70000, 0x6ec70000, 0x6ecf0000)
 tenured generation   total 10944K, used 7669K [0x792a0000, 0x79d50000, 0x8e800000)
   the space 10944K,  70% used [0x792a0000, 0x79a1d760, 0x79a1d800, 0x79d50000)
 compacting perm gen  total 12288K, used 6787K [0x8e800000, 0x8f400000, 0x92800000)
   the space 12288K,  55% used [0x8e800000, 0x8eea0d38, 0x8eea0e00, 0x8f400000)
    ro space 10240K,  58% used [0x92800000, 0x92de1330, 0x92de1400, 0x93200000)
    rw space 12288K,  59% used [0x93200000, 0x93916340, 0x93916400, 0x93e00000)
Event: 175.236 GC heap after
Heap after GC invocations=563 (full 4):
 def new generation   total 5056K, used 173K [0x6e800000, 0x6ed70000, 0x792a0000)
  eden space 4544K,   0% used [0x6e800000, 0x6e800000, 0x6ec70000)
  from space 512K,  33% used [0x6ec70000, 0x6ec9b498, 0x6ecf0000)
  to   space 512K,   0% used [0x6ecf0000, 0x6ecf0000, 0x6ed70000)
 tenured generation   total 10944K, used 8084K [0x792a0000, 0x79d50000, 0x8e800000)
   the space 10944K,  73% used [0x792a0000, 0x79a85320, 0x79a85400, 0x79d50000)
 compacting perm gen  total 12288K, used 6787K [0x8e800000, 0x8f400000, 0x92800000)
   the space 12288K,  55% used [0x8e800000, 0x8eea0d38, 0x8eea0e00, 0x8f400000)
    ro space 10240K,  58% used [0x92800000, 0x92de1330, 0x92de1400, 0x93200000)
    rw space 12288K,  59% used [0x93200000, 0x93916340, 0x93916400, 0x93e00000)
}
Event: 175.313 GC heap before
{Heap before GC invocations=563 (full 4):
 def new generation   total 5056K, used 4716K [0x6e800000, 0x6ed70000, 0x792a0000)
  eden space 4544K,  99% used [0x6e800000, 0x6ec6ff38, 0x6ec70000)
  from space 512K,  33% used [0x6ec70000, 0x6ec9b498, 0x6ecf0000)
  to   space 512K,   0% used [0x6ecf0000, 0x6ecf0000, 0x6ed70000)
 tenured generation   total 10944K, used 8084K [0x792a0000, 0x79d50000, 0x8e800000)
   the space 10944K,  73% used [0x792a0000, 0x79a85320, 0x79a85400, 0x79d50000)
 compacting perm gen  total 12288K, used 6787K [0x8e800000, 0x8f400000, 0x92800000)
   the space 12288K,  55% used [0x8e800000, 0x8eea0d68, 0x8eea0e00, 0x8f400000)
    ro space 10240K,  58% used [0x92800000, 0x92de1330, 0x92de1400, 0x93200000)
    rw space 12288K,  59% used [0x93200000, 0x93916340, 0x93916400, 0x93e00000)
Event: 175.314 GC heap after
Heap after GC invocations=564 (full 4):
 def new generation   total 5056K, used 300K [0x6e800000, 0x6ed70000, 0x792a0000)
  eden space 4544K,   0% used [0x6e800000, 0x6e800000, 0x6ec70000)
  from space 512K,  58% used [0x6ecf0000, 0x6ed3b108, 0x6ed70000)
  to   space 512K,   0% used [0x6ec70000, 0x6ec70000, 0x6ecf0000)
 tenured generation   total 10944K, used 8084K [0x792a0000, 0x79d50000, 0x8e800000)
   the space 10944K,  73% used [0x792a0000, 0x79a85320, 0x79a85400, 0x79d50000)
 compacting perm gen  total 12288K, used 6787K [0x8e800000, 0x8f400000, 0x92800000)
   the space 12288K,  55% used [0x8e800000, 0x8eea0d68, 0x8eea0e00, 0x8f400000)
    ro space 10240K,  58% used [0x92800000, 0x92de1330, 0x92de1400, 0x93200000)
    rw space 12288K,  59% used [0x93200000, 0x93916340, 0x93916400, 0x93e00000)
}
Event: 175.405 GC heap before
{Heap before GC invocations=564 (full 4):
 def new generation   total 5056K, used 4844K [0x6e800000, 0x6ed70000, 0x792a0000)
  eden space 4544K, 100% used [0x6e800000, 0x6ec70000, 0x6ec70000)
  from space 512K,  58% used [0x6ecf0000, 0x6ed3b108, 0x6ed70000)
  to   space 512K,   0% used [0x6ec70000, 0x6ec70000, 0x6ecf0000)
 tenured generation   total 10944K, used 8084K [0x792a0000, 0x79d50000, 0x8e800000)
   the space 10944K,  73% used [0x792a0000, 0x79a85320, 0x79a85400, 0x79d50000)
 compacting perm gen  total 12288K, used 6787K [0x8e800000, 0x8f400000, 0x92800000)
   the space 12288K,  55% used [0x8e800000, 0x8eea0d68, 0x8eea0e00, 0x8f400000)
    ro space 10240K,  58% used [0x92800000, 0x92de1330, 0x92de1400, 0x93200000)
    rw space 12288K,  59% used [0x93200000, 0x93916340, 0x93916400, 0x93e00000)
Event: 175.406 GC heap after
Heap after GC invocations=565 (full 4):
 def new generation   total 5056K, used 143K [0x6e800000, 0x6ed70000, 0x792a0000)
  eden space 4544K,   0% used [0x6e800000, 0x6e800000, 0x6ec70000)
  from space 512K,  28% used [0x6ec70000, 0x6ec93f88, 0x6ecf0000)
  to   space 512K,   0% used [0x6ecf0000, 0x6ecf0000, 0x6ed70000)
 tenured generation   total 10944K, used 8212K [0x792a0000, 0x79d50000, 0x8e800000)
   the space 10944K,  75% used [0x792a0000, 0x79aa53e0, 0x79aa5400, 0x79d50000)
 compacting perm gen  total 12288K, used 6787K [0x8e800000, 0x8f400000, 0x92800000)
   the space 12288K,  55% used [0x8e800000, 0x8eea0d68, 0x8eea0e00, 0x8f400000)
    ro space 10240K,  58% used [0x92800000, 0x92de1330, 0x92de1400, 0x93200000)
    rw space 12288K,  59% used [0x93200000, 0x93916340, 0x93916400, 0x93e00000)
}

