# JRE version: OpenJDK Runtime Environment (7.0_121) (build 1.7.0_121-b00)
# Java VM: OpenJDK Client VM (24.121-b00 mixed mode, sharing linux-x86 )
Heap
 def new generation   total 6848K, used 5056K [0x6e800000, 0x6ef60000, 0x792a0000)
  eden space 6144K,  75% used [0x6e800000, 0x6ec876f8, 0x6ee00000)
  from space 704K,  59% used [0x6ee00000, 0x6ee68cc0, 0x6eeb0000)
  to   space 704K,   0% used [0x6eeb0000, 0x6eeb0000, 0x6ef60000)
 tenured generation   total 14784K, used 10478K [0x792a0000, 0x7a110000, 0x8e800000)
   the space 14784K,  70% used [0x792a0000, 0x79cdba00, 0x79cdba00, 0x7a110000)
 compacting perm gen  total 12288K, used 7804K [0x8e800000, 0x8f400000, 0x92800000)
   the space 12288K,  63% used [0x8e800000, 0x8ef9f1e8, 0x8ef9f200, 0x8f400000)
    ro space 10240K,  60% used [0x92800000, 0x92e00d38, 0x92e00e00, 0x93200000)
    rw space 12288K,  59% used [0x93200000, 0x9391e858, 0x9391ea00, 0x93e00000)
GC Heap History (10 events):
Event: 28884.408 GC heap before
{Heap before GC invocations=1835 (full 12):
 def new generation   total 6848K, used 6157K [0x6e800000, 0x6ef60000, 0x792a0000)
  eden space 6144K, 100% used [0x6e800000, 0x6ee00000, 0x6ee00000)
  from space 704K,   1% used [0x6eeb0000, 0x6eeb3630, 0x6ef60000)
  to   space 704K,   0% used [0x6ee00000, 0x6ee00000, 0x6eeb0000)
 tenured generation   total 14784K, used 9835K [0x792a0000, 0x7a110000, 0x8e800000)
   the space 14784K,  66% used [0x792a0000, 0x79c3af10, 0x79c3b000, 0x7a110000)
 compacting perm gen  total 12288K, used 7804K [0x8e800000, 0x8f400000, 0x92800000)
   the space 12288K,  63% used [0x8e800000, 0x8ef9f1b8, 0x8ef9f200, 0x8f400000)
    ro space 10240K,  60% used [0x92800000, 0x92e00d38, 0x92e00e00, 0x93200000)
    rw space 12288K,  59% used [0x93200000, 0x9391e858, 0x9391ea00, 0x93e00000)
Event: 28884.408 GC heap after
Heap after GC invocations=1836 (full 12):
 def new generation   total 6848K, used 14K [0x6e800000, 0x6ef60000, 0x792a0000)
  eden space 6144K,   0% used [0x6e800000, 0x6e800000, 0x6ee00000)
  from space 704K,   2% used [0x6ee00000, 0x6ee03b88, 0x6eeb0000)
  to   space 704K,   0% used [0x6eeb0000, 0x6eeb0000, 0x6ef60000)
 tenured generation   total 14784K, used 9835K [0x792a0000, 0x7a110000, 0x8e800000)
   the space 14784K,  66% used [0x792a0000, 0x79c3aff8, 0x79c3b000, 0x7a110000)
 compacting perm gen  total 12288K, used 7804K [0x8e800000, 0x8f400000, 0x92800000)
   the space 12288K,  63% used [0x8e800000, 0x8ef9f1b8, 0x8ef9f200, 0x8f400000)
    ro space 10240K,  60% used [0x92800000, 0x92e00d38, 0x92e00e00, 0x93200000)
    rw space 12288K,  59% used [0x93200000, 0x9391e858, 0x9391ea00, 0x93e00000)
}
Event: 28884.424 GC heap before
{Heap before GC invocations=1836 (full 12):
 def new generation   total 6848K, used 6158K [0x6e800000, 0x6ef60000, 0x792a0000)
  eden space 6144K, 100% used [0x6e800000, 0x6ee00000, 0x6ee00000)
  from space 704K,   2% used [0x6ee00000, 0x6ee03b88, 0x6eeb0000)
  to   space 704K,   0% used [0x6eeb0000, 0x6eeb0000, 0x6ef60000)
 tenured generation   total 14784K, used 9835K [0x792a0000, 0x7a110000, 0x8e800000)
   the space 14784K,  66% used [0x792a0000, 0x79c3aff8, 0x79c3b000, 0x7a110000)
 compacting perm gen  total 12288K, used 7804K [0x8e800000, 0x8f400000, 0x92800000)
   the space 12288K,  63% used [0x8e800000, 0x8ef9f1b8, 0x8ef9f200, 0x8f400000)
    ro space 10240K,  60% used [0x92800000, 0x92e00d38, 0x92e00e00, 0x93200000)
    rw space 12288K,  59% used [0x93200000, 0x9391e858, 0x9391ea00, 0x93e00000)
Event: 28884.425 GC heap after
Heap after GC invocations=1837 (full 12):
 def new generation   total 6848K, used 170K [0x6e800000, 0x6ef60000, 0x792a0000)
  eden space 6144K,   0% used [0x6e800000, 0x6e800000, 0x6ee00000)
  from space 704K,  24% used [0x6eeb0000, 0x6eedab90, 0x6ef60000)
  to   space 704K,   0% used [0x6ee00000, 0x6ee00000, 0x6eeb0000)
 tenured generation   total 14784K, used 9837K [0x792a0000, 0x7a110000, 0x8e800000)
   the space 14784K,  66% used [0x792a0000, 0x79c3b420, 0x79c3b600, 0x7a110000)
 compacting perm gen  total 12288K, used 7804K [0x8e800000, 0x8f400000, 0x92800000)
   the space 12288K,  63% used [0x8e800000, 0x8ef9f1b8, 0x8ef9f200, 0x8f400000)
    ro space 10240K,  60% used [0x92800000, 0x92e00d38, 0x92e00e00, 0x93200000)
    rw space 12288K,  59% used [0x93200000, 0x9391e858, 0x9391ea00, 0x93e00000)
}
Event: 28884.471 GC heap before
{Heap before GC invocations=1837 (full 12):
 def new generation   total 6848K, used 6314K [0x6e800000, 0x6ef60000, 0x792a0000)
  eden space 6144K, 100% used [0x6e800000, 0x6ee00000, 0x6ee00000)
  from space 704K,  24% used [0x6eeb0000, 0x6eedab90, 0x6ef60000)
  to   space 704K,   0% used [0x6ee00000, 0x6ee00000, 0x6eeb0000)
 tenured generation   total 14784K, used 9837K [0x792a0000, 0x7a110000, 0x8e800000)
   the space 14784K,  66% used [0x792a0000, 0x79c3b420, 0x79c3b600, 0x7a110000)
 compacting perm gen  total 12288K, used 7804K [0x8e800000, 0x8f400000, 0x92800000)
   the space 12288K,  63% used [0x8e800000, 0x8ef9f1c8, 0x8ef9f200, 0x8f400000)
    ro space 10240K,  60% used [0x92800000, 0x92e00d38, 0x92e00e00, 0x93200000)
    rw space 12288K,  59% used [0x93200000, 0x9391e858, 0x9391ea00, 0x93e00000)
Event: 28884.474 GC heap after
Heap after GC invocations=1838 (full 12):
 def new generation   total 6848K, used 657K [0x6e800000, 0x6ef60000, 0x792a0000)
  eden space 6144K,   0% used [0x6e800000, 0x6e800000, 0x6ee00000)
  from space 704K,  93% used [0x6ee00000, 0x6eea45f0, 0x6eeb0000)
  to   space 704K,   0% used [0x6eeb0000, 0x6eeb0000, 0x6ef60000)
 tenured generation   total 14784K, used 9837K [0x792a0000, 0x7a110000, 0x8e800000)
   the space 14784K,  66% used [0x792a0000, 0x79c3b508, 0x79c3b600, 0x7a110000)
 compacting perm gen  total 12288K, used 7804K [0x8e800000, 0x8f400000, 0x92800000)
   the space 12288K,  63% used [0x8e800000, 0x8ef9f1c8, 0x8ef9f200, 0x8f400000)
    ro space 10240K,  60% used [0x92800000, 0x92e00d38, 0x92e00e00, 0x93200000)
    rw space 12288K,  59% used [0x93200000, 0x9391e858, 0x9391ea00, 0x93e00000)
}
Event: 28884.565 GC heap before
{Heap before GC invocations=1838 (full 12):
 def new generation   total 6848K, used 6801K [0x6e800000, 0x6ef60000, 0x792a0000)
  eden space 6144K, 100% used [0x6e800000, 0x6ee00000, 0x6ee00000)
  from space 704K,  93% used [0x6ee00000, 0x6eea45f0, 0x6eeb0000)
  to   space 704K,   0% used [0x6eeb0000, 0x6eeb0000, 0x6ef60000)
 tenured generation   total 14784K, used 9837K [0x792a0000, 0x7a110000, 0x8e800000)
   the space 14784K,  66% used [0x792a0000, 0x79c3b508, 0x79c3b600, 0x7a110000)
 compacting perm gen  total 12288K, used 7804K [0x8e800000, 0x8f400000, 0x92800000)
   the space 12288K,  63% used [0x8e800000, 0x8ef9f1d8, 0x8ef9f200, 0x8f400000)
    ro space 10240K,  60% used [0x92800000, 0x92e00d38, 0x92e00e00, 0x93200000)
    rw space 12288K,  59% used [0x93200000, 0x9391e858, 0x9391ea00, 0x93e00000)
Event: 28884.567 GC heap after
Heap after GC invocations=1839 (full 12):
 def new generation   total 6848K, used 272K [0x6e800000, 0x6ef60000, 0x792a0000)
  eden space 6144K,   0% used [0x6e800000, 0x6e800000, 0x6ee00000)
  from space 704K,  38% used [0x6eeb0000, 0x6eef40d0, 0x6ef60000)
  to   space 704K,   0% used [0x6ee00000, 0x6ee00000, 0x6eeb0000)
 tenured generation   total 14784K, used 10478K [0x792a0000, 0x7a110000, 0x8e800000)
   the space 14784K,  70% used [0x792a0000, 0x79cdba00, 0x79cdba00, 0x7a110000)
 compacting perm gen  total 12288K, used 7804K [0x8e800000, 0x8f400000, 0x92800000)
   the space 12288K,  63% used [0x8e800000, 0x8ef9f1d8, 0x8ef9f200, 0x8f400000)
    ro space 10240K,  60% used [0x92800000, 0x92e00d38, 0x92e00e00, 0x93200000)
    rw space 12288K,  59% used [0x93200000, 0x9391e858, 0x9391ea00, 0x93e00000)
}
Event: 28884.670 GC heap before
{Heap before GC invocations=1839 (full 12):
 def new generation   total 6848K, used 6416K [0x6e800000, 0x6ef60000, 0x792a0000)
  eden space 6144K, 100% used [0x6e800000, 0x6ee00000, 0x6ee00000)
  from space 704K,  38% used [0x6eeb0000, 0x6eef40d0, 0x6ef60000)
  to   space 704K,   0% used [0x6ee00000, 0x6ee00000, 0x6eeb0000)
 tenured generation   total 14784K, used 10478K [0x792a0000, 0x7a110000, 0x8e800000)
   the space 14784K,  70% used [0x792a0000, 0x79cdba00, 0x79cdba00, 0x7a110000)
 compacting perm gen  total 12288K, used 7804K [0x8e800000, 0x8f400000, 0x92800000)
   the space 12288K,  63% used [0x8e800000, 0x8ef9f1d8, 0x8ef9f200, 0x8f400000)
    ro space 10240K,  60% used [0x92800000, 0x92e00d38, 0x92e00e00, 0x93200000)
    rw space 12288K,  59% used [0x93200000, 0x9391e858, 0x9391ea00, 0x93e00000)
Event: 28884.671 GC heap after
Heap after GC invocations=1840 (full 12):
 def new generation   total 6848K, used 419K [0x6e800000, 0x6ef60000, 0x792a0000)
  eden space 6144K,   0% used [0x6e800000, 0x6e800000, 0x6ee00000)
  from space 704K,  59% used [0x6ee00000, 0x6ee68cc0, 0x6eeb0000)
  to   space 704K,   0% used [0x6eeb0000, 0x6eeb0000, 0x6ef60000)
 tenured generation   total 14784K, used 10478K [0x792a0000, 0x7a110000, 0x8e800000)
   the space 14784K,  70% used [0x792a0000, 0x79cdba00, 0x79cdba00, 0x7a110000)
 compacting perm gen  total 12288K, used 7804K [0x8e800000, 0x8f400000, 0x92800000)
   the space 12288K,  63% used [0x8e800000, 0x8ef9f1d8, 0x8ef9f200, 0x8f400000)
    ro space 10240K,  60% used [0x92800000, 0x92e00d38, 0x92e00e00, 0x93200000)
    rw space 12288K,  59% used [0x93200000, 0x9391e858, 0x9391ea00, 0x93e00000)
}

