# JRE version: OpenJDK Runtime Environment (7.0_111-b01) (build 1.7.0_111-b01)
# Java VM: OpenJDK Client VM (24.111-b01 mixed mode, sharing linux-x86 )
Heap
 def new generation   total 8576K, used 2406K [0x6e800000, 0x6f140000, 0x792a0000)
  eden space 7680K,  27% used [0x6e800000, 0x6ea0b708, 0x6ef80000)
  from space 896K,  34% used [0x6ef80000, 0x6efce2a0, 0x6f060000)
  to   space 896K,   0% used [0x6f060000, 0x6f060000, 0x6f140000)
 tenured generation   total 18772K, used 12136K [0x792a0000, 0x7a4f5000, 0x8e800000)
   the space 18772K,  64% used [0x792a0000, 0x79e7a068, 0x79e7a200, 0x7a4f5000)
 compacting perm gen  total 12288K, used 8405K [0x8e800000, 0x8f400000, 0x92800000)
   the space 12288K,  68% used [0x8e800000, 0x8f035748, 0x8f035800, 0x8f400000)
    ro space 10240K,  59% used [0x92800000, 0x92dfe3d8, 0x92dfe400, 0x93200000)
    rw space 12288K,  59% used [0x93200000, 0x9391c2b0, 0x9391c400, 0x93e00000)
GC Heap History (10 events):
Event: 10.488 GC heap before
{Heap before GC invocations=192 (full 2):
 def new generation   total 4992K, used 4907K [0x6e800000, 0x6ed60000, 0x792a0000)
  eden space 4480K, 100% used [0x6e800000, 0x6ec60000, 0x6ec60000)
  from space 512K,  83% used [0x6ec60000, 0x6eccad28, 0x6ece0000)
  to   space 512K,   0% used [0x6ece0000, 0x6ece0000, 0x6ed60000)
 tenured generation   total 10944K, used 7610K [0x792a0000, 0x79d50000, 0x8e800000)
   the space 10944K,  69% used [0x792a0000, 0x79a0e888, 0x79a0ea00, 0x79d50000)
 compacting perm gen  total 12288K, used 6768K [0x8e800000, 0x8f400000, 0x92800000)
   the space 12288K,  55% used [0x8e800000, 0x8ee9c2f8, 0x8ee9c400, 0x8f400000)
    ro space 10240K,  59% used [0x92800000, 0x92dfe3d8, 0x92dfe400, 0x93200000)
    rw space 12288K,  59% used [0x93200000, 0x9391c2b0, 0x9391c400, 0x93e00000)
Event: 10.491 GC heap after
Heap after GC invocations=193 (full 2):
 def new generation   total 4992K, used 364K [0x6e800000, 0x6ed60000, 0x792a0000)
  eden space 4480K,   0% used [0x6e800000, 0x6e800000, 0x6ec60000)
  from space 512K,  71% used [0x6ece0000, 0x6ed3b010, 0x6ed60000)
  to   space 512K,   0% used [0x6ec60000, 0x6ec60000, 0x6ece0000)
 tenured generation   total 10944K, used 7969K [0x792a0000, 0x79d50000, 0x8e800000)
   the space 10944K,  72% used [0x792a0000, 0x79a684d0, 0x79a68600, 0x79d50000)
 compacting perm gen  total 12288K, used 6768K [0x8e800000, 0x8f400000, 0x92800000)
   the space 12288K,  55% used [0x8e800000, 0x8ee9c2f8, 0x8ee9c400, 0x8f400000)
    ro space 10240K,  59% used [0x92800000, 0x92dfe3d8, 0x92dfe400, 0x93200000)
    rw space 12288K,  59% used [0x93200000, 0x9391c2b0, 0x9391c400, 0x93e00000)
}
Event: 10.542 GC heap before
{Heap before GC invocations=193 (full 2):
 def new generation   total 4992K, used 4837K [0x6e800000, 0x6ed60000, 0x792a0000)
  eden space 4480K,  99% used [0x6e800000, 0x6ec5e658, 0x6ec60000)
  from space 512K,  71% used [0x6ece0000, 0x6ed3b010, 0x6ed60000)
  to   space 512K,   0% used [0x6ec60000, 0x6ec60000, 0x6ece0000)
 tenured generation   total 10944K, used 7969K [0x792a0000, 0x79d50000, 0x8e800000)
   the space 10944K,  72% used [0x792a0000, 0x79a684d0, 0x79a68600, 0x79d50000)
 compacting perm gen  total 12288K, used 6881K [0x8e800000, 0x8f400000, 0x92800000)
   the space 12288K,  56% used [0x8e800000, 0x8eeb8688, 0x8eeb8800, 0x8f400000)
    ro space 10240K,  59% used [0x92800000, 0x92dfe3d8, 0x92dfe400, 0x93200000)
    rw space 12288K,  59% used [0x93200000, 0x9391c2b0, 0x9391c400, 0x93e00000)
Event: 10.544 GC heap after
Heap after GC invocations=194 (full 2):
 def new generation   total 4992K, used 512K [0x6e800000, 0x6ed60000, 0x792a0000)
  eden space 4480K,   0% used [0x6e800000, 0x6e800000, 0x6ec60000)
  from space 512K, 100% used [0x6ec60000, 0x6ece0000, 0x6ece0000)
  to   space 512K,   0% used [0x6ece0000, 0x6ece0000, 0x6ed60000)
 tenured generation   total 10944K, used 9467K [0x792a0000, 0x79d50000, 0x8e800000)
   the space 10944K,  86% used [0x792a0000, 0x79bded00, 0x79bdee00, 0x79d50000)
 compacting perm gen  total 12288K, used 6881K [0x8e800000, 0x8f400000, 0x92800000)
   the space 12288K,  56% used [0x8e800000, 0x8eeb8688, 0x8eeb8800, 0x8f400000)
    ro space 10240K,  59% used [0x92800000, 0x92dfe3d8, 0x92dfe400, 0x93200000)
    rw space 12288K,  59% used [0x93200000, 0x9391c2b0, 0x9391c400, 0x93e00000)
}
Event: 10.570 GC heap before
{Heap before GC invocations=194 (full 2):
 def new generation   total 4992K, used 4958K [0x6e800000, 0x6ed60000, 0x792a0000)
  eden space 4480K,  99% used [0x6e800000, 0x6ec578b0, 0x6ec60000)
  from space 512K, 100% used [0x6ec60000, 0x6ece0000, 0x6ece0000)
  to   space 512K,   0% used [0x6ece0000, 0x6ece0000, 0x6ed60000)
 tenured generation   total 10944K, used 9467K [0x792a0000, 0x79d50000, 0x8e800000)
   the space 10944K,  86% used [0x792a0000, 0x79bded00, 0x79bdee00, 0x79d50000)
 compacting perm gen  total 12288K, used 6987K [0x8e800000, 0x8f400000, 0x92800000)
   the space 12288K,  56% used [0x8e800000, 0x8eed2d90, 0x8eed2e00, 0x8f400000)
    ro space 10240K,  59% used [0x92800000, 0x92dfe3d8, 0x92dfe400, 0x93200000)
    rw space 12288K,  59% used [0x93200000, 0x9391c2b0, 0x9391c400, 0x93e00000)
Event: 10.606 GC heap after
Heap after GC invocations=195 (full 3):
 def new generation   total 8576K, used 0K [0x6e800000, 0x6f140000, 0x792a0000)
  eden space 7680K,   0% used [0x6e800000, 0x6e800000, 0x6ef80000)
  from space 896K,   0% used [0x6ef80000, 0x6ef80000, 0x6f060000)
  to   space 896K,   0% used [0x6f060000, 0x6f060000, 0x6f140000)
 tenured generation   total 18772K, used 11260K [0x792a0000, 0x7a4f5000, 0x8e800000)
   the space 18772K,  59% used [0x792a0000, 0x79d9f390, 0x79d9f400, 0x7a4f5000)
 compacting perm gen  total 12288K, used 6987K [0x8e800000, 0x8f400000, 0x92800000)
   the space 12288K,  56% used [0x8e800000, 0x8eed2d90, 0x8eed2e00, 0x8f400000)
    ro space 10240K,  59% used [0x92800000, 0x92dfe3d8, 0x92dfe400, 0x93200000)
    rw space 12288K,  59% used [0x93200000, 0x9391c2b0, 0x9391c400, 0x93e00000)
}
Event: 10.717 GC heap before
{Heap before GC invocations=195 (full 3):
 def new generation   total 8576K, used 7680K [0x6e800000, 0x6f140000, 0x792a0000)
  eden space 7680K, 100% used [0x6e800000, 0x6ef80000, 0x6ef80000)
  from space 896K,   0% used [0x6ef80000, 0x6ef80000, 0x6f060000)
  to   space 896K,   0% used [0x6f060000, 0x6f060000, 0x6f140000)
 tenured generation   total 18772K, used 11260K [0x792a0000, 0x7a4f5000, 0x8e800000)
   the space 18772K,  59% used [0x792a0000, 0x79d9f390, 0x79d9f400, 0x7a4f5000)
 compacting perm gen  total 12288K, used 7281K [0x8e800000, 0x8f400000, 0x92800000)
   the space 12288K,  59% used [0x8e800000, 0x8ef1c728, 0x8ef1c800, 0x8f400000)
    ro space 10240K,  59% used [0x92800000, 0x92dfe3d8, 0x92dfe400, 0x93200000)
    rw space 12288K,  59% used [0x93200000, 0x9391c2b0, 0x9391c400, 0x93e00000)
Event: 10.720 GC heap after
Heap after GC invocations=196 (full 3):
 def new generation   total 8576K, used 896K [0x6e800000, 0x6f140000, 0x792a0000)
  eden space 7680K,   0% used [0x6e800000, 0x6e800000, 0x6ef80000)
  from space 896K, 100% used [0x6f060000, 0x6f140000, 0x6f140000)
  to   space 896K,   0% used [0x6ef80000, 0x6ef80000, 0x6f060000)
 tenured generation   total 18772K, used 11364K [0x792a0000, 0x7a4f5000, 0x8e800000)
   the space 18772K,  60% used [0x792a0000, 0x79db9300, 0x79db9400, 0x7a4f5000)
 compacting perm gen  total 12288K, used 7281K [0x8e800000, 0x8f400000, 0x92800000)
   the space 12288K,  59% used [0x8e800000, 0x8ef1c728, 0x8ef1c800, 0x8f400000)
    ro space 10240K,  59% used [0x92800000, 0x92dfe3d8, 0x92dfe400, 0x93200000)
    rw space 12288K,  59% used [0x93200000, 0x9391c2b0, 0x9391c400, 0x93e00000)
}
Event: 11.404 GC heap before
{Heap before GC invocations=196 (full 3):
 def new generation   total 8576K, used 8576K [0x6e800000, 0x6f140000, 0x792a0000)
  eden space 7680K, 100% used [0x6e800000, 0x6ef80000, 0x6ef80000)
  from space 896K, 100% used [0x6f060000, 0x6f140000, 0x6f140000)
  to   space 896K,   0% used [0x6ef80000, 0x6ef80000, 0x6f060000)
 tenured generation   total 18772K, used 11364K [0x792a0000, 0x7a4f5000, 0x8e800000)
   the space 18772K,  60% used [0x792a0000, 0x79db9300, 0x79db9400, 0x7a4f5000)
 compacting perm gen  total 12288K, used 8403K [0x8e800000, 0x8f400000, 0x92800000)
   the space 12288K,  68% used [0x8e800000, 0x8f034e58, 0x8f035000, 0x8f400000)
    ro space 10240K,  59% used [0x92800000, 0x92dfe3d8, 0x92dfe400, 0x93200000)
    rw space 12288K,  59% used [0x93200000, 0x9391c2b0, 0x9391c400, 0x93e00000)
Event: 11.408 GC heap after
Heap after GC invocations=197 (full 3):
 def new generation   total 8576K, used 312K [0x6e800000, 0x6f140000, 0x792a0000)
  eden space 7680K,   0% used [0x6e800000, 0x6e800000, 0x6ef80000)
  from space 896K,  34% used [0x6ef80000, 0x6efce2a0, 0x6f060000)
  to   space 896K,   0% used [0x6f060000, 0x6f060000, 0x6f140000)
 tenured generation   total 18772K, used 12136K [0x792a0000, 0x7a4f5000, 0x8e800000)
   the space 18772K,  64% used [0x792a0000, 0x79e7a068, 0x79e7a200, 0x7a4f5000)
 compacting perm gen  total 12288K, used 8403K [0x8e800000, 0x8f400000, 0x92800000)
   the space 12288K,  68% used [0x8e800000, 0x8f034e58, 0x8f035000, 0x8f400000)
    ro space 10240K,  59% used [0x92800000, 0x92dfe3d8, 0x92dfe400, 0x93200000)
    rw space 12288K,  59% used [0x93200000, 0x9391c2b0, 0x9391c400, 0x93e00000)
}

