# JRE version: OpenJDK Runtime Environment (7.0_111-b01) (build 1.7.0_111-b01)
# Java VM: OpenJDK Client VM (24.111-b01 mixed mode, sharing linux-x86 )
Heap
 def new generation   total 4928K, used 2646K [0x6e800000, 0x6ed50000, 0x792a0000)
  eden space 4416K,  57% used [0x6e800000, 0x6ea7e298, 0x6ec50000)
  from space 512K,  18% used [0x6ec50000, 0x6ec67760, 0x6ecd0000)
  to   space 512K,   0% used [0x6ecd0000, 0x6ecd0000, 0x6ed50000)
 tenured generation   total 10752K, used 6638K [0x792a0000, 0x79d20000, 0x8e800000)
   the space 10752K,  61% used [0x792a0000, 0x7991b9d0, 0x7991ba00, 0x79d20000)
 compacting perm gen  total 12288K, used 6601K [0x8e800000, 0x8f400000, 0x92800000)
   the space 12288K,  53% used [0x8e800000, 0x8ee72658, 0x8ee72800, 0x8f400000)
    ro space 10240K,  59% used [0x92800000, 0x92dfe3d8, 0x92dfe400, 0x93200000)
    rw space 12288K,  59% used [0x93200000, 0x9391c2b0, 0x9391c400, 0x93e00000)
GC Heap History (10 events):
Event: 90.794 GC heap before
{Heap before GC invocations=176 (full 1):
 def new generation   total 4928K, used 4817K [0x6e800000, 0x6ed50000, 0x792a0000)
  eden space 4416K, 100% used [0x6e800000, 0x6ec50000, 0x6ec50000)
  from space 512K,  78% used [0x6ecd0000, 0x6ed34758, 0x6ed50000)
  to   space 512K,   0% used [0x6ec50000, 0x6ec50000, 0x6ecd0000)
 tenured generation   total 10752K, used 5714K [0x792a0000, 0x79d20000, 0x8e800000)
   the space 10752K,  53% used [0x792a0000, 0x79834b30, 0x79834c00, 0x79d20000)
 compacting perm gen  total 12288K, used 6439K [0x8e800000, 0x8f400000, 0x92800000)
   the space 12288K,  52% used [0x8e800000, 0x8ee49f08, 0x8ee4a000, 0x8f400000)
    ro space 10240K,  59% used [0x92800000, 0x92dfe3d8, 0x92dfe400, 0x93200000)
    rw space 12288K,  59% used [0x93200000, 0x9391c2b0, 0x9391c400, 0x93e00000)
Event: 90.796 GC heap after
Heap after GC invocations=177 (full 1):
 def new generation   total 4928K, used 205K [0x6e800000, 0x6ed50000, 0x792a0000)
  eden space 4416K,   0% used [0x6e800000, 0x6e800000, 0x6ec50000)
  from space 512K,  40% used [0x6ec50000, 0x6ec83468, 0x6ecd0000)
  to   space 512K,   0% used [0x6ecd0000, 0x6ecd0000, 0x6ed50000)
 tenured generation   total 10752K, used 6063K [0x792a0000, 0x79d20000, 0x8e800000)
   the space 10752K,  56% used [0x792a0000, 0x7988bf60, 0x7988c000, 0x79d20000)
 compacting perm gen  total 12288K, used 6439K [0x8e800000, 0x8f400000, 0x92800000)
   the space 12288K,  52% used [0x8e800000, 0x8ee49f08, 0x8ee4a000, 0x8f400000)
    ro space 10240K,  59% used [0x92800000, 0x92dfe3d8, 0x92dfe400, 0x93200000)
    rw space 12288K,  59% used [0x93200000, 0x9391c2b0, 0x9391c400, 0x93e00000)
}
Event: 90.900 GC heap before
{Heap before GC invocations=177 (full 1):
 def new generation   total 4928K, used 4621K [0x6e800000, 0x6ed50000, 0x792a0000)
  eden space 4416K, 100% used [0x6e800000, 0x6ec50000, 0x6ec50000)
  from space 512K,  40% used [0x6ec50000, 0x6ec83468, 0x6ecd0000)
  to   space 512K,   0% used [0x6ecd0000, 0x6ecd0000, 0x6ed50000)
 tenured generation   total 10752K, used 6063K [0x792a0000, 0x79d20000, 0x8e800000)
   the space 10752K,  56% used [0x792a0000, 0x7988bf60, 0x7988c000, 0x79d20000)
 compacting perm gen  total 12288K, used 6499K [0x8e800000, 0x8f400000, 0x92800000)
   the space 12288K,  52% used [0x8e800000, 0x8ee58f58, 0x8ee59000, 0x8f400000)
    ro space 10240K,  59% used [0x92800000, 0x92dfe3d8, 0x92dfe400, 0x93200000)
    rw space 12288K,  59% used [0x93200000, 0x9391c2b0, 0x9391c400, 0x93e00000)
Event: 90.901 GC heap after
Heap after GC invocations=178 (full 1):
 def new generation   total 4928K, used 348K [0x6e800000, 0x6ed50000, 0x792a0000)
  eden space 4416K,   0% used [0x6e800000, 0x6e800000, 0x6ec50000)
  from space 512K,  68% used [0x6ecd0000, 0x6ed271b0, 0x6ed50000)
  to   space 512K,   0% used [0x6ec50000, 0x6ec50000, 0x6ecd0000)
 tenured generation   total 10752K, used 6063K [0x792a0000, 0x79d20000, 0x8e800000)
   the space 10752K,  56% used [0x792a0000, 0x7988bf60, 0x7988c000, 0x79d20000)
 compacting perm gen  total 12288K, used 6499K [0x8e800000, 0x8f400000, 0x92800000)
   the space 12288K,  52% used [0x8e800000, 0x8ee58f58, 0x8ee59000, 0x8f400000)
    ro space 10240K,  59% used [0x92800000, 0x92dfe3d8, 0x92dfe400, 0x93200000)
    rw space 12288K,  59% used [0x93200000, 0x9391c2b0, 0x9391c400, 0x93e00000)
}
Event: 90.988 GC heap before
{Heap before GC invocations=178 (full 1):
 def new generation   total 4928K, used 4764K [0x6e800000, 0x6ed50000, 0x792a0000)
  eden space 4416K, 100% used [0x6e800000, 0x6ec50000, 0x6ec50000)
  from space 512K,  68% used [0x6ecd0000, 0x6ed271b0, 0x6ed50000)
  to   space 512K,   0% used [0x6ec50000, 0x6ec50000, 0x6ecd0000)
 tenured generation   total 10752K, used 6063K [0x792a0000, 0x79d20000, 0x8e800000)
   the space 10752K,  56% used [0x792a0000, 0x7988bf60, 0x7988c000, 0x79d20000)
 compacting perm gen  total 12288K, used 6557K [0x8e800000, 0x8f400000, 0x92800000)
   the space 12288K,  53% used [0x8e800000, 0x8ee674b0, 0x8ee67600, 0x8f400000)
    ro space 10240K,  59% used [0x92800000, 0x92dfe3d8, 0x92dfe400, 0x93200000)
    rw space 12288K,  59% used [0x93200000, 0x9391c2b0, 0x9391c400, 0x93e00000)
Event: 90.990 GC heap after
Heap after GC invocations=179 (full 1):
 def new generation   total 4928K, used 325K [0x6e800000, 0x6ed50000, 0x792a0000)
  eden space 4416K,   0% used [0x6e800000, 0x6e800000, 0x6ec50000)
  from space 512K,  63% used [0x6ec50000, 0x6eca14d0, 0x6ecd0000)
  to   space 512K,   0% used [0x6ecd0000, 0x6ecd0000, 0x6ed50000)
 tenured generation   total 10752K, used 6232K [0x792a0000, 0x79d20000, 0x8e800000)
   the space 10752K,  57% used [0x792a0000, 0x798b6200, 0x798b6200, 0x79d20000)
 compacting perm gen  total 12288K, used 6557K [0x8e800000, 0x8f400000, 0x92800000)
   the space 12288K,  53% used [0x8e800000, 0x8ee674b0, 0x8ee67600, 0x8f400000)
    ro space 10240K,  59% used [0x92800000, 0x92dfe3d8, 0x92dfe400, 0x93200000)
    rw space 12288K,  59% used [0x93200000, 0x9391c2b0, 0x9391c400, 0x93e00000)
}
Event: 91.118 GC heap before
{Heap before GC invocations=179 (full 1):
 def new generation   total 4928K, used 4741K [0x6e800000, 0x6ed50000, 0x792a0000)
  eden space 4416K, 100% used [0x6e800000, 0x6ec50000, 0x6ec50000)
  from space 512K,  63% used [0x6ec50000, 0x6eca14d0, 0x6ecd0000)
  to   space 512K,   0% used [0x6ecd0000, 0x6ecd0000, 0x6ed50000)
 tenured generation   total 10752K, used 6232K [0x792a0000, 0x79d20000, 0x8e800000)
   the space 10752K,  57% used [0x792a0000, 0x798b6200, 0x798b6200, 0x79d20000)
 compacting perm gen  total 12288K, used 6578K [0x8e800000, 0x8f400000, 0x92800000)
   the space 12288K,  53% used [0x8e800000, 0x8ee6cbe8, 0x8ee6cc00, 0x8f400000)
    ro space 10240K,  59% used [0x92800000, 0x92dfe3d8, 0x92dfe400, 0x93200000)
    rw space 12288K,  59% used [0x93200000, 0x9391c2b0, 0x9391c400, 0x93e00000)
Event: 91.120 GC heap after
Heap after GC invocations=180 (full 1):
 def new generation   total 4928K, used 381K [0x6e800000, 0x6ed50000, 0x792a0000)
  eden space 4416K,   0% used [0x6e800000, 0x6e800000, 0x6ec50000)
  from space 512K,  74% used [0x6ecd0000, 0x6ed2f720, 0x6ed50000)
  to   space 512K,   0% used [0x6ec50000, 0x6ec50000, 0x6ecd0000)
 tenured generation   total 10752K, used 6357K [0x792a0000, 0x79d20000, 0x8e800000)
   the space 10752K,  59% used [0x792a0000, 0x798d56a0, 0x798d5800, 0x79d20000)
 compacting perm gen  total 12288K, used 6578K [0x8e800000, 0x8f400000, 0x92800000)
   the space 12288K,  53% used [0x8e800000, 0x8ee6cbe8, 0x8ee6cc00, 0x8f400000)
    ro space 10240K,  59% used [0x92800000, 0x92dfe3d8, 0x92dfe400, 0x93200000)
    rw space 12288K,  59% used [0x93200000, 0x9391c2b0, 0x9391c400, 0x93e00000)
}
Event: 94.227 GC heap before
{Heap before GC invocations=180 (full 1):
 def new generation   total 4928K, used 4787K [0x6e800000, 0x6ed50000, 0x792a0000)
  eden space 4416K,  99% used [0x6e800000, 0x6ec4d7e0, 0x6ec50000)
  from space 512K,  74% used [0x6ecd0000, 0x6ed2f720, 0x6ed50000)
  to   space 512K,   0% used [0x6ec50000, 0x6ec50000, 0x6ecd0000)
 tenured generation   total 10752K, used 6357K [0x792a0000, 0x79d20000, 0x8e800000)
   the space 10752K,  59% used [0x792a0000, 0x798d56a0, 0x798d5800, 0x79d20000)
 compacting perm gen  total 12288K, used 6579K [0x8e800000, 0x8f400000, 0x92800000)
   the space 12288K,  53% used [0x8e800000, 0x8ee6cfe0, 0x8ee6d000, 0x8f400000)
    ro space 10240K,  59% used [0x92800000, 0x92dfe3d8, 0x92dfe400, 0x93200000)
    rw space 12288K,  59% used [0x93200000, 0x9391c2b0, 0x9391c400, 0x93e00000)
Event: 94.228 GC heap after
Heap after GC invocations=181 (full 1):
 def new generation   total 4928K, used 93K [0x6e800000, 0x6ed50000, 0x792a0000)
  eden space 4416K,   0% used [0x6e800000, 0x6e800000, 0x6ec50000)
  from space 512K,  18% used [0x6ec50000, 0x6ec67760, 0x6ecd0000)
  to   space 512K,   0% used [0x6ecd0000, 0x6ecd0000, 0x6ed50000)
 tenured generation   total 10752K, used 6638K [0x792a0000, 0x79d20000, 0x8e800000)
   the space 10752K,  61% used [0x792a0000, 0x7991b9d0, 0x7991ba00, 0x79d20000)
 compacting perm gen  total 12288K, used 6579K [0x8e800000, 0x8f400000, 0x92800000)
   the space 12288K,  53% used [0x8e800000, 0x8ee6cfe0, 0x8ee6d000, 0x8f400000)
    ro space 10240K,  59% used [0x92800000, 0x92dfe3d8, 0x92dfe400, 0x93200000)
    rw space 12288K,  59% used [0x93200000, 0x9391c2b0, 0x9391c400, 0x93e00000)
}

