# JRE version: OpenJDK Runtime Environment (7.0_111-b01) (build 1.7.0_111-b01)
# Java VM: OpenJDK Client VM (24.111-b01 mixed mode, sharing linux-x86 )
Heap
 def new generation   total 4928K, used 2558K [0x6e800000, 0x6ed50000, 0x792a0000)
  eden space 4416K,  51% used [0x6e800000, 0x6ea33678, 0x6ec50000)
  from space 512K,  59% used [0x6ec50000, 0x6ec9c260, 0x6ecd0000)
  to   space 512K,   0% used [0x6ecd0000, 0x6ecd0000, 0x6ed50000)
 tenured generation   total 10752K, used 5988K [0x792a0000, 0x79d20000, 0x8e800000)
   the space 10752K,  55% used [0x792a0000, 0x798792f8, 0x79879400, 0x79d20000)
 compacting perm gen  total 12288K, used 6655K [0x8e800000, 0x8f400000, 0x92800000)
   the space 12288K,  54% used [0x8e800000, 0x8ee7fde8, 0x8ee7fe00, 0x8f400000)
    ro space 10240K,  59% used [0x92800000, 0x92dfe3d8, 0x92dfe400, 0x93200000)
    rw space 12288K,  59% used [0x93200000, 0x9391c2b0, 0x9391c400, 0x93e00000)
GC Heap History (10 events):
Event: 89.273 GC heap before
{Heap before GC invocations=343 (full 2):
 def new generation   total 4928K, used 4928K [0x6e800000, 0x6ed50000, 0x792a0000)
  eden space 4416K, 100% used [0x6e800000, 0x6ec50000, 0x6ec50000)
  from space 512K, 100% used [0x6ecd0000, 0x6ed50000, 0x6ed50000)
  to   space 512K,   0% used [0x6ec50000, 0x6ec50000, 0x6ecd0000)
 tenured generation   total 10752K, used 5239K [0x792a0000, 0x79d20000, 0x8e800000)
   the space 10752K,  48% used [0x792a0000, 0x797bddd8, 0x797bde00, 0x79d20000)
 compacting perm gen  total 12288K, used 6606K [0x8e800000, 0x8f400000, 0x92800000)
   the space 12288K,  53% used [0x8e800000, 0x8ee73800, 0x8ee73800, 0x8f400000)
    ro space 10240K,  59% used [0x92800000, 0x92dfe3d8, 0x92dfe400, 0x93200000)
    rw space 12288K,  59% used [0x93200000, 0x9391c2b0, 0x9391c400, 0x93e00000)
Event: 89.274 GC heap after
Heap after GC invocations=344 (full 2):
 def new generation   total 4928K, used 197K [0x6e800000, 0x6ed50000, 0x792a0000)
  eden space 4416K,   0% used [0x6e800000, 0x6e800000, 0x6ec50000)
  from space 512K,  38% used [0x6ec50000, 0x6ec81678, 0x6ecd0000)
  to   space 512K,   0% used [0x6ecd0000, 0x6ecd0000, 0x6ed50000)
 tenured generation   total 10752K, used 5666K [0x792a0000, 0x79d20000, 0x8e800000)
   the space 10752K,  52% used [0x792a0000, 0x79828aa0, 0x79828c00, 0x79d20000)
 compacting perm gen  total 12288K, used 6606K [0x8e800000, 0x8f400000, 0x92800000)
   the space 12288K,  53% used [0x8e800000, 0x8ee73800, 0x8ee73800, 0x8f400000)
    ro space 10240K,  59% used [0x92800000, 0x92dfe3d8, 0x92dfe400, 0x93200000)
    rw space 12288K,  59% used [0x93200000, 0x9391c2b0, 0x9391c400, 0x93e00000)
}
Event: 89.352 GC heap before
{Heap before GC invocations=344 (full 2):
 def new generation   total 4928K, used 4613K [0x6e800000, 0x6ed50000, 0x792a0000)
  eden space 4416K, 100% used [0x6e800000, 0x6ec50000, 0x6ec50000)
  from space 512K,  38% used [0x6ec50000, 0x6ec81678, 0x6ecd0000)
  to   space 512K,   0% used [0x6ecd0000, 0x6ecd0000, 0x6ed50000)
 tenured generation   total 10752K, used 5666K [0x792a0000, 0x79d20000, 0x8e800000)
   the space 10752K,  52% used [0x792a0000, 0x79828aa0, 0x79828c00, 0x79d20000)
 compacting perm gen  total 12288K, used 6606K [0x8e800000, 0x8f400000, 0x92800000)
   the space 12288K,  53% used [0x8e800000, 0x8ee73860, 0x8ee73a00, 0x8f400000)
    ro space 10240K,  59% used [0x92800000, 0x92dfe3d8, 0x92dfe400, 0x93200000)
    rw space 12288K,  59% used [0x93200000, 0x9391c2b0, 0x9391c400, 0x93e00000)
Event: 89.353 GC heap after
Heap after GC invocations=345 (full 2):
 def new generation   total 4928K, used 375K [0x6e800000, 0x6ed50000, 0x792a0000)
  eden space 4416K,   0% used [0x6e800000, 0x6e800000, 0x6ec50000)
  from space 512K,  73% used [0x6ecd0000, 0x6ed2de48, 0x6ed50000)
  to   space 512K,   0% used [0x6ec50000, 0x6ec50000, 0x6ecd0000)
 tenured generation   total 10752K, used 5666K [0x792a0000, 0x79d20000, 0x8e800000)
   the space 10752K,  52% used [0x792a0000, 0x79828aa0, 0x79828c00, 0x79d20000)
 compacting perm gen  total 12288K, used 6606K [0x8e800000, 0x8f400000, 0x92800000)
   the space 12288K,  53% used [0x8e800000, 0x8ee73860, 0x8ee73a00, 0x8f400000)
    ro space 10240K,  59% used [0x92800000, 0x92dfe3d8, 0x92dfe400, 0x93200000)
    rw space 12288K,  59% used [0x93200000, 0x9391c2b0, 0x9391c400, 0x93e00000)
}
Event: 89.625 GC heap before
{Heap before GC invocations=345 (full 2):
 def new generation   total 4928K, used 4791K [0x6e800000, 0x6ed50000, 0x792a0000)
  eden space 4416K, 100% used [0x6e800000, 0x6ec50000, 0x6ec50000)
  from space 512K,  73% used [0x6ecd0000, 0x6ed2de48, 0x6ed50000)
  to   space 512K,   0% used [0x6ec50000, 0x6ec50000, 0x6ecd0000)
 tenured generation   total 10752K, used 5666K [0x792a0000, 0x79d20000, 0x8e800000)
   the space 10752K,  52% used [0x792a0000, 0x79828aa0, 0x79828c00, 0x79d20000)
 compacting perm gen  total 12288K, used 6606K [0x8e800000, 0x8f400000, 0x92800000)
   the space 12288K,  53% used [0x8e800000, 0x8ee73880, 0x8ee73a00, 0x8f400000)
    ro space 10240K,  59% used [0x92800000, 0x92dfe3d8, 0x92dfe400, 0x93200000)
    rw space 12288K,  59% used [0x93200000, 0x9391c2b0, 0x9391c400, 0x93e00000)
Event: 89.626 GC heap after
Heap after GC invocations=346 (full 2):
 def new generation   total 4928K, used 318K [0x6e800000, 0x6ed50000, 0x792a0000)
  eden space 4416K,   0% used [0x6e800000, 0x6e800000, 0x6ec50000)
  from space 512K,  62% used [0x6ec50000, 0x6ec9f990, 0x6ecd0000)
  to   space 512K,   0% used [0x6ecd0000, 0x6ecd0000, 0x6ed50000)
 tenured generation   total 10752K, used 5794K [0x792a0000, 0x79d20000, 0x8e800000)
   the space 10752K,  53% used [0x792a0000, 0x79848a50, 0x79848c00, 0x79d20000)
 compacting perm gen  total 12288K, used 6606K [0x8e800000, 0x8f400000, 0x92800000)
   the space 12288K,  53% used [0x8e800000, 0x8ee73880, 0x8ee73a00, 0x8f400000)
    ro space 10240K,  59% used [0x92800000, 0x92dfe3d8, 0x92dfe400, 0x93200000)
    rw space 12288K,  59% used [0x93200000, 0x9391c2b0, 0x9391c400, 0x93e00000)
}
Event: 90.101 GC heap before
{Heap before GC invocations=346 (full 2):
 def new generation   total 4928K, used 4726K [0x6e800000, 0x6ed50000, 0x792a0000)
  eden space 4416K,  99% used [0x6e800000, 0x6ec4dec8, 0x6ec50000)
  from space 512K,  62% used [0x6ec50000, 0x6ec9f990, 0x6ecd0000)
  to   space 512K,   0% used [0x6ecd0000, 0x6ecd0000, 0x6ed50000)
 tenured generation   total 10752K, used 5794K [0x792a0000, 0x79d20000, 0x8e800000)
   the space 10752K,  53% used [0x792a0000, 0x79848a50, 0x79848c00, 0x79d20000)
 compacting perm gen  total 12288K, used 6626K [0x8e800000, 0x8f400000, 0x92800000)
   the space 12288K,  53% used [0x8e800000, 0x8ee78ba8, 0x8ee78c00, 0x8f400000)
    ro space 10240K,  59% used [0x92800000, 0x92dfe3d8, 0x92dfe400, 0x93200000)
    rw space 12288K,  59% used [0x93200000, 0x9391c2b0, 0x9391c400, 0x93e00000)
Event: 90.102 GC heap after
Heap after GC invocations=347 (full 2):
 def new generation   total 4928K, used 240K [0x6e800000, 0x6ed50000, 0x792a0000)
  eden space 4416K,   0% used [0x6e800000, 0x6e800000, 0x6ec50000)
  from space 512K,  46% used [0x6ecd0000, 0x6ed0c120, 0x6ed50000)
  to   space 512K,   0% used [0x6ec50000, 0x6ec50000, 0x6ecd0000)
 tenured generation   total 10752K, used 5988K [0x792a0000, 0x79d20000, 0x8e800000)
   the space 10752K,  55% used [0x792a0000, 0x798792f8, 0x79879400, 0x79d20000)
 compacting perm gen  total 12288K, used 6626K [0x8e800000, 0x8f400000, 0x92800000)
   the space 12288K,  53% used [0x8e800000, 0x8ee78ba8, 0x8ee78c00, 0x8f400000)
    ro space 10240K,  59% used [0x92800000, 0x92dfe3d8, 0x92dfe400, 0x93200000)
    rw space 12288K,  59% used [0x93200000, 0x9391c2b0, 0x9391c400, 0x93e00000)
}
Event: 90.227 GC heap before
{Heap before GC invocations=347 (full 2):
 def new generation   total 4928K, used 4846K [0x6e800000, 0x6ed50000, 0x792a0000)
  eden space 4416K, 100% used [0x6e800000, 0x6ec50000, 0x6ec50000)
  from space 512K,  84% used [0x6ecd0000, 0x6ed3b888, 0x6ed50000)
  to   space 512K,   0% used [0x6ec50000, 0x6ec50000, 0x6ecd0000)
 tenured generation   total 10752K, used 5988K [0x792a0000, 0x79d20000, 0x8e800000)
   the space 10752K,  55% used [0x792a0000, 0x798792f8, 0x79879400, 0x79d20000)
 compacting perm gen  total 12288K, used 6632K [0x8e800000, 0x8f400000, 0x92800000)
   the space 12288K,  53% used [0x8e800000, 0x8ee7a2b8, 0x8ee7a400, 0x8f400000)
    ro space 10240K,  59% used [0x92800000, 0x92dfe3d8, 0x92dfe400, 0x93200000)
    rw space 12288K,  59% used [0x93200000, 0x9391c2b0, 0x9391c400, 0x93e00000)
Event: 90.228 GC heap after
Heap after GC invocations=348 (full 2):
 def new generation   total 4928K, used 304K [0x6e800000, 0x6ed50000, 0x792a0000)
  eden space 4416K,   0% used [0x6e800000, 0x6e800000, 0x6ec50000)
  from space 512K,  59% used [0x6ec50000, 0x6ec9c260, 0x6ecd0000)
  to   space 512K,   0% used [0x6ecd0000, 0x6ecd0000, 0x6ed50000)
 tenured generation   total 10752K, used 5988K [0x792a0000, 0x79d20000, 0x8e800000)
   the space 10752K,  55% used [0x792a0000, 0x798792f8, 0x79879400, 0x79d20000)
 compacting perm gen  total 12288K, used 6632K [0x8e800000, 0x8f400000, 0x92800000)
   the space 12288K,  53% used [0x8e800000, 0x8ee7a2b8, 0x8ee7a400, 0x8f400000)
    ro space 10240K,  59% used [0x92800000, 0x92dfe3d8, 0x92dfe400, 0x93200000)
    rw space 12288K,  59% used [0x93200000, 0x9391c2b0, 0x9391c400, 0x93e00000)
}

