# JRE version: OpenJDK Runtime Environment (7.0_111-b01) (build 1.7.0_111-b01)
# Java VM: OpenJDK Client VM (24.111-b01 mixed mode, sharing linux-x86 )
Heap
 def new generation   total 8384K, used 4881K [0x6e800000, 0x6f110000, 0x792a0000)
  eden space 7488K,  61% used [0x6e800000, 0x6ec86e10, 0x6ef50000)
  from space 896K,  27% used [0x6ef50000, 0x6ef8d6f0, 0x6f030000)
  to   space 896K,   0% used [0x6f030000, 0x6f030000, 0x6f110000)
 tenured generation   total 18432K, used 11717K [0x792a0000, 0x7a4a0000, 0x8e800000)
   the space 18432K,  63% used [0x792a0000, 0x79e11428, 0x79e11600, 0x7a4a0000)
 compacting perm gen  total 12288K, used 8425K [0x8e800000, 0x8f400000, 0x92800000)
   the space 12288K,  68% used [0x8e800000, 0x8f03a770, 0x8f03a800, 0x8f400000)
    ro space 10240K,  59% used [0x92800000, 0x92dfe3d8, 0x92dfe400, 0x93200000)
    rw space 12288K,  59% used [0x93200000, 0x9391c2b0, 0x9391c400, 0x93e00000)
GC Heap History (10 events):
Event: 9.888 GC heap before
{Heap before GC invocations=191 (full 2):
 def new generation   total 4992K, used 4923K [0x6e800000, 0x6ed60000, 0x792a0000)
  eden space 4480K, 100% used [0x6e800000, 0x6ec60000, 0x6ec60000)
  from space 512K,  86% used [0x6ece0000, 0x6ed4ed68, 0x6ed60000)
  to   space 512K,   0% used [0x6ec60000, 0x6ec60000, 0x6ece0000)
 tenured generation   total 10944K, used 7381K [0x792a0000, 0x79d50000, 0x8e800000)
   the space 10944K,  67% used [0x792a0000, 0x799d5468, 0x799d5600, 0x79d50000)
 compacting perm gen  total 12288K, used 6768K [0x8e800000, 0x8f400000, 0x92800000)
   the space 12288K,  55% used [0x8e800000, 0x8ee9c238, 0x8ee9c400, 0x8f400000)
    ro space 10240K,  59% used [0x92800000, 0x92dfe3d8, 0x92dfe400, 0x93200000)
    rw space 12288K,  59% used [0x93200000, 0x9391c2b0, 0x9391c400, 0x93e00000)
Event: 9.890 GC heap after
Heap after GC invocations=192 (full 2):
 def new generation   total 4992K, used 407K [0x6e800000, 0x6ed60000, 0x792a0000)
  eden space 4480K,   0% used [0x6e800000, 0x6e800000, 0x6ec60000)
  from space 512K,  79% used [0x6ec60000, 0x6ecc5e08, 0x6ece0000)
  to   space 512K,   0% used [0x6ece0000, 0x6ece0000, 0x6ed60000)
 tenured generation   total 10944K, used 7761K [0x792a0000, 0x79d50000, 0x8e800000)
   the space 10944K,  70% used [0x792a0000, 0x79a34718, 0x79a34800, 0x79d50000)
 compacting perm gen  total 12288K, used 6768K [0x8e800000, 0x8f400000, 0x92800000)
   the space 12288K,  55% used [0x8e800000, 0x8ee9c238, 0x8ee9c400, 0x8f400000)
    ro space 10240K,  59% used [0x92800000, 0x92dfe3d8, 0x92dfe400, 0x93200000)
    rw space 12288K,  59% used [0x93200000, 0x9391c2b0, 0x9391c400, 0x93e00000)
}
Event: 9.943 GC heap before
{Heap before GC invocations=192 (full 2):
 def new generation   total 4992K, used 4962K [0x6e800000, 0x6ed60000, 0x792a0000)
  eden space 4480K, 100% used [0x6e800000, 0x6ec60000, 0x6ec60000)
  from space 512K,  94% used [0x6ec60000, 0x6ecd8ae0, 0x6ece0000)
  to   space 512K,   0% used [0x6ece0000, 0x6ece0000, 0x6ed60000)
 tenured generation   total 10944K, used 7921K [0x792a0000, 0x79d50000, 0x8e800000)
   the space 10944K,  72% used [0x792a0000, 0x79a5c738, 0x79a5c800, 0x79d50000)
 compacting perm gen  total 12288K, used 6881K [0x8e800000, 0x8f400000, 0x92800000)
   the space 12288K,  56% used [0x8e800000, 0x8eeb85f8, 0x8eeb8600, 0x8f400000)
    ro space 10240K,  59% used [0x92800000, 0x92dfe3d8, 0x92dfe400, 0x93200000)
    rw space 12288K,  59% used [0x93200000, 0x9391c2b0, 0x9391c400, 0x93e00000)
Event: 9.946 GC heap after
Heap after GC invocations=193 (full 2):
 def new generation   total 4992K, used 512K [0x6e800000, 0x6ed60000, 0x792a0000)
  eden space 4480K,   0% used [0x6e800000, 0x6e800000, 0x6ec60000)
  from space 512K, 100% used [0x6ece0000, 0x6ed60000, 0x6ed60000)
  to   space 512K,   0% used [0x6ec60000, 0x6ec60000, 0x6ece0000)
 tenured generation   total 10944K, used 9557K [0x792a0000, 0x79d50000, 0x8e800000)
   the space 10944K,  87% used [0x792a0000, 0x79bf5718, 0x79bf5800, 0x79d50000)
 compacting perm gen  total 12288K, used 6881K [0x8e800000, 0x8f400000, 0x92800000)
   the space 12288K,  56% used [0x8e800000, 0x8eeb85f8, 0x8eeb8600, 0x8f400000)
    ro space 10240K,  59% used [0x92800000, 0x92dfe3d8, 0x92dfe400, 0x93200000)
    rw space 12288K,  59% used [0x93200000, 0x9391c2b0, 0x9391c400, 0x93e00000)
}
Event: 9.972 GC heap before
{Heap before GC invocations=193 (full 2):
 def new generation   total 4992K, used 4864K [0x6e800000, 0x6ed60000, 0x792a0000)
  eden space 4480K,  97% used [0x6e800000, 0x6ec401c0, 0x6ec60000)
  from space 512K, 100% used [0x6ece0000, 0x6ed60000, 0x6ed60000)
  to   space 512K,   0% used [0x6ec60000, 0x6ec60000, 0x6ece0000)
 tenured generation   total 10944K, used 9557K [0x792a0000, 0x79d50000, 0x8e800000)
   the space 10944K,  87% used [0x792a0000, 0x79bf5718, 0x79bf5800, 0x79d50000)
 compacting perm gen  total 12288K, used 6997K [0x8e800000, 0x8f400000, 0x92800000)
   the space 12288K,  56% used [0x8e800000, 0x8eed55b8, 0x8eed5600, 0x8f400000)
    ro space 10240K,  59% used [0x92800000, 0x92dfe3d8, 0x92dfe400, 0x93200000)
    rw space 12288K,  59% used [0x93200000, 0x9391c2b0, 0x9391c400, 0x93e00000)
Event: 10.012 GC heap after
Heap after GC invocations=194 (full 3):
 def new generation   total 8384K, used 0K [0x6e800000, 0x6f110000, 0x792a0000)
  eden space 7488K,   0% used [0x6e800000, 0x6e800000, 0x6ef50000)
  from space 896K,   0% used [0x6ef50000, 0x6ef50000, 0x6f030000)
  to   space 896K,   0% used [0x6f030000, 0x6f030000, 0x6f110000)
 tenured generation   total 18432K, used 11057K [0x792a0000, 0x7a4a0000, 0x8e800000)
   the space 18432K,  59% used [0x792a0000, 0x79d6c560, 0x79d6c600, 0x7a4a0000)
 compacting perm gen  total 12288K, used 6997K [0x8e800000, 0x8f400000, 0x92800000)
   the space 12288K,  56% used [0x8e800000, 0x8eed55b8, 0x8eed5600, 0x8f400000)
    ro space 10240K,  59% used [0x92800000, 0x92dfe3d8, 0x92dfe400, 0x93200000)
    rw space 12288K,  59% used [0x93200000, 0x9391c2b0, 0x9391c400, 0x93e00000)
}
Event: 10.131 GC heap before
{Heap before GC invocations=194 (full 3):
 def new generation   total 8384K, used 7488K [0x6e800000, 0x6f110000, 0x792a0000)
  eden space 7488K, 100% used [0x6e800000, 0x6ef50000, 0x6ef50000)
  from space 896K,   0% used [0x6ef50000, 0x6ef50000, 0x6f030000)
  to   space 896K,   0% used [0x6f030000, 0x6f030000, 0x6f110000)
 tenured generation   total 18432K, used 11057K [0x792a0000, 0x7a4a0000, 0x8e800000)
   the space 18432K,  59% used [0x792a0000, 0x79d6c560, 0x79d6c600, 0x7a4a0000)
 compacting perm gen  total 12288K, used 7202K [0x8e800000, 0x8f400000, 0x92800000)
   the space 12288K,  58% used [0x8e800000, 0x8ef08a78, 0x8ef08c00, 0x8f400000)
    ro space 10240K,  59% used [0x92800000, 0x92dfe3d8, 0x92dfe400, 0x93200000)
    rw space 12288K,  59% used [0x93200000, 0x9391c2b0, 0x9391c400, 0x93e00000)
Event: 10.133 GC heap after
Heap after GC invocations=195 (full 3):
 def new generation   total 8384K, used 864K [0x6e800000, 0x6f110000, 0x792a0000)
  eden space 7488K,   0% used [0x6e800000, 0x6e800000, 0x6ef50000)
  from space 896K,  96% used [0x6f030000, 0x6f108068, 0x6f110000)
  to   space 896K,   0% used [0x6ef50000, 0x6ef50000, 0x6f030000)
 tenured generation   total 18432K, used 11057K [0x792a0000, 0x7a4a0000, 0x8e800000)
   the space 18432K,  59% used [0x792a0000, 0x79d6c560, 0x79d6c600, 0x7a4a0000)
 compacting perm gen  total 12288K, used 7202K [0x8e800000, 0x8f400000, 0x92800000)
   the space 12288K,  58% used [0x8e800000, 0x8ef08a78, 0x8ef08c00, 0x8f400000)
    ro space 10240K,  59% used [0x92800000, 0x92dfe3d8, 0x92dfe400, 0x93200000)
    rw space 12288K,  59% used [0x93200000, 0x9391c2b0, 0x9391c400, 0x93e00000)
}
Event: 10.311 GC heap before
{Heap before GC invocations=195 (full 3):
 def new generation   total 8384K, used 8324K [0x6e800000, 0x6f110000, 0x792a0000)
  eden space 7488K,  99% used [0x6e800000, 0x6ef49030, 0x6ef50000)
  from space 896K,  96% used [0x6f030000, 0x6f108068, 0x6f110000)
  to   space 896K,   0% used [0x6ef50000, 0x6ef50000, 0x6f030000)
 tenured generation   total 18432K, used 11057K [0x792a0000, 0x7a4a0000, 0x8e800000)
   the space 18432K,  59% used [0x792a0000, 0x79d6c560, 0x79d6c600, 0x7a4a0000)
 compacting perm gen  total 12288K, used 8398K [0x8e800000, 0x8f400000, 0x92800000)
   the space 12288K,  68% used [0x8e800000, 0x8f033858, 0x8f033a00, 0x8f400000)
    ro space 10240K,  59% used [0x92800000, 0x92dfe3d8, 0x92dfe400, 0x93200000)
    rw space 12288K,  59% used [0x93200000, 0x9391c2b0, 0x9391c400, 0x93e00000)
Event: 10.315 GC heap after
Heap after GC invocations=196 (full 3):
 def new generation   total 8384K, used 245K [0x6e800000, 0x6f110000, 0x792a0000)
  eden space 7488K,   0% used [0x6e800000, 0x6e800000, 0x6ef50000)
  from space 896K,  27% used [0x6ef50000, 0x6ef8d6f0, 0x6f030000)
  to   space 896K,   0% used [0x6f030000, 0x6f030000, 0x6f110000)
 tenured generation   total 18432K, used 11717K [0x792a0000, 0x7a4a0000, 0x8e800000)
   the space 18432K,  63% used [0x792a0000, 0x79e11428, 0x79e11600, 0x7a4a0000)
 compacting perm gen  total 12288K, used 8398K [0x8e800000, 0x8f400000, 0x92800000)
   the space 12288K,  68% used [0x8e800000, 0x8f033858, 0x8f033a00, 0x8f400000)
    ro space 10240K,  59% used [0x92800000, 0x92dfe3d8, 0x92dfe400, 0x93200000)
    rw space 12288K,  59% used [0x93200000, 0x9391c2b0, 0x9391c400, 0x93e00000)
}

