# JRE version: OpenJDK Runtime Environment (7.0_111-b01) (build 1.7.0_111-b01)
# Java VM: OpenJDK Client VM (24.111-b01 mixed mode, sharing linux-x86 )
Heap
 def new generation   total 4928K, used 551K [0x6e800000, 0x6ed50000, 0x792a0000)
  eden space 4416K,   8% used [0x6e800000, 0x6e858958, 0x6ec50000)
  from space 512K,  38% used [0x6ec50000, 0x6ec815b8, 0x6ecd0000)
  to   space 512K,   0% used [0x6ecd0000, 0x6ecd0000, 0x6ed50000)
 tenured generation   total 10752K, used 7165K [0x792a0000, 0x79d20000, 0x8e800000)
   the space 10752K,  66% used [0x792a0000, 0x7999f408, 0x7999f600, 0x79d20000)
 compacting perm gen  total 12288K, used 6669K [0x8e800000, 0x8f400000, 0x92800000)
   the space 12288K,  54% used [0x8e800000, 0x8ee83440, 0x8ee83600, 0x8f400000)
    ro space 10240K,  59% used [0x92800000, 0x92dfe3d8, 0x92dfe400, 0x93200000)
    rw space 12288K,  59% used [0x93200000, 0x9391c2b0, 0x9391c400, 0x93e00000)
GC Heap History (10 events):
Event: 19.434 GC heap before
{Heap before GC invocations=195 (full 2):
 def new generation   total 4928K, used 4928K [0x6e800000, 0x6ed50000, 0x792a0000)
  eden space 4416K, 100% used [0x6e800000, 0x6ec50000, 0x6ec50000)
  from space 512K, 100% used [0x6ecd0000, 0x6ed50000, 0x6ed50000)
  to   space 512K,   0% used [0x6ec50000, 0x6ec50000, 0x6ecd0000)
 tenured generation   total 10752K, used 5989K [0x792a0000, 0x79d20000, 0x8e800000)
   the space 10752K,  55% used [0x792a0000, 0x79879680, 0x79879800, 0x79d20000)
 compacting perm gen  total 12288K, used 6422K [0x8e800000, 0x8f400000, 0x92800000)
   the space 12288K,  52% used [0x8e800000, 0x8ee458f8, 0x8ee45a00, 0x8f400000)
    ro space 10240K,  59% used [0x92800000, 0x92dfe3d8, 0x92dfe400, 0x93200000)
    rw space 12288K,  59% used [0x93200000, 0x9391c2b0, 0x9391c400, 0x93e00000)
Event: 19.436 GC heap after
Heap after GC invocations=196 (full 2):
 def new generation   total 4928K, used 377K [0x6e800000, 0x6ed50000, 0x792a0000)
  eden space 4416K,   0% used [0x6e800000, 0x6e800000, 0x6ec50000)
  from space 512K,  73% used [0x6ec50000, 0x6ecae7d8, 0x6ecd0000)
  to   space 512K,   0% used [0x6ecd0000, 0x6ecd0000, 0x6ed50000)
 tenured generation   total 10752K, used 6476K [0x792a0000, 0x79d20000, 0x8e800000)
   the space 10752K,  60% used [0x792a0000, 0x798f31f0, 0x798f3200, 0x79d20000)
 compacting perm gen  total 12288K, used 6422K [0x8e800000, 0x8f400000, 0x92800000)
   the space 12288K,  52% used [0x8e800000, 0x8ee458f8, 0x8ee45a00, 0x8f400000)
    ro space 10240K,  59% used [0x92800000, 0x92dfe3d8, 0x92dfe400, 0x93200000)
    rw space 12288K,  59% used [0x93200000, 0x9391c2b0, 0x9391c400, 0x93e00000)
}
Event: 19.559 GC heap before
{Heap before GC invocations=196 (full 2):
 def new generation   total 4928K, used 4793K [0x6e800000, 0x6ed50000, 0x792a0000)
  eden space 4416K, 100% used [0x6e800000, 0x6ec50000, 0x6ec50000)
  from space 512K,  73% used [0x6ec50000, 0x6ecae7d8, 0x6ecd0000)
  to   space 512K,   0% used [0x6ecd0000, 0x6ecd0000, 0x6ed50000)
 tenured generation   total 10752K, used 6476K [0x792a0000, 0x79d20000, 0x8e800000)
   the space 10752K,  60% used [0x792a0000, 0x798f31f0, 0x798f3200, 0x79d20000)
 compacting perm gen  total 12288K, used 6613K [0x8e800000, 0x8f400000, 0x92800000)
   the space 12288K,  53% used [0x8e800000, 0x8ee75518, 0x8ee75600, 0x8f400000)
    ro space 10240K,  59% used [0x92800000, 0x92dfe3d8, 0x92dfe400, 0x93200000)
    rw space 12288K,  59% used [0x93200000, 0x9391c2b0, 0x9391c400, 0x93e00000)
Event: 19.561 GC heap after
Heap after GC invocations=197 (full 2):
 def new generation   total 4928K, used 262K [0x6e800000, 0x6ed50000, 0x792a0000)
  eden space 4416K,   0% used [0x6e800000, 0x6e800000, 0x6ec50000)
  from space 512K,  51% used [0x6ecd0000, 0x6ed11aa0, 0x6ed50000)
  to   space 512K,   0% used [0x6ec50000, 0x6ec50000, 0x6ecd0000)
 tenured generation   total 10752K, used 6827K [0x792a0000, 0x79d20000, 0x8e800000)
   the space 10752K,  63% used [0x792a0000, 0x7994ae18, 0x7994b000, 0x79d20000)
 compacting perm gen  total 12288K, used 6613K [0x8e800000, 0x8f400000, 0x92800000)
   the space 12288K,  53% used [0x8e800000, 0x8ee75518, 0x8ee75600, 0x8f400000)
    ro space 10240K,  59% used [0x92800000, 0x92dfe3d8, 0x92dfe400, 0x93200000)
    rw space 12288K,  59% used [0x93200000, 0x9391c2b0, 0x9391c400, 0x93e00000)
}
Event: 19.652 GC heap before
{Heap before GC invocations=197 (full 2):
 def new generation   total 4928K, used 4678K [0x6e800000, 0x6ed50000, 0x792a0000)
  eden space 4416K, 100% used [0x6e800000, 0x6ec50000, 0x6ec50000)
  from space 512K,  51% used [0x6ecd0000, 0x6ed11aa0, 0x6ed50000)
  to   space 512K,   0% used [0x6ec50000, 0x6ec50000, 0x6ecd0000)
 tenured generation   total 10752K, used 6827K [0x792a0000, 0x79d20000, 0x8e800000)
   the space 10752K,  63% used [0x792a0000, 0x7994ae18, 0x7994b000, 0x79d20000)
 compacting perm gen  total 12288K, used 6652K [0x8e800000, 0x8f400000, 0x92800000)
   the space 12288K,  54% used [0x8e800000, 0x8ee7f2d0, 0x8ee7f400, 0x8f400000)
    ro space 10240K,  59% used [0x92800000, 0x92dfe3d8, 0x92dfe400, 0x93200000)
    rw space 12288K,  59% used [0x93200000, 0x9391c2b0, 0x9391c400, 0x93e00000)
Event: 19.654 GC heap after
Heap after GC invocations=198 (full 2):
 def new generation   total 4928K, used 200K [0x6e800000, 0x6ed50000, 0x792a0000)
  eden space 4416K,   0% used [0x6e800000, 0x6e800000, 0x6ec50000)
  from space 512K,  39% used [0x6ec50000, 0x6ec822e0, 0x6ecd0000)
  to   space 512K,   0% used [0x6ecd0000, 0x6ecd0000, 0x6ed50000)
 tenured generation   total 10752K, used 7050K [0x792a0000, 0x79d20000, 0x8e800000)
   the space 10752K,  65% used [0x792a0000, 0x79982ab0, 0x79982c00, 0x79d20000)
 compacting perm gen  total 12288K, used 6652K [0x8e800000, 0x8f400000, 0x92800000)
   the space 12288K,  54% used [0x8e800000, 0x8ee7f2d0, 0x8ee7f400, 0x8f400000)
    ro space 10240K,  59% used [0x92800000, 0x92dfe3d8, 0x92dfe400, 0x93200000)
    rw space 12288K,  59% used [0x93200000, 0x9391c2b0, 0x9391c400, 0x93e00000)
}
Event: 19.752 GC heap before
{Heap before GC invocations=198 (full 2):
 def new generation   total 4928K, used 4616K [0x6e800000, 0x6ed50000, 0x792a0000)
  eden space 4416K, 100% used [0x6e800000, 0x6ec50000, 0x6ec50000)
  from space 512K,  39% used [0x6ec50000, 0x6ec822e0, 0x6ecd0000)
  to   space 512K,   0% used [0x6ecd0000, 0x6ecd0000, 0x6ed50000)
 tenured generation   total 10752K, used 7050K [0x792a0000, 0x79d20000, 0x8e800000)
   the space 10752K,  65% used [0x792a0000, 0x79982ab0, 0x79982c00, 0x79d20000)
 compacting perm gen  total 12288K, used 6652K [0x8e800000, 0x8f400000, 0x92800000)
   the space 12288K,  54% used [0x8e800000, 0x8ee7f370, 0x8ee7f400, 0x8f400000)
    ro space 10240K,  59% used [0x92800000, 0x92dfe3d8, 0x92dfe400, 0x93200000)
    rw space 12288K,  59% used [0x93200000, 0x9391c2b0, 0x9391c400, 0x93e00000)
Event: 19.754 GC heap after
Heap after GC invocations=199 (full 2):
 def new generation   total 4928K, used 262K [0x6e800000, 0x6ed50000, 0x792a0000)
  eden space 4416K,   0% used [0x6e800000, 0x6e800000, 0x6ec50000)
  from space 512K,  51% used [0x6ecd0000, 0x6ed11ad0, 0x6ed50000)
  to   space 512K,   0% used [0x6ec50000, 0x6ec50000, 0x6ecd0000)
 tenured generation   total 10752K, used 7050K [0x792a0000, 0x79d20000, 0x8e800000)
   the space 10752K,  65% used [0x792a0000, 0x79982ab0, 0x79982c00, 0x79d20000)
 compacting perm gen  total 12288K, used 6652K [0x8e800000, 0x8f400000, 0x92800000)
   the space 12288K,  54% used [0x8e800000, 0x8ee7f370, 0x8ee7f400, 0x8f400000)
    ro space 10240K,  59% used [0x92800000, 0x92dfe3d8, 0x92dfe400, 0x93200000)
    rw space 12288K,  59% used [0x93200000, 0x9391c2b0, 0x9391c400, 0x93e00000)
}
Event: 20.626 GC heap before
{Heap before GC invocations=199 (full 2):
 def new generation   total 4928K, used 4678K [0x6e800000, 0x6ed50000, 0x792a0000)
  eden space 4416K, 100% used [0x6e800000, 0x6ec50000, 0x6ec50000)
  from space 512K,  51% used [0x6ecd0000, 0x6ed11ad0, 0x6ed50000)
  to   space 512K,   0% used [0x6ec50000, 0x6ec50000, 0x6ecd0000)
 tenured generation   total 10752K, used 7050K [0x792a0000, 0x79d20000, 0x8e800000)
   the space 10752K,  65% used [0x792a0000, 0x79982ab0, 0x79982c00, 0x79d20000)
 compacting perm gen  total 12288K, used 6653K [0x8e800000, 0x8f400000, 0x92800000)
   the space 12288K,  54% used [0x8e800000, 0x8ee7f778, 0x8ee7f800, 0x8f400000)
    ro space 10240K,  59% used [0x92800000, 0x92dfe3d8, 0x92dfe400, 0x93200000)
    rw space 12288K,  59% used [0x93200000, 0x9391c2b0, 0x9391c400, 0x93e00000)
Event: 20.631 GC heap after
Heap after GC invocations=200 (full 2):
 def new generation   total 4928K, used 197K [0x6e800000, 0x6ed50000, 0x792a0000)
  eden space 4416K,   0% used [0x6e800000, 0x6e800000, 0x6ec50000)
  from space 512K,  38% used [0x6ec50000, 0x6ec815b8, 0x6ecd0000)
  to   space 512K,   0% used [0x6ecd0000, 0x6ecd0000, 0x6ed50000)
 tenured generation   total 10752K, used 7165K [0x792a0000, 0x79d20000, 0x8e800000)
   the space 10752K,  66% used [0x792a0000, 0x7999f408, 0x7999f600, 0x79d20000)
 compacting perm gen  total 12288K, used 6653K [0x8e800000, 0x8f400000, 0x92800000)
   the space 12288K,  54% used [0x8e800000, 0x8ee7f778, 0x8ee7f800, 0x8f400000)
    ro space 10240K,  59% used [0x92800000, 0x92dfe3d8, 0x92dfe400, 0x93200000)
    rw space 12288K,  59% used [0x93200000, 0x9391c2b0, 0x9391c400, 0x93e00000)
}

