# JRE version: OpenJDK Runtime Environment (7.0_79-b14) (build 1.7.0_79-b14)
# Java VM: OpenJDK Client VM (24.79-b02 mixed mode, sharing linux-x86 )
Heap
 def new generation   total 4992K, used 3557K [0x6e800000, 0x6ed60000, 0x792a0000)
  eden space 4480K,  72% used [0x6e800000, 0x6eb27140, 0x6ec60000)
  from space 512K,  64% used [0x6ec60000, 0x6ecb23e0, 0x6ece0000)
  to   space 512K,   0% used [0x6ece0000, 0x6ece0000, 0x6ed60000)
 tenured generation   total 10944K, used 5845K [0x792a0000, 0x79d50000, 0x8e800000)
   the space 10944K,  53% used [0x792a0000, 0x798557f0, 0x79855800, 0x79d50000)
 compacting perm gen  total 12288K, used 6600K [0x8e800000, 0x8f400000, 0x92800000)
   the space 12288K,  53% used [0x8e800000, 0x8ee72278, 0x8ee72400, 0x8f400000)
    ro space 10240K,  58% used [0x92800000, 0x92de1330, 0x92de1400, 0x93200000)
    rw space 12288K,  59% used [0x93200000, 0x93916340, 0x93916400, 0x93e00000)
GC Heap History (10 events):
Event: 33.953 GC heap before
{Heap before GC invocations=205 (full 2):
 def new generation   total 4992K, used 4831K [0x6e800000, 0x6ed60000, 0x792a0000)
  eden space 4480K, 100% used [0x6e800000, 0x6ec60000, 0x6ec60000)
  from space 512K,  68% used [0x6ece0000, 0x6ed37d60, 0x6ed60000)
  to   space 512K,   0% used [0x6ec60000, 0x6ec60000, 0x6ece0000)
 tenured generation   total 10944K, used 4735K [0x792a0000, 0x79d50000, 0x8e800000)
   the space 10944K,  43% used [0x792a0000, 0x7973fe10, 0x79740000, 0x79d50000)
 compacting perm gen  total 12288K, used 6282K [0x8e800000, 0x8f400000, 0x92800000)
   the space 12288K,  51% used [0x8e800000, 0x8ee22828, 0x8ee22a00, 0x8f400000)
    ro space 10240K,  58% used [0x92800000, 0x92de1330, 0x92de1400, 0x93200000)
    rw space 12288K,  59% used [0x93200000, 0x93916340, 0x93916400, 0x93e00000)
Event: 33.956 GC heap after
Heap after GC invocations=206 (full 2):
 def new generation   total 4992K, used 512K [0x6e800000, 0x6ed60000, 0x792a0000)
  eden space 4480K,   0% used [0x6e800000, 0x6e800000, 0x6ec60000)
  from space 512K, 100% used [0x6ec60000, 0x6ece0000, 0x6ece0000)
  to   space 512K,   0% used [0x6ece0000, 0x6ece0000, 0x6ed60000)
 tenured generation   total 10944K, used 5073K [0x792a0000, 0x79d50000, 0x8e800000)
   the space 10944K,  46% used [0x792a0000, 0x79794480, 0x79794600, 0x79d50000)
 compacting perm gen  total 12288K, used 6282K [0x8e800000, 0x8f400000, 0x92800000)
   the space 12288K,  51% used [0x8e800000, 0x8ee22828, 0x8ee22a00, 0x8f400000)
    ro space 10240K,  58% used [0x92800000, 0x92de1330, 0x92de1400, 0x93200000)
    rw space 12288K,  59% used [0x93200000, 0x93916340, 0x93916400, 0x93e00000)
}
Event: 34.044 GC heap before
{Heap before GC invocations=206 (full 2):
 def new generation   total 4992K, used 4992K [0x6e800000, 0x6ed60000, 0x792a0000)
  eden space 4480K, 100% used [0x6e800000, 0x6ec60000, 0x6ec60000)
  from space 512K, 100% used [0x6ec60000, 0x6ece0000, 0x6ece0000)
  to   space 512K,   0% used [0x6ece0000, 0x6ece0000, 0x6ed60000)
 tenured generation   total 10944K, used 5073K [0x792a0000, 0x79d50000, 0x8e800000)
   the space 10944K,  46% used [0x792a0000, 0x79794480, 0x79794600, 0x79d50000)
 compacting perm gen  total 12288K, used 6471K [0x8e800000, 0x8f400000, 0x92800000)
   the space 12288K,  52% used [0x8e800000, 0x8ee51e70, 0x8ee52000, 0x8f400000)
    ro space 10240K,  58% used [0x92800000, 0x92de1330, 0x92de1400, 0x93200000)
    rw space 12288K,  59% used [0x93200000, 0x93916340, 0x93916400, 0x93e00000)
Event: 34.046 GC heap after
Heap after GC invocations=207 (full 2):
 def new generation   total 4992K, used 187K [0x6e800000, 0x6ed60000, 0x792a0000)
  eden space 4480K,   0% used [0x6e800000, 0x6e800000, 0x6ec60000)
  from space 512K,  36% used [0x6ece0000, 0x6ed0efe8, 0x6ed60000)
  to   space 512K,   0% used [0x6ec60000, 0x6ec60000, 0x6ece0000)
 tenured generation   total 10944K, used 5528K [0x792a0000, 0x79d50000, 0x8e800000)
   the space 10944K,  50% used [0x792a0000, 0x798062e0, 0x79806400, 0x79d50000)
 compacting perm gen  total 12288K, used 6471K [0x8e800000, 0x8f400000, 0x92800000)
   the space 12288K,  52% used [0x8e800000, 0x8ee51e70, 0x8ee52000, 0x8f400000)
    ro space 10240K,  58% used [0x92800000, 0x92de1330, 0x92de1400, 0x93200000)
    rw space 12288K,  59% used [0x93200000, 0x93916340, 0x93916400, 0x93e00000)
}
Event: 34.131 GC heap before
{Heap before GC invocations=207 (full 2):
 def new generation   total 4992K, used 4656K [0x6e800000, 0x6ed60000, 0x792a0000)
  eden space 4480K,  99% used [0x6e800000, 0x6ec5d0e0, 0x6ec60000)
  from space 512K,  36% used [0x6ece0000, 0x6ed0efe8, 0x6ed60000)
  to   space 512K,   0% used [0x6ec60000, 0x6ec60000, 0x6ece0000)
 tenured generation   total 10944K, used 5528K [0x792a0000, 0x79d50000, 0x8e800000)
   the space 10944K,  50% used [0x792a0000, 0x798062e0, 0x79806400, 0x79d50000)
 compacting perm gen  total 12288K, used 6570K [0x8e800000, 0x8f400000, 0x92800000)
   the space 12288K,  53% used [0x8e800000, 0x8ee6aa50, 0x8ee6ac00, 0x8f400000)
    ro space 10240K,  58% used [0x92800000, 0x92de1330, 0x92de1400, 0x93200000)
    rw space 12288K,  59% used [0x93200000, 0x93916340, 0x93916400, 0x93e00000)
Event: 34.132 GC heap after
Heap after GC invocations=208 (full 2):
 def new generation   total 4992K, used 379K [0x6e800000, 0x6ed60000, 0x792a0000)
  eden space 4480K,   0% used [0x6e800000, 0x6e800000, 0x6ec60000)
  from space 512K,  74% used [0x6ec60000, 0x6ecbed30, 0x6ece0000)
  to   space 512K,   0% used [0x6ece0000, 0x6ece0000, 0x6ed60000)
 tenured generation   total 10944K, used 5528K [0x792a0000, 0x79d50000, 0x8e800000)
   the space 10944K,  50% used [0x792a0000, 0x798062e0, 0x79806400, 0x79d50000)
 compacting perm gen  total 12288K, used 6570K [0x8e800000, 0x8f400000, 0x92800000)
   the space 12288K,  53% used [0x8e800000, 0x8ee6aa50, 0x8ee6ac00, 0x8f400000)
    ro space 10240K,  58% used [0x92800000, 0x92de1330, 0x92de1400, 0x93200000)
    rw space 12288K,  59% used [0x93200000, 0x93916340, 0x93916400, 0x93e00000)
}
Event: 34.223 GC heap before
{Heap before GC invocations=208 (full 2):
 def new generation   total 4992K, used 4844K [0x6e800000, 0x6ed60000, 0x792a0000)
  eden space 4480K,  99% used [0x6e800000, 0x6ec5c498, 0x6ec60000)
  from space 512K,  74% used [0x6ec60000, 0x6ecbed30, 0x6ece0000)
  to   space 512K,   0% used [0x6ece0000, 0x6ece0000, 0x6ed60000)
 tenured generation   total 10944K, used 5528K [0x792a0000, 0x79d50000, 0x8e800000)
   the space 10944K,  50% used [0x792a0000, 0x798062e0, 0x79806400, 0x79d50000)
 compacting perm gen  total 12288K, used 6592K [0x8e800000, 0x8f400000, 0x92800000)
   the space 12288K,  53% used [0x8e800000, 0x8ee700c8, 0x8ee70200, 0x8f400000)
    ro space 10240K,  58% used [0x92800000, 0x92de1330, 0x92de1400, 0x93200000)
    rw space 12288K,  59% used [0x93200000, 0x93916340, 0x93916400, 0x93e00000)
Event: 34.225 GC heap after
Heap after GC invocations=209 (full 2):
 def new generation   total 4992K, used 339K [0x6e800000, 0x6ed60000, 0x792a0000)
  eden space 4480K,   0% used [0x6e800000, 0x6e800000, 0x6ec60000)
  from space 512K,  66% used [0x6ece0000, 0x6ed34cf0, 0x6ed60000)
  to   space 512K,   0% used [0x6ec60000, 0x6ec60000, 0x6ece0000)
 tenured generation   total 10944K, used 5682K [0x792a0000, 0x79d50000, 0x8e800000)
   the space 10944K,  51% used [0x792a0000, 0x7982cb10, 0x7982cc00, 0x79d50000)
 compacting perm gen  total 12288K, used 6592K [0x8e800000, 0x8f400000, 0x92800000)
   the space 12288K,  53% used [0x8e800000, 0x8ee700c8, 0x8ee70200, 0x8f400000)
    ro space 10240K,  58% used [0x92800000, 0x92de1330, 0x92de1400, 0x93200000)
    rw space 12288K,  59% used [0x93200000, 0x93916340, 0x93916400, 0x93e00000)
}
Event: 34.332 GC heap before
{Heap before GC invocations=209 (full 2):
 def new generation   total 4992K, used 4819K [0x6e800000, 0x6ed60000, 0x792a0000)
  eden space 4480K, 100% used [0x6e800000, 0x6ec60000, 0x6ec60000)
  from space 512K,  66% used [0x6ece0000, 0x6ed34cf0, 0x6ed60000)
  to   space 512K,   0% used [0x6ec60000, 0x6ec60000, 0x6ece0000)
 tenured generation   total 10944K, used 5682K [0x792a0000, 0x79d50000, 0x8e800000)
   the space 10944K,  51% used [0x792a0000, 0x7982cb10, 0x7982cc00, 0x79d50000)
 compacting perm gen  total 12288K, used 6592K [0x8e800000, 0x8f400000, 0x92800000)
   the space 12288K,  53% used [0x8e800000, 0x8ee701c8, 0x8ee70200, 0x8f400000)
    ro space 10240K,  58% used [0x92800000, 0x92de1330, 0x92de1400, 0x93200000)
    rw space 12288K,  59% used [0x93200000, 0x93916340, 0x93916400, 0x93e00000)
Event: 34.334 GC heap after
Heap after GC invocations=210 (full 2):
 def new generation   total 4992K, used 328K [0x6e800000, 0x6ed60000, 0x792a0000)
  eden space 4480K,   0% used [0x6e800000, 0x6e800000, 0x6ec60000)
  from space 512K,  64% used [0x6ec60000, 0x6ecb23e0, 0x6ece0000)
  to   space 512K,   0% used [0x6ece0000, 0x6ece0000, 0x6ed60000)
 tenured generation   total 10944K, used 5845K [0x792a0000, 0x79d50000, 0x8e800000)
   the space 10944K,  53% used [0x792a0000, 0x798557f0, 0x79855800, 0x79d50000)
 compacting perm gen  total 12288K, used 6592K [0x8e800000, 0x8f400000, 0x92800000)
   the space 12288K,  53% used [0x8e800000, 0x8ee701c8, 0x8ee70200, 0x8f400000)
    ro space 10240K,  58% used [0x92800000, 0x92de1330, 0x92de1400, 0x93200000)
    rw space 12288K,  59% used [0x93200000, 0x93916340, 0x93916400, 0x93e00000)
}

