# JRE version: OpenJDK Runtime Environment (7.0_79-b14) (build 1.7.0_79-b14)
# Java VM: OpenJDK Client VM (24.79-b02 mixed mode, sharing linux-x86 )
Heap
 def new generation   total 90048K, used 55486K [0x2e800000, 0x349b0000, 0x4e800000)
  eden space 80064K,  68% used [0x2e800000, 0x31d909c8, 0x33630000)
  from space 9984K,   6% used [0x33630000, 0x336cf158, 0x33ff0000)
  to   space 9984K,   0% used [0x33ff0000, 0x33ff0000, 0x349b0000)
 tenured generation   total 199592K, used 92518K [0x4e800000, 0x5aaea000, 0x8e800000)
   the space 199592K,  46% used [0x4e800000, 0x54259bf0, 0x54259c00, 0x5aaea000)
 compacting perm gen  total 12288K, used 8952K [0x8e800000, 0x8f400000, 0x92800000)
   the space 12288K,  72% used [0x8e800000, 0x8f0be2a8, 0x8f0be400, 0x8f400000)
    ro space 10240K,  58% used [0x92800000, 0x92de1330, 0x92de1400, 0x93200000)
    rw space 12288K,  59% used [0x93200000, 0x93916340, 0x93916400, 0x93e00000)
GC Heap History (10 events):
Event: 23635.545 GC heap before
{Heap before GC invocations=3647 (full 25):
 def new generation   total 90048K, used 80628K [0x2e800000, 0x349b0000, 0x4e800000)
  eden space 80064K, 100% used [0x2e800000, 0x33630000, 0x33630000)
  from space 9984K,   5% used [0x33ff0000, 0x3407d188, 0x349b0000)
  to   space 9984K,   0% used [0x33630000, 0x33630000, 0x33ff0000)
 tenured generation   total 199592K, used 92518K [0x4e800000, 0x5aaea000, 0x8e800000)
   the space 199592K,  46% used [0x4e800000, 0x54259bf0, 0x54259c00, 0x5aaea000)
 compacting perm gen  total 12288K, used 8952K [0x8e800000, 0x8f400000, 0x92800000)
   the space 12288K,  72% used [0x8e800000, 0x8f0be2a8, 0x8f0be400, 0x8f400000)
    ro space 10240K,  58% used [0x92800000, 0x92de1330, 0x92de1400, 0x93200000)
    rw space 12288K,  59% used [0x93200000, 0x93916340, 0x93916400, 0x93e00000)
Event: 23635.547 GC heap after
Heap after GC invocations=3648 (full 25):
 def new generation   total 90048K, used 569K [0x2e800000, 0x349b0000, 0x4e800000)
  eden space 80064K,   0% used [0x2e800000, 0x2e800000, 0x33630000)
  from space 9984K,   5% used [0x33630000, 0x336be578, 0x33ff0000)
  to   space 9984K,   0% used [0x33ff0000, 0x33ff0000, 0x349b0000)
 tenured generation   total 199592K, used 92518K [0x4e800000, 0x5aaea000, 0x8e800000)
   the space 199592K,  46% used [0x4e800000, 0x54259bf0, 0x54259c00, 0x5aaea000)
 compacting perm gen  total 12288K, used 8952K [0x8e800000, 0x8f400000, 0x92800000)
   the space 12288K,  72% used [0x8e800000, 0x8f0be2a8, 0x8f0be400, 0x8f400000)
    ro space 10240K,  58% used [0x92800000, 0x92de1330, 0x92de1400, 0x93200000)
    rw space 12288K,  59% used [0x93200000, 0x93916340, 0x93916400, 0x93e00000)
}
Event: 23635.650 GC heap before
{Heap before GC invocations=3648 (full 25):
 def new generation   total 90048K, used 80633K [0x2e800000, 0x349b0000, 0x4e800000)
  eden space 80064K, 100% used [0x2e800000, 0x33630000, 0x33630000)
  from space 9984K,   5% used [0x33630000, 0x336be578, 0x33ff0000)
  to   space 9984K,   0% used [0x33ff0000, 0x33ff0000, 0x349b0000)
 tenured generation   total 199592K, used 92518K [0x4e800000, 0x5aaea000, 0x8e800000)
   the space 199592K,  46% used [0x4e800000, 0x54259bf0, 0x54259c00, 0x5aaea000)
 compacting perm gen  total 12288K, used 8952K [0x8e800000, 0x8f400000, 0x92800000)
   the space 12288K,  72% used [0x8e800000, 0x8f0be2a8, 0x8f0be400, 0x8f400000)
    ro space 10240K,  58% used [0x92800000, 0x92de1330, 0x92de1400, 0x93200000)
    rw space 12288K,  59% used [0x93200000, 0x93916340, 0x93916400, 0x93e00000)
Event: 23635.651 GC heap after
Heap after GC invocations=3649 (full 25):
 def new generation   total 90048K, used 586K [0x2e800000, 0x349b0000, 0x4e800000)
  eden space 80064K,   0% used [0x2e800000, 0x2e800000, 0x33630000)
  from space 9984K,   5% used [0x33ff0000, 0x34082a58, 0x349b0000)
  to   space 9984K,   0% used [0x33630000, 0x33630000, 0x33ff0000)
 tenured generation   total 199592K, used 92518K [0x4e800000, 0x5aaea000, 0x8e800000)
   the space 199592K,  46% used [0x4e800000, 0x54259bf0, 0x54259c00, 0x5aaea000)
 compacting perm gen  total 12288K, used 8952K [0x8e800000, 0x8f400000, 0x92800000)
   the space 12288K,  72% used [0x8e800000, 0x8f0be2a8, 0x8f0be400, 0x8f400000)
    ro space 10240K,  58% used [0x92800000, 0x92de1330, 0x92de1400, 0x93200000)
    rw space 12288K,  59% used [0x93200000, 0x93916340, 0x93916400, 0x93e00000)
}
Event: 23635.863 GC heap before
{Heap before GC invocations=3649 (full 25):
 def new generation   total 90048K, used 80650K [0x2e800000, 0x349b0000, 0x4e800000)
  eden space 80064K, 100% used [0x2e800000, 0x33630000, 0x33630000)
  from space 9984K,   5% used [0x33ff0000, 0x34082a58, 0x349b0000)
  to   space 9984K,   0% used [0x33630000, 0x33630000, 0x33ff0000)
 tenured generation   total 199592K, used 92518K [0x4e800000, 0x5aaea000, 0x8e800000)
   the space 199592K,  46% used [0x4e800000, 0x54259bf0, 0x54259c00, 0x5aaea000)
 compacting perm gen  total 12288K, used 8952K [0x8e800000, 0x8f400000, 0x92800000)
   the space 12288K,  72% used [0x8e800000, 0x8f0be2a8, 0x8f0be400, 0x8f400000)
    ro space 10240K,  58% used [0x92800000, 0x92de1330, 0x92de1400, 0x93200000)
    rw space 12288K,  59% used [0x93200000, 0x93916340, 0x93916400, 0x93e00000)
Event: 23635.865 GC heap after
Heap after GC invocations=3650 (full 25):
 def new generation   total 90048K, used 623K [0x2e800000, 0x349b0000, 0x4e800000)
  eden space 80064K,   0% used [0x2e800000, 0x2e800000, 0x33630000)
  from space 9984K,   6% used [0x33630000, 0x336cbd40, 0x33ff0000)
  to   space 9984K,   0% used [0x33ff0000, 0x33ff0000, 0x349b0000)
 tenured generation   total 199592K, used 92518K [0x4e800000, 0x5aaea000, 0x8e800000)
   the space 199592K,  46% used [0x4e800000, 0x54259bf0, 0x54259c00, 0x5aaea000)
 compacting perm gen  total 12288K, used 8952K [0x8e800000, 0x8f400000, 0x92800000)
   the space 12288K,  72% used [0x8e800000, 0x8f0be2a8, 0x8f0be400, 0x8f400000)
    ro space 10240K,  58% used [0x92800000, 0x92de1330, 0x92de1400, 0x93200000)
    rw space 12288K,  59% used [0x93200000, 0x93916340, 0x93916400, 0x93e00000)
}
Event: 23635.961 GC heap before
{Heap before GC invocations=3650 (full 25):
 def new generation   total 90048K, used 80687K [0x2e800000, 0x349b0000, 0x4e800000)
  eden space 80064K, 100% used [0x2e800000, 0x33630000, 0x33630000)
  from space 9984K,   6% used [0x33630000, 0x336cbd40, 0x33ff0000)
  to   space 9984K,   0% used [0x33ff0000, 0x33ff0000, 0x349b0000)
 tenured generation   total 199592K, used 92518K [0x4e800000, 0x5aaea000, 0x8e800000)
   the space 199592K,  46% used [0x4e800000, 0x54259bf0, 0x54259c00, 0x5aaea000)
 compacting perm gen  total 12288K, used 8952K [0x8e800000, 0x8f400000, 0x92800000)
   the space 12288K,  72% used [0x8e800000, 0x8f0be2a8, 0x8f0be400, 0x8f400000)
    ro space 10240K,  58% used [0x92800000, 0x92de1330, 0x92de1400, 0x93200000)
    rw space 12288K,  59% used [0x93200000, 0x93916340, 0x93916400, 0x93e00000)
Event: 23635.964 GC heap after
Heap after GC invocations=3651 (full 25):
 def new generation   total 90048K, used 628K [0x2e800000, 0x349b0000, 0x4e800000)
  eden space 80064K,   0% used [0x2e800000, 0x2e800000, 0x33630000)
  from space 9984K,   6% used [0x33ff0000, 0x3408d150, 0x349b0000)
  to   space 9984K,   0% used [0x33630000, 0x33630000, 0x33ff0000)
 tenured generation   total 199592K, used 92518K [0x4e800000, 0x5aaea000, 0x8e800000)
   the space 199592K,  46% used [0x4e800000, 0x54259bf0, 0x54259c00, 0x5aaea000)
 compacting perm gen  total 12288K, used 8952K [0x8e800000, 0x8f400000, 0x92800000)
   the space 12288K,  72% used [0x8e800000, 0x8f0be2a8, 0x8f0be400, 0x8f400000)
    ro space 10240K,  58% used [0x92800000, 0x92de1330, 0x92de1400, 0x93200000)
    rw space 12288K,  59% used [0x93200000, 0x93916340, 0x93916400, 0x93e00000)
}
Event: 23636.104 GC heap before
{Heap before GC invocations=3651 (full 25):
 def new generation   total 90048K, used 80692K [0x2e800000, 0x349b0000, 0x4e800000)
  eden space 80064K, 100% used [0x2e800000, 0x33630000, 0x33630000)
  from space 9984K,   6% used [0x33ff0000, 0x3408d150, 0x349b0000)
  to   space 9984K,   0% used [0x33630000, 0x33630000, 0x33ff0000)
 tenured generation   total 199592K, used 92518K [0x4e800000, 0x5aaea000, 0x8e800000)
   the space 199592K,  46% used [0x4e800000, 0x54259bf0, 0x54259c00, 0x5aaea000)
 compacting perm gen  total 12288K, used 8952K [0x8e800000, 0x8f400000, 0x92800000)
   the space 12288K,  72% used [0x8e800000, 0x8f0be2a8, 0x8f0be400, 0x8f400000)
    ro space 10240K,  58% used [0x92800000, 0x92de1330, 0x92de1400, 0x93200000)
    rw space 12288K,  59% used [0x93200000, 0x93916340, 0x93916400, 0x93e00000)
Event: 23636.106 GC heap after
Heap after GC invocations=3652 (full 25):
 def new generation   total 90048K, used 636K [0x2e800000, 0x349b0000, 0x4e800000)
  eden space 80064K,   0% used [0x2e800000, 0x2e800000, 0x33630000)
  from space 9984K,   6% used [0x33630000, 0x336cf158, 0x33ff0000)
  to   space 9984K,   0% used [0x33ff0000, 0x33ff0000, 0x349b0000)
 tenured generation   total 199592K, used 92518K [0x4e800000, 0x5aaea000, 0x8e800000)
   the space 199592K,  46% used [0x4e800000, 0x54259bf0, 0x54259c00, 0x5aaea000)
 compacting perm gen  total 12288K, used 8952K [0x8e800000, 0x8f400000, 0x92800000)
   the space 12288K,  72% used [0x8e800000, 0x8f0be2a8, 0x8f0be400, 0x8f400000)
    ro space 10240K,  58% used [0x92800000, 0x92de1330, 0x92de1400, 0x93200000)
    rw space 12288K,  59% used [0x93200000, 0x93916340, 0x93916400, 0x93e00000)
}

