# JRE version: OpenJDK Runtime Environment (7.0_111-b01) (build 1.7.0_111-b01)
# Java VM: OpenJDK Client VM (24.111-b01 mixed mode, sharing linux-x86 )
Heap
 def new generation   total 4992K, used 4116K [0x6e800000, 0x6ed60000, 0x792a0000)
  eden space 4480K,  85% used [0x6e800000, 0x6ebbf528, 0x6ec60000)
  from space 512K,  54% used [0x6ec60000, 0x6eca5ce0, 0x6ece0000)
  to   space 512K,   0% used [0x6ece0000, 0x6ece0000, 0x6ed60000)
 tenured generation   total 10752K, used 7557K [0x792a0000, 0x79d20000, 0x8e800000)
   the space 10752K,  70% used [0x792a0000, 0x79a01730, 0x79a01800, 0x79d20000)
 compacting perm gen  total 12288K, used 6948K [0x8e800000, 0x8f400000, 0x92800000)
   the space 12288K,  56% used [0x8e800000, 0x8eec9350, 0x8eec9400, 0x8f400000)
    ro space 10240K,  59% used [0x92800000, 0x92dfe3d8, 0x92dfe400, 0x93200000)
    rw space 12288K,  59% used [0x93200000, 0x9391c2b0, 0x9391c400, 0x93e00000)
GC Heap History (10 events):
Event: 321.283 GC heap before
{Heap before GC invocations=1070 (full 10):
 def new generation   total 4992K, used 4497K [0x6e800000, 0x6ed60000, 0x792a0000)
  eden space 4480K, 100% used [0x6e800000, 0x6ec60000, 0x6ec60000)
  from space 512K,   3% used [0x6ece0000, 0x6ece4570, 0x6ed60000)
  to   space 512K,   0% used [0x6ec60000, 0x6ec60000, 0x6ece0000)
 tenured generation   total 10752K, used 6748K [0x792a0000, 0x79d20000, 0x8e800000)
   the space 10752K,  62% used [0x792a0000, 0x79937218, 0x79937400, 0x79d20000)
 compacting perm gen  total 12288K, used 6948K [0x8e800000, 0x8f400000, 0x92800000)
   the space 12288K,  56% used [0x8e800000, 0x8eec91f0, 0x8eec9200, 0x8f400000)
    ro space 10240K,  59% used [0x92800000, 0x92dfe3d8, 0x92dfe400, 0x93200000)
    rw space 12288K,  59% used [0x93200000, 0x9391c2b0, 0x9391c400, 0x93e00000)
Event: 321.284 GC heap after
Heap after GC invocations=1071 (full 10):
 def new generation   total 4992K, used 133K [0x6e800000, 0x6ed60000, 0x792a0000)
  eden space 4480K,   0% used [0x6e800000, 0x6e800000, 0x6ec60000)
  from space 512K,  26% used [0x6ec60000, 0x6ec81708, 0x6ece0000)
  to   space 512K,   0% used [0x6ece0000, 0x6ece0000, 0x6ed60000)
 tenured generation   total 10752K, used 6748K [0x792a0000, 0x79d20000, 0x8e800000)
   the space 10752K,  62% used [0x792a0000, 0x79937290, 0x79937400, 0x79d20000)
 compacting perm gen  total 12288K, used 6948K [0x8e800000, 0x8f400000, 0x92800000)
   the space 12288K,  56% used [0x8e800000, 0x8eec91f0, 0x8eec9200, 0x8f400000)
    ro space 10240K,  59% used [0x92800000, 0x92dfe3d8, 0x92dfe400, 0x93200000)
    rw space 12288K,  59% used [0x93200000, 0x9391c2b0, 0x9391c400, 0x93e00000)
}
Event: 321.334 GC heap before
{Heap before GC invocations=1071 (full 10):
 def new generation   total 4992K, used 4613K [0x6e800000, 0x6ed60000, 0x792a0000)
  eden space 4480K, 100% used [0x6e800000, 0x6ec60000, 0x6ec60000)
  from space 512K,  26% used [0x6ec60000, 0x6ec81708, 0x6ece0000)
  to   space 512K,   0% used [0x6ece0000, 0x6ece0000, 0x6ed60000)
 tenured generation   total 10752K, used 6748K [0x792a0000, 0x79d20000, 0x8e800000)
   the space 10752K,  62% used [0x792a0000, 0x79937290, 0x79937400, 0x79d20000)
 compacting perm gen  total 12288K, used 6948K [0x8e800000, 0x8f400000, 0x92800000)
   the space 12288K,  56% used [0x8e800000, 0x8eec9200, 0x8eec9200, 0x8f400000)
    ro space 10240K,  59% used [0x92800000, 0x92dfe3d8, 0x92dfe400, 0x93200000)
    rw space 12288K,  59% used [0x93200000, 0x9391c2b0, 0x9391c400, 0x93e00000)
Event: 321.336 GC heap after
Heap after GC invocations=1072 (full 10):
 def new generation   total 4992K, used 512K [0x6e800000, 0x6ed60000, 0x792a0000)
  eden space 4480K,   0% used [0x6e800000, 0x6e800000, 0x6ec60000)
  from space 512K, 100% used [0x6ece0000, 0x6ed60000, 0x6ed60000)
  to   space 512K,   0% used [0x6ec60000, 0x6ec60000, 0x6ece0000)
 tenured generation   total 10752K, used 6869K [0x792a0000, 0x79d20000, 0x8e800000)
   the space 10752K,  63% used [0x792a0000, 0x799556a8, 0x79955800, 0x79d20000)
 compacting perm gen  total 12288K, used 6948K [0x8e800000, 0x8f400000, 0x92800000)
   the space 12288K,  56% used [0x8e800000, 0x8eec9200, 0x8eec9200, 0x8f400000)
    ro space 10240K,  59% used [0x92800000, 0x92dfe3d8, 0x92dfe400, 0x93200000)
    rw space 12288K,  59% used [0x93200000, 0x9391c2b0, 0x9391c400, 0x93e00000)
}
Event: 321.392 GC heap before
{Heap before GC invocations=1072 (full 10):
 def new generation   total 4992K, used 4992K [0x6e800000, 0x6ed60000, 0x792a0000)
  eden space 4480K, 100% used [0x6e800000, 0x6ec60000, 0x6ec60000)
  from space 512K, 100% used [0x6ece0000, 0x6ed60000, 0x6ed60000)
  to   space 512K,   0% used [0x6ec60000, 0x6ec60000, 0x6ece0000)
 tenured generation   total 10752K, used 6869K [0x792a0000, 0x79d20000, 0x8e800000)
   the space 10752K,  63% used [0x792a0000, 0x799556a8, 0x79955800, 0x79d20000)
 compacting perm gen  total 12288K, used 6948K [0x8e800000, 0x8f400000, 0x92800000)
   the space 12288K,  56% used [0x8e800000, 0x8eec9200, 0x8eec9200, 0x8f400000)
    ro space 10240K,  59% used [0x92800000, 0x92dfe3d8, 0x92dfe400, 0x93200000)
    rw space 12288K,  59% used [0x93200000, 0x9391c2b0, 0x9391c400, 0x93e00000)
Event: 321.394 GC heap after
Heap after GC invocations=1073 (full 10):
 def new generation   total 4992K, used 242K [0x6e800000, 0x6ed60000, 0x792a0000)
  eden space 4480K,   0% used [0x6e800000, 0x6e800000, 0x6ec60000)
  from space 512K,  47% used [0x6ec60000, 0x6ec9cac0, 0x6ece0000)
  to   space 512K,   0% used [0x6ece0000, 0x6ece0000, 0x6ed60000)
 tenured generation   total 10752K, used 7359K [0x792a0000, 0x79d20000, 0x8e800000)
   the space 10752K,  68% used [0x792a0000, 0x799cff98, 0x799d0000, 0x79d20000)
 compacting perm gen  total 12288K, used 6948K [0x8e800000, 0x8f400000, 0x92800000)
   the space 12288K,  56% used [0x8e800000, 0x8eec9200, 0x8eec9200, 0x8f400000)
    ro space 10240K,  59% used [0x92800000, 0x92dfe3d8, 0x92dfe400, 0x93200000)
    rw space 12288K,  59% used [0x93200000, 0x9391c2b0, 0x9391c400, 0x93e00000)
}
Event: 321.467 GC heap before
{Heap before GC invocations=1073 (full 10):
 def new generation   total 4992K, used 4722K [0x6e800000, 0x6ed60000, 0x792a0000)
  eden space 4480K, 100% used [0x6e800000, 0x6ec60000, 0x6ec60000)
  from space 512K,  47% used [0x6ec60000, 0x6ec9cac0, 0x6ece0000)
  to   space 512K,   0% used [0x6ece0000, 0x6ece0000, 0x6ed60000)
 tenured generation   total 10752K, used 7359K [0x792a0000, 0x79d20000, 0x8e800000)
   the space 10752K,  68% used [0x792a0000, 0x799cff98, 0x799d0000, 0x79d20000)
 compacting perm gen  total 12288K, used 6948K [0x8e800000, 0x8f400000, 0x92800000)
   the space 12288K,  56% used [0x8e800000, 0x8eec9350, 0x8eec9400, 0x8f400000)
    ro space 10240K,  59% used [0x92800000, 0x92dfe3d8, 0x92dfe400, 0x93200000)
    rw space 12288K,  59% used [0x93200000, 0x9391c2b0, 0x9391c400, 0x93e00000)
Event: 321.468 GC heap after
Heap after GC invocations=1074 (full 10):
 def new generation   total 4992K, used 350K [0x6e800000, 0x6ed60000, 0x792a0000)
  eden space 4480K,   0% used [0x6e800000, 0x6e800000, 0x6ec60000)
  from space 512K,  68% used [0x6ece0000, 0x6ed37a38, 0x6ed60000)
  to   space 512K,   0% used [0x6ec60000, 0x6ec60000, 0x6ece0000)
 tenured generation   total 10752K, used 7359K [0x792a0000, 0x79d20000, 0x8e800000)
   the space 10752K,  68% used [0x792a0000, 0x799cff98, 0x799d0000, 0x79d20000)
 compacting perm gen  total 12288K, used 6948K [0x8e800000, 0x8f400000, 0x92800000)
   the space 12288K,  56% used [0x8e800000, 0x8eec9350, 0x8eec9400, 0x8f400000)
    ro space 10240K,  59% used [0x92800000, 0x92dfe3d8, 0x92dfe400, 0x93200000)
    rw space 12288K,  59% used [0x93200000, 0x9391c2b0, 0x9391c400, 0x93e00000)
}
Event: 321.546 GC heap before
{Heap before GC invocations=1074 (full 10):
 def new generation   total 4992K, used 4830K [0x6e800000, 0x6ed60000, 0x792a0000)
  eden space 4480K, 100% used [0x6e800000, 0x6ec60000, 0x6ec60000)
  from space 512K,  68% used [0x6ece0000, 0x6ed37a38, 0x6ed60000)
  to   space 512K,   0% used [0x6ec60000, 0x6ec60000, 0x6ece0000)
 tenured generation   total 10752K, used 7359K [0x792a0000, 0x79d20000, 0x8e800000)
   the space 10752K,  68% used [0x792a0000, 0x799cff98, 0x799d0000, 0x79d20000)
 compacting perm gen  total 12288K, used 6948K [0x8e800000, 0x8f400000, 0x92800000)
   the space 12288K,  56% used [0x8e800000, 0x8eec9350, 0x8eec9400, 0x8f400000)
    ro space 10240K,  59% used [0x92800000, 0x92dfe3d8, 0x92dfe400, 0x93200000)
    rw space 12288K,  59% used [0x93200000, 0x9391c2b0, 0x9391c400, 0x93e00000)
Event: 321.547 GC heap after
Heap after GC invocations=1075 (full 10):
 def new generation   total 4992K, used 279K [0x6e800000, 0x6ed60000, 0x792a0000)
  eden space 4480K,   0% used [0x6e800000, 0x6e800000, 0x6ec60000)
  from space 512K,  54% used [0x6ec60000, 0x6eca5ce0, 0x6ece0000)
  to   space 512K,   0% used [0x6ece0000, 0x6ece0000, 0x6ed60000)
 tenured generation   total 10752K, used 7557K [0x792a0000, 0x79d20000, 0x8e800000)
   the space 10752K,  70% used [0x792a0000, 0x79a01730, 0x79a01800, 0x79d20000)
 compacting perm gen  total 12288K, used 6948K [0x8e800000, 0x8f400000, 0x92800000)
   the space 12288K,  56% used [0x8e800000, 0x8eec9350, 0x8eec9400, 0x8f400000)
    ro space 10240K,  59% used [0x92800000, 0x92dfe3d8, 0x92dfe400, 0x93200000)
    rw space 12288K,  59% used [0x93200000, 0x9391c2b0, 0x9391c400, 0x93e00000)
}

