# JRE version: OpenJDK Runtime Environment (7.0_111-b01) (build 1.7.0_111-b01)
# Java VM: OpenJDK Client VM (24.111-b01 mixed mode, sharing linux-x86 )
Heap
 def new generation   total 5056K, used 3081K [0x6e800000, 0x6ed70000, 0x792a0000)
  eden space 4544K,  65% used [0x6e800000, 0x6eaea930, 0x6ec70000)
  from space 512K,  18% used [0x6ec70000, 0x6ec87e58, 0x6ecf0000)
  to   space 512K,   0% used [0x6ecf0000, 0x6ecf0000, 0x6ed70000)
 tenured generation   total 10944K, used 6844K [0x792a0000, 0x79d50000, 0x8e800000)
   the space 10944K,  62% used [0x792a0000, 0x7994f2e8, 0x7994f400, 0x79d50000)
 compacting perm gen  total 12288K, used 6759K [0x8e800000, 0x8f400000, 0x92800000)
   the space 12288K,  55% used [0x8e800000, 0x8ee99fc0, 0x8ee9a000, 0x8f400000)
    ro space 10240K,  59% used [0x92800000, 0x92dfe3d8, 0x92dfe400, 0x93200000)
    rw space 12288K,  59% used [0x93200000, 0x9391c2b0, 0x9391c400, 0x93e00000)
GC Heap History (10 events):
Event: 1242.670 GC heap before
{Heap before GC invocations=908 (full 5):
 def new generation   total 5056K, used 4554K [0x6e800000, 0x6ed70000, 0x792a0000)
  eden space 4544K, 100% used [0x6e800000, 0x6ec70000, 0x6ec70000)
  from space 512K,   2% used [0x6ecf0000, 0x6ecf2af8, 0x6ed70000)
  to   space 512K,   0% used [0x6ec70000, 0x6ec70000, 0x6ecf0000)
 tenured generation   total 10944K, used 5867K [0x792a0000, 0x79d50000, 0x8e800000)
   the space 10944K,  53% used [0x792a0000, 0x7985acc0, 0x7985ae00, 0x79d50000)
 compacting perm gen  total 12288K, used 6744K [0x8e800000, 0x8f400000, 0x92800000)
   the space 12288K,  54% used [0x8e800000, 0x8ee96108, 0x8ee96200, 0x8f400000)
    ro space 10240K,  59% used [0x92800000, 0x92dfe3d8, 0x92dfe400, 0x93200000)
    rw space 12288K,  59% used [0x93200000, 0x9391c2b0, 0x9391c400, 0x93e00000)
Event: 1242.671 GC heap after
Heap after GC invocations=909 (full 5):
 def new generation   total 5056K, used 173K [0x6e800000, 0x6ed70000, 0x792a0000)
  eden space 4544K,   0% used [0x6e800000, 0x6e800000, 0x6ec70000)
  from space 512K,  33% used [0x6ec70000, 0x6ec9b788, 0x6ecf0000)
  to   space 512K,   0% used [0x6ecf0000, 0x6ecf0000, 0x6ed70000)
 tenured generation   total 10944K, used 5867K [0x792a0000, 0x79d50000, 0x8e800000)
   the space 10944K,  53% used [0x792a0000, 0x7985ada8, 0x7985ae00, 0x79d50000)
 compacting perm gen  total 12288K, used 6744K [0x8e800000, 0x8f400000, 0x92800000)
   the space 12288K,  54% used [0x8e800000, 0x8ee96108, 0x8ee96200, 0x8f400000)
    ro space 10240K,  59% used [0x92800000, 0x92dfe3d8, 0x92dfe400, 0x93200000)
    rw space 12288K,  59% used [0x93200000, 0x9391c2b0, 0x9391c400, 0x93e00000)
}
Event: 1242.759 GC heap before
{Heap before GC invocations=909 (full 5):
 def new generation   total 5056K, used 4717K [0x6e800000, 0x6ed70000, 0x792a0000)
  eden space 4544K,  99% used [0x6e800000, 0x6ec6ffd0, 0x6ec70000)
  from space 512K,  33% used [0x6ec70000, 0x6ec9b788, 0x6ecf0000)
  to   space 512K,   0% used [0x6ecf0000, 0x6ecf0000, 0x6ed70000)
 tenured generation   total 10944K, used 5867K [0x792a0000, 0x79d50000, 0x8e800000)
   the space 10944K,  53% used [0x792a0000, 0x7985ada8, 0x7985ae00, 0x79d50000)
 compacting perm gen  total 12288K, used 6744K [0x8e800000, 0x8f400000, 0x92800000)
   the space 12288K,  54% used [0x8e800000, 0x8ee961c8, 0x8ee96200, 0x8f400000)
    ro space 10240K,  59% used [0x92800000, 0x92dfe3d8, 0x92dfe400, 0x93200000)
    rw space 12288K,  59% used [0x93200000, 0x9391c2b0, 0x9391c400, 0x93e00000)
Event: 1242.761 GC heap after
Heap after GC invocations=910 (full 5):
 def new generation   total 5056K, used 512K [0x6e800000, 0x6ed70000, 0x792a0000)
  eden space 4544K,   0% used [0x6e800000, 0x6e800000, 0x6ec70000)
  from space 512K, 100% used [0x6ecf0000, 0x6ed70000, 0x6ed70000)
  to   space 512K,   0% used [0x6ec70000, 0x6ec70000, 0x6ecf0000)
 tenured generation   total 10944K, used 6056K [0x792a0000, 0x79d50000, 0x8e800000)
   the space 10944K,  55% used [0x792a0000, 0x7988a228, 0x7988a400, 0x79d50000)
 compacting perm gen  total 12288K, used 6744K [0x8e800000, 0x8f400000, 0x92800000)
   the space 12288K,  54% used [0x8e800000, 0x8ee961c8, 0x8ee96200, 0x8f400000)
    ro space 10240K,  59% used [0x92800000, 0x92dfe3d8, 0x92dfe400, 0x93200000)
    rw space 12288K,  59% used [0x93200000, 0x9391c2b0, 0x9391c400, 0x93e00000)
}
Event: 1242.844 GC heap before
{Heap before GC invocations=910 (full 5):
 def new generation   total 5056K, used 5056K [0x6e800000, 0x6ed70000, 0x792a0000)
  eden space 4544K, 100% used [0x6e800000, 0x6ec70000, 0x6ec70000)
  from space 512K, 100% used [0x6ecf0000, 0x6ed70000, 0x6ed70000)
  to   space 512K,   0% used [0x6ec70000, 0x6ec70000, 0x6ecf0000)
 tenured generation   total 10944K, used 6056K [0x792a0000, 0x79d50000, 0x8e800000)
   the space 10944K,  55% used [0x792a0000, 0x7988a228, 0x7988a400, 0x79d50000)
 compacting perm gen  total 12288K, used 6744K [0x8e800000, 0x8f400000, 0x92800000)
   the space 12288K,  54% used [0x8e800000, 0x8ee96248, 0x8ee96400, 0x8f400000)
    ro space 10240K,  59% used [0x92800000, 0x92dfe3d8, 0x92dfe400, 0x93200000)
    rw space 12288K,  59% used [0x93200000, 0x9391c2b0, 0x9391c400, 0x93e00000)
Event: 1242.846 GC heap after
Heap after GC invocations=911 (full 5):
 def new generation   total 5056K, used 187K [0x6e800000, 0x6ed70000, 0x792a0000)
  eden space 4544K,   0% used [0x6e800000, 0x6e800000, 0x6ec70000)
  from space 512K,  36% used [0x6ec70000, 0x6ec9ec68, 0x6ecf0000)
  to   space 512K,   0% used [0x6ecf0000, 0x6ecf0000, 0x6ed70000)
 tenured generation   total 10944K, used 6542K [0x792a0000, 0x79d50000, 0x8e800000)
   the space 10944K,  59% used [0x792a0000, 0x799039c0, 0x79903a00, 0x79d50000)
 compacting perm gen  total 12288K, used 6744K [0x8e800000, 0x8f400000, 0x92800000)
   the space 12288K,  54% used [0x8e800000, 0x8ee96248, 0x8ee96400, 0x8f400000)
    ro space 10240K,  59% used [0x92800000, 0x92dfe3d8, 0x92dfe400, 0x93200000)
    rw space 12288K,  59% used [0x93200000, 0x9391c2b0, 0x9391c400, 0x93e00000)
}
Event: 1242.932 GC heap before
{Heap before GC invocations=911 (full 5):
 def new generation   total 5056K, used 4731K [0x6e800000, 0x6ed70000, 0x792a0000)
  eden space 4544K, 100% used [0x6e800000, 0x6ec70000, 0x6ec70000)
  from space 512K,  36% used [0x6ec70000, 0x6ec9ec68, 0x6ecf0000)
  to   space 512K,   0% used [0x6ecf0000, 0x6ecf0000, 0x6ed70000)
 tenured generation   total 10944K, used 6542K [0x792a0000, 0x79d50000, 0x8e800000)
   the space 10944K,  59% used [0x792a0000, 0x799039c0, 0x79903a00, 0x79d50000)
 compacting perm gen  total 12288K, used 6744K [0x8e800000, 0x8f400000, 0x92800000)
   the space 12288K,  54% used [0x8e800000, 0x8ee96268, 0x8ee96400, 0x8f400000)
    ro space 10240K,  59% used [0x92800000, 0x92dfe3d8, 0x92dfe400, 0x93200000)
    rw space 12288K,  59% used [0x93200000, 0x9391c2b0, 0x9391c400, 0x93e00000)
Event: 1242.933 GC heap after
Heap after GC invocations=912 (full 5):
 def new generation   total 5056K, used 424K [0x6e800000, 0x6ed70000, 0x792a0000)
  eden space 4544K,   0% used [0x6e800000, 0x6e800000, 0x6ec70000)
  from space 512K,  82% used [0x6ecf0000, 0x6ed5a008, 0x6ed70000)
  to   space 512K,   0% used [0x6ec70000, 0x6ec70000, 0x6ecf0000)
 tenured generation   total 10944K, used 6542K [0x792a0000, 0x79d50000, 0x8e800000)
   the space 10944K,  59% used [0x792a0000, 0x799039c0, 0x79903a00, 0x79d50000)
 compacting perm gen  total 12288K, used 6744K [0x8e800000, 0x8f400000, 0x92800000)
   the space 12288K,  54% used [0x8e800000, 0x8ee96268, 0x8ee96400, 0x8f400000)
    ro space 10240K,  59% used [0x92800000, 0x92dfe3d8, 0x92dfe400, 0x93200000)
    rw space 12288K,  59% used [0x93200000, 0x9391c2b0, 0x9391c400, 0x93e00000)
}
Event: 1243.014 GC heap before
{Heap before GC invocations=912 (full 5):
 def new generation   total 5056K, used 4962K [0x6e800000, 0x6ed70000, 0x792a0000)
  eden space 4544K,  99% used [0x6e800000, 0x6ec6ebb0, 0x6ec70000)
  from space 512K,  82% used [0x6ecf0000, 0x6ed5a008, 0x6ed70000)
  to   space 512K,   0% used [0x6ec70000, 0x6ec70000, 0x6ecf0000)
 tenured generation   total 10944K, used 6542K [0x792a0000, 0x79d50000, 0x8e800000)
   the space 10944K,  59% used [0x792a0000, 0x799039c0, 0x79903a00, 0x79d50000)
 compacting perm gen  total 12288K, used 6744K [0x8e800000, 0x8f400000, 0x92800000)
   the space 12288K,  54% used [0x8e800000, 0x8ee96328, 0x8ee96400, 0x8f400000)
    ro space 10240K,  59% used [0x92800000, 0x92dfe3d8, 0x92dfe400, 0x93200000)
    rw space 12288K,  59% used [0x93200000, 0x9391c2b0, 0x9391c400, 0x93e00000)
Event: 1243.015 GC heap after
Heap after GC invocations=913 (full 5):
 def new generation   total 5056K, used 95K [0x6e800000, 0x6ed70000, 0x792a0000)
  eden space 4544K,   0% used [0x6e800000, 0x6e800000, 0x6ec70000)
  from space 512K,  18% used [0x6ec70000, 0x6ec87e58, 0x6ecf0000)
  to   space 512K,   0% used [0x6ecf0000, 0x6ecf0000, 0x6ed70000)
 tenured generation   total 10944K, used 6844K [0x792a0000, 0x79d50000, 0x8e800000)
   the space 10944K,  62% used [0x792a0000, 0x7994f2e8, 0x7994f400, 0x79d50000)
 compacting perm gen  total 12288K, used 6744K [0x8e800000, 0x8f400000, 0x92800000)
   the space 12288K,  54% used [0x8e800000, 0x8ee96328, 0x8ee96400, 0x8f400000)
    ro space 10240K,  59% used [0x92800000, 0x92dfe3d8, 0x92dfe400, 0x93200000)
    rw space 12288K,  59% used [0x93200000, 0x9391c2b0, 0x9391c400, 0x93e00000)
}

