# JRE version: OpenJDK Runtime Environment (7.0_111-b01) (build 1.7.0_111-b01)
# Java VM: OpenJDK Client VM (24.111-b01 mixed mode, sharing linux-x86 )
Heap
 def new generation   total 4928K, used 520K [0x6e800000, 0x6ed50000, 0x792a0000)
  eden space 4416K,   7% used [0x6e800000, 0x6e84ff88, 0x6ec50000)
  from space 512K,  39% used [0x6ec50000, 0x6ec823f8, 0x6ecd0000)
  to   space 512K,   0% used [0x6ecd0000, 0x6ecd0000, 0x6ed50000)
 tenured generation   total 10752K, used 5901K [0x792a0000, 0x79d20000, 0x8e800000)
   the space 10752K,  54% used [0x792a0000, 0x798635e8, 0x79863600, 0x79d20000)
 compacting perm gen  total 12288K, used 6593K [0x8e800000, 0x8f400000, 0x92800000)
   the space 12288K,  53% used [0x8e800000, 0x8ee705e8, 0x8ee70600, 0x8f400000)
    ro space 10240K,  59% used [0x92800000, 0x92dfe3d8, 0x92dfe400, 0x93200000)
    rw space 12288K,  59% used [0x93200000, 0x9391c2b0, 0x9391c400, 0x93e00000)
GC Heap History (10 events):
Event: 13.463 GC heap before
{Heap before GC invocations=176 (full 1):
 def new generation   total 4928K, used 4928K [0x6e800000, 0x6ed50000, 0x792a0000)
  eden space 4416K, 100% used [0x6e800000, 0x6ec50000, 0x6ec50000)
  from space 512K, 100% used [0x6ecd0000, 0x6ed50000, 0x6ed50000)
  to   space 512K,   0% used [0x6ec50000, 0x6ec50000, 0x6ecd0000)
 tenured generation   total 10752K, used 4677K [0x792a0000, 0x79d20000, 0x8e800000)
   the space 10752K,  43% used [0x792a0000, 0x797314a0, 0x79731600, 0x79d20000)
 compacting perm gen  total 12288K, used 6361K [0x8e800000, 0x8f400000, 0x92800000)
   the space 12288K,  51% used [0x8e800000, 0x8ee366e0, 0x8ee36800, 0x8f400000)
    ro space 10240K,  59% used [0x92800000, 0x92dfe3d8, 0x92dfe400, 0x93200000)
    rw space 12288K,  59% used [0x93200000, 0x9391c2b0, 0x9391c400, 0x93e00000)
Event: 13.465 GC heap after
Heap after GC invocations=177 (full 1):
 def new generation   total 4928K, used 402K [0x6e800000, 0x6ed50000, 0x792a0000)
  eden space 4416K,   0% used [0x6e800000, 0x6e800000, 0x6ec50000)
  from space 512K,  78% used [0x6ec50000, 0x6ecb4ba0, 0x6ecd0000)
  to   space 512K,   0% used [0x6ecd0000, 0x6ecd0000, 0x6ed50000)
 tenured generation   total 10752K, used 5163K [0x792a0000, 0x79d20000, 0x8e800000)
   the space 10752K,  48% used [0x792a0000, 0x797aadd8, 0x797aae00, 0x79d20000)
 compacting perm gen  total 12288K, used 6361K [0x8e800000, 0x8f400000, 0x92800000)
   the space 12288K,  51% used [0x8e800000, 0x8ee366e0, 0x8ee36800, 0x8f400000)
    ro space 10240K,  59% used [0x92800000, 0x92dfe3d8, 0x92dfe400, 0x93200000)
    rw space 12288K,  59% used [0x93200000, 0x9391c2b0, 0x9391c400, 0x93e00000)
}
Event: 13.580 GC heap before
{Heap before GC invocations=177 (full 1):
 def new generation   total 4928K, used 4818K [0x6e800000, 0x6ed50000, 0x792a0000)
  eden space 4416K, 100% used [0x6e800000, 0x6ec50000, 0x6ec50000)
  from space 512K,  78% used [0x6ec50000, 0x6ecb4ba0, 0x6ecd0000)
  to   space 512K,   0% used [0x6ecd0000, 0x6ecd0000, 0x6ed50000)
 tenured generation   total 10752K, used 5163K [0x792a0000, 0x79d20000, 0x8e800000)
   the space 10752K,  48% used [0x792a0000, 0x797aadd8, 0x797aae00, 0x79d20000)
 compacting perm gen  total 12288K, used 6551K [0x8e800000, 0x8f400000, 0x92800000)
   the space 12288K,  53% used [0x8e800000, 0x8ee65ef0, 0x8ee66000, 0x8f400000)
    ro space 10240K,  59% used [0x92800000, 0x92dfe3d8, 0x92dfe400, 0x93200000)
    rw space 12288K,  59% used [0x93200000, 0x9391c2b0, 0x9391c400, 0x93e00000)
Event: 13.582 GC heap after
Heap after GC invocations=178 (full 1):
 def new generation   total 4928K, used 323K [0x6e800000, 0x6ed50000, 0x792a0000)
  eden space 4416K,   0% used [0x6e800000, 0x6e800000, 0x6ec50000)
  from space 512K,  63% used [0x6ecd0000, 0x6ed20de8, 0x6ed50000)
  to   space 512K,   0% used [0x6ec50000, 0x6ec50000, 0x6ecd0000)
 tenured generation   total 10752K, used 5525K [0x792a0000, 0x79d20000, 0x8e800000)
   the space 10752K,  51% used [0x792a0000, 0x798055a8, 0x79805600, 0x79d20000)
 compacting perm gen  total 12288K, used 6551K [0x8e800000, 0x8f400000, 0x92800000)
   the space 12288K,  53% used [0x8e800000, 0x8ee65ef0, 0x8ee66000, 0x8f400000)
    ro space 10240K,  59% used [0x92800000, 0x92dfe3d8, 0x92dfe400, 0x93200000)
    rw space 12288K,  59% used [0x93200000, 0x9391c2b0, 0x9391c400, 0x93e00000)
}
Event: 13.656 GC heap before
{Heap before GC invocations=178 (full 1):
 def new generation   total 4928K, used 4739K [0x6e800000, 0x6ed50000, 0x792a0000)
  eden space 4416K, 100% used [0x6e800000, 0x6ec50000, 0x6ec50000)
  from space 512K,  63% used [0x6ecd0000, 0x6ed20de8, 0x6ed50000)
  to   space 512K,   0% used [0x6ec50000, 0x6ec50000, 0x6ecd0000)
 tenured generation   total 10752K, used 5525K [0x792a0000, 0x79d20000, 0x8e800000)
   the space 10752K,  51% used [0x792a0000, 0x798055a8, 0x79805600, 0x79d20000)
 compacting perm gen  total 12288K, used 6577K [0x8e800000, 0x8f400000, 0x92800000)
   the space 12288K,  53% used [0x8e800000, 0x8ee6c408, 0x8ee6c600, 0x8f400000)
    ro space 10240K,  59% used [0x92800000, 0x92dfe3d8, 0x92dfe400, 0x93200000)
    rw space 12288K,  59% used [0x93200000, 0x9391c2b0, 0x9391c400, 0x93e00000)
Event: 13.657 GC heap after
Heap after GC invocations=179 (full 1):
 def new generation   total 4928K, used 253K [0x6e800000, 0x6ed50000, 0x792a0000)
  eden space 4416K,   0% used [0x6e800000, 0x6e800000, 0x6ec50000)
  from space 512K,  49% used [0x6ec50000, 0x6ec8f7a8, 0x6ecd0000)
  to   space 512K,   0% used [0x6ecd0000, 0x6ecd0000, 0x6ed50000)
 tenured generation   total 10752K, used 5750K [0x792a0000, 0x79d20000, 0x8e800000)
   the space 10752K,  53% used [0x792a0000, 0x7983d920, 0x7983da00, 0x79d20000)
 compacting perm gen  total 12288K, used 6577K [0x8e800000, 0x8f400000, 0x92800000)
   the space 12288K,  53% used [0x8e800000, 0x8ee6c408, 0x8ee6c600, 0x8f400000)
    ro space 10240K,  59% used [0x92800000, 0x92dfe3d8, 0x92dfe400, 0x93200000)
    rw space 12288K,  59% used [0x93200000, 0x9391c2b0, 0x9391c400, 0x93e00000)
}
Event: 13.763 GC heap before
{Heap before GC invocations=179 (full 1):
 def new generation   total 4928K, used 4669K [0x6e800000, 0x6ed50000, 0x792a0000)
  eden space 4416K, 100% used [0x6e800000, 0x6ec50000, 0x6ec50000)
  from space 512K,  49% used [0x6ec50000, 0x6ec8f7c8, 0x6ecd0000)
  to   space 512K,   0% used [0x6ecd0000, 0x6ecd0000, 0x6ed50000)
 tenured generation   total 10752K, used 5750K [0x792a0000, 0x79d20000, 0x8e800000)
   the space 10752K,  53% used [0x792a0000, 0x7983d920, 0x7983da00, 0x79d20000)
 compacting perm gen  total 12288K, used 6577K [0x8e800000, 0x8f400000, 0x92800000)
   the space 12288K,  53% used [0x8e800000, 0x8ee6c538, 0x8ee6c600, 0x8f400000)
    ro space 10240K,  59% used [0x92800000, 0x92dfe3d8, 0x92dfe400, 0x93200000)
    rw space 12288K,  59% used [0x93200000, 0x9391c2b0, 0x9391c400, 0x93e00000)
Event: 13.764 GC heap after
Heap after GC invocations=180 (full 1):
 def new generation   total 4928K, used 286K [0x6e800000, 0x6ed50000, 0x792a0000)
  eden space 4416K,   0% used [0x6e800000, 0x6e800000, 0x6ec50000)
  from space 512K,  55% used [0x6ecd0000, 0x6ed179c0, 0x6ed50000)
  to   space 512K,   0% used [0x6ec50000, 0x6ec50000, 0x6ecd0000)
 tenured generation   total 10752K, used 5750K [0x792a0000, 0x79d20000, 0x8e800000)
   the space 10752K,  53% used [0x792a0000, 0x7983d920, 0x7983da00, 0x79d20000)
 compacting perm gen  total 12288K, used 6577K [0x8e800000, 0x8f400000, 0x92800000)
   the space 12288K,  53% used [0x8e800000, 0x8ee6c538, 0x8ee6c600, 0x8f400000)
    ro space 10240K,  59% used [0x92800000, 0x92dfe3d8, 0x92dfe400, 0x93200000)
    rw space 12288K,  59% used [0x93200000, 0x9391c2b0, 0x9391c400, 0x93e00000)
}
Event: 15.392 GC heap before
{Heap before GC invocations=180 (full 1):
 def new generation   total 4928K, used 4702K [0x6e800000, 0x6ed50000, 0x792a0000)
  eden space 4416K, 100% used [0x6e800000, 0x6ec50000, 0x6ec50000)
  from space 512K,  55% used [0x6ecd0000, 0x6ed179c0, 0x6ed50000)
  to   space 512K,   0% used [0x6ec50000, 0x6ec50000, 0x6ecd0000)
 tenured generation   total 10752K, used 5750K [0x792a0000, 0x79d20000, 0x8e800000)
   the space 10752K,  53% used [0x792a0000, 0x7983d920, 0x7983da00, 0x79d20000)
 compacting perm gen  total 12288K, used 6579K [0x8e800000, 0x8f400000, 0x92800000)
   the space 12288K,  53% used [0x8e800000, 0x8ee6cd58, 0x8ee6ce00, 0x8f400000)
    ro space 10240K,  59% used [0x92800000, 0x92dfe3d8, 0x92dfe400, 0x93200000)
    rw space 12288K,  59% used [0x93200000, 0x9391c2b0, 0x9391c400, 0x93e00000)
Event: 15.394 GC heap after
Heap after GC invocations=181 (full 1):
 def new generation   total 4928K, used 200K [0x6e800000, 0x6ed50000, 0x792a0000)
  eden space 4416K,   0% used [0x6e800000, 0x6e800000, 0x6ec50000)
  from space 512K,  39% used [0x6ec50000, 0x6ec823f8, 0x6ecd0000)
  to   space 512K,   0% used [0x6ecd0000, 0x6ecd0000, 0x6ed50000)
 tenured generation   total 10752K, used 5901K [0x792a0000, 0x79d20000, 0x8e800000)
   the space 10752K,  54% used [0x792a0000, 0x798635e8, 0x79863600, 0x79d20000)
 compacting perm gen  total 12288K, used 6579K [0x8e800000, 0x8f400000, 0x92800000)
   the space 12288K,  53% used [0x8e800000, 0x8ee6cd58, 0x8ee6ce00, 0x8f400000)
    ro space 10240K,  59% used [0x92800000, 0x92dfe3d8, 0x92dfe400, 0x93200000)
    rw space 12288K,  59% used [0x93200000, 0x9391c2b0, 0x9391c400, 0x93e00000)
}

