# JRE version: OpenJDK Runtime Environment (7.0_79-b14) (build 1.7.0_79-b14)
# Java VM: OpenJDK Client VM (24.79-b02 mixed mode, sharing linux-x86 )
Heap
 def new generation   total 146112K, used 26533K [0x6e800000, 0x78680000, 0x792a0000)
  eden space 129920K,  14% used [0x6e800000, 0x6fa0a8d8, 0x766e0000)
  from space 16192K,  49% used [0x766e0000, 0x76ebee28, 0x776b0000)
  to   space 16192K,   0% used [0x776b0000, 0x776b0000, 0x78680000)
 tenured generation   total 324468K, used 237411K [0x792a0000, 0x8cf7d000, 0x8e800000)
   the space 324468K,  73% used [0x792a0000, 0x87a78f20, 0x87a79000, 0x8cf7d000)
 compacting perm gen  total 12288K, used 6897K [0x8e800000, 0x8f400000, 0x92800000)
   the space 12288K,  56% used [0x8e800000, 0x8eebc740, 0x8eebc800, 0x8f400000)
    ro space 10240K,  58% used [0x92800000, 0x92de1330, 0x92de1400, 0x93200000)
    rw space 12288K,  59% used [0x93200000, 0x93916340, 0x93916400, 0x93e00000)
GC Heap History (10 events):
Event: 220.635 GC heap before
{Heap before GC invocations=1699 (full 10):
 def new generation   total 146112K, used 137791K [0x6e800000, 0x78680000, 0x792a0000)
  eden space 129920K, 100% used [0x6e800000, 0x766e0000, 0x766e0000)
  from space 16192K,  48% used [0x776b0000, 0x77e5fef8, 0x78680000)
  to   space 16192K,   0% used [0x766e0000, 0x766e0000, 0x776b0000)
 tenured generation   total 324468K, used 236793K [0x792a0000, 0x8cf7d000, 0x8e800000)
   the space 324468K,  72% used [0x792a0000, 0x879de648, 0x879de800, 0x8cf7d000)
 compacting perm gen  total 12288K, used 6864K [0x8e800000, 0x8f400000, 0x92800000)
   the space 12288K,  55% used [0x8e800000, 0x8eeb40e8, 0x8eeb4200, 0x8f400000)
    ro space 10240K,  58% used [0x92800000, 0x92de1330, 0x92de1400, 0x93200000)
    rw space 12288K,  59% used [0x93200000, 0x93916340, 0x93916400, 0x93e00000)
Event: 220.642 GC heap after
Heap after GC invocations=1700 (full 10):
 def new generation   total 146112K, used 7878K [0x6e800000, 0x78680000, 0x792a0000)
  eden space 129920K,   0% used [0x6e800000, 0x6e800000, 0x766e0000)
  from space 16192K,  48% used [0x766e0000, 0x76e91970, 0x776b0000)
  to   space 16192K,   0% used [0x776b0000, 0x776b0000, 0x78680000)
 tenured generation   total 324468K, used 236793K [0x792a0000, 0x8cf7d000, 0x8e800000)
   the space 324468K,  72% used [0x792a0000, 0x879de648, 0x879de800, 0x8cf7d000)
 compacting perm gen  total 12288K, used 6864K [0x8e800000, 0x8f400000, 0x92800000)
   the space 12288K,  55% used [0x8e800000, 0x8eeb40e8, 0x8eeb4200, 0x8f400000)
    ro space 10240K,  58% used [0x92800000, 0x92de1330, 0x92de1400, 0x93200000)
    rw space 12288K,  59% used [0x93200000, 0x93916340, 0x93916400, 0x93e00000)
}
Event: 221.533 GC heap before
{Heap before GC invocations=1700 (full 10):
 def new generation   total 146112K, used 137798K [0x6e800000, 0x78680000, 0x792a0000)
  eden space 129920K, 100% used [0x6e800000, 0x766e0000, 0x766e0000)
  from space 16192K,  48% used [0x766e0000, 0x76e91970, 0x776b0000)
  to   space 16192K,   0% used [0x776b0000, 0x776b0000, 0x78680000)
 tenured generation   total 324468K, used 236793K [0x792a0000, 0x8cf7d000, 0x8e800000)
   the space 324468K,  72% used [0x792a0000, 0x879de648, 0x879de800, 0x8cf7d000)
 compacting perm gen  total 12288K, used 6865K [0x8e800000, 0x8f400000, 0x92800000)
   the space 12288K,  55% used [0x8e800000, 0x8eeb46b0, 0x8eeb4800, 0x8f400000)
    ro space 10240K,  58% used [0x92800000, 0x92de1330, 0x92de1400, 0x93200000)
    rw space 12288K,  59% used [0x93200000, 0x93916340, 0x93916400, 0x93e00000)
Event: 221.539 GC heap after
Heap after GC invocations=1701 (full 10):
 def new generation   total 146112K, used 7940K [0x6e800000, 0x78680000, 0x792a0000)
  eden space 129920K,   0% used [0x6e800000, 0x6e800000, 0x766e0000)
  from space 16192K,  49% used [0x776b0000, 0x77e71248, 0x78680000)
  to   space 16192K,   0% used [0x766e0000, 0x766e0000, 0x776b0000)
 tenured generation   total 324468K, used 236793K [0x792a0000, 0x8cf7d000, 0x8e800000)
   the space 324468K,  72% used [0x792a0000, 0x879de648, 0x879de800, 0x8cf7d000)
 compacting perm gen  total 12288K, used 6865K [0x8e800000, 0x8f400000, 0x92800000)
   the space 12288K,  55% used [0x8e800000, 0x8eeb46b0, 0x8eeb4800, 0x8f400000)
    ro space 10240K,  58% used [0x92800000, 0x92de1330, 0x92de1400, 0x93200000)
    rw space 12288K,  59% used [0x93200000, 0x93916340, 0x93916400, 0x93e00000)
}
Event: 221.682 GC heap before
{Heap before GC invocations=1701 (full 10):
 def new generation   total 146112K, used 137860K [0x6e800000, 0x78680000, 0x792a0000)
  eden space 129920K, 100% used [0x6e800000, 0x766e0000, 0x766e0000)
  from space 16192K,  49% used [0x776b0000, 0x77e71248, 0x78680000)
  to   space 16192K,   0% used [0x766e0000, 0x766e0000, 0x776b0000)
 tenured generation   total 324468K, used 236793K [0x792a0000, 0x8cf7d000, 0x8e800000)
   the space 324468K,  72% used [0x792a0000, 0x879de648, 0x879de800, 0x8cf7d000)
 compacting perm gen  total 12288K, used 6865K [0x8e800000, 0x8f400000, 0x92800000)
   the space 12288K,  55% used [0x8e800000, 0x8eeb46b0, 0x8eeb4800, 0x8f400000)
    ro space 10240K,  58% used [0x92800000, 0x92de1330, 0x92de1400, 0x93200000)
    rw space 12288K,  59% used [0x93200000, 0x93916340, 0x93916400, 0x93e00000)
Event: 221.688 GC heap after
Heap after GC invocations=1702 (full 10):
 def new generation   total 146112K, used 7950K [0x6e800000, 0x78680000, 0x792a0000)
  eden space 129920K,   0% used [0x6e800000, 0x6e800000, 0x766e0000)
  from space 16192K,  49% used [0x766e0000, 0x76ea3be0, 0x776b0000)
  to   space 16192K,   0% used [0x776b0000, 0x776b0000, 0x78680000)
 tenured generation   total 324468K, used 236793K [0x792a0000, 0x8cf7d000, 0x8e800000)
   the space 324468K,  72% used [0x792a0000, 0x879de648, 0x879de800, 0x8cf7d000)
 compacting perm gen  total 12288K, used 6865K [0x8e800000, 0x8f400000, 0x92800000)
   the space 12288K,  55% used [0x8e800000, 0x8eeb46b0, 0x8eeb4800, 0x8f400000)
    ro space 10240K,  58% used [0x92800000, 0x92de1330, 0x92de1400, 0x93200000)
    rw space 12288K,  59% used [0x93200000, 0x93916340, 0x93916400, 0x93e00000)
}
Event: 221.863 GC heap before
{Heap before GC invocations=1702 (full 10):
 def new generation   total 146112K, used 137870K [0x6e800000, 0x78680000, 0x792a0000)
  eden space 129920K, 100% used [0x6e800000, 0x766e0000, 0x766e0000)
  from space 16192K,  49% used [0x766e0000, 0x76ea3be0, 0x776b0000)
  to   space 16192K,   0% used [0x776b0000, 0x776b0000, 0x78680000)
 tenured generation   total 324468K, used 236793K [0x792a0000, 0x8cf7d000, 0x8e800000)
   the space 324468K,  72% used [0x792a0000, 0x879de648, 0x879de800, 0x8cf7d000)
 compacting perm gen  total 12288K, used 6865K [0x8e800000, 0x8f400000, 0x92800000)
   the space 12288K,  55% used [0x8e800000, 0x8eeb46b0, 0x8eeb4800, 0x8f400000)
    ro space 10240K,  58% used [0x92800000, 0x92de1330, 0x92de1400, 0x93200000)
    rw space 12288K,  59% used [0x93200000, 0x93916340, 0x93916400, 0x93e00000)
Event: 221.871 GC heap after
Heap after GC invocations=1703 (full 10):
 def new generation   total 146112K, used 8001K [0x6e800000, 0x78680000, 0x792a0000)
  eden space 129920K,   0% used [0x6e800000, 0x6e800000, 0x766e0000)
  from space 16192K,  49% used [0x776b0000, 0x77e80578, 0x78680000)
  to   space 16192K,   0% used [0x766e0000, 0x766e0000, 0x776b0000)
 tenured generation   total 324468K, used 236793K [0x792a0000, 0x8cf7d000, 0x8e800000)
   the space 324468K,  72% used [0x792a0000, 0x879de648, 0x879de800, 0x8cf7d000)
 compacting perm gen  total 12288K, used 6865K [0x8e800000, 0x8f400000, 0x92800000)
   the space 12288K,  55% used [0x8e800000, 0x8eeb46b0, 0x8eeb4800, 0x8f400000)
    ro space 10240K,  58% used [0x92800000, 0x92de1330, 0x92de1400, 0x93200000)
    rw space 12288K,  59% used [0x93200000, 0x93916340, 0x93916400, 0x93e00000)
}
Event: 222.288 GC heap before
{Heap before GC invocations=1703 (full 10):
 def new generation   total 146112K, used 137921K [0x6e800000, 0x78680000, 0x792a0000)
  eden space 129920K, 100% used [0x6e800000, 0x766e0000, 0x766e0000)
  from space 16192K,  49% used [0x776b0000, 0x77e80578, 0x78680000)
  to   space 16192K,   0% used [0x766e0000, 0x766e0000, 0x776b0000)
 tenured generation   total 324468K, used 236793K [0x792a0000, 0x8cf7d000, 0x8e800000)
   the space 324468K,  72% used [0x792a0000, 0x879de648, 0x879de800, 0x8cf7d000)
 compacting perm gen  total 12288K, used 6897K [0x8e800000, 0x8f400000, 0x92800000)
   the space 12288K,  56% used [0x8e800000, 0x8eebc720, 0x8eebc800, 0x8f400000)
    ro space 10240K,  58% used [0x92800000, 0x92de1330, 0x92de1400, 0x93200000)
    rw space 12288K,  59% used [0x93200000, 0x93916340, 0x93916400, 0x93e00000)
Event: 222.296 GC heap after
Heap after GC invocations=1704 (full 10):
 def new generation   total 146112K, used 8059K [0x6e800000, 0x78680000, 0x792a0000)
  eden space 129920K,   0% used [0x6e800000, 0x6e800000, 0x766e0000)
  from space 16192K,  49% used [0x766e0000, 0x76ebee28, 0x776b0000)
  to   space 16192K,   0% used [0x776b0000, 0x776b0000, 0x78680000)
 tenured generation   total 324468K, used 237411K [0x792a0000, 0x8cf7d000, 0x8e800000)
   the space 324468K,  73% used [0x792a0000, 0x87a78f20, 0x87a79000, 0x8cf7d000)
 compacting perm gen  total 12288K, used 6897K [0x8e800000, 0x8f400000, 0x92800000)
   the space 12288K,  56% used [0x8e800000, 0x8eebc720, 0x8eebc800, 0x8f400000)
    ro space 10240K,  58% used [0x92800000, 0x92de1330, 0x92de1400, 0x93200000)
    rw space 12288K,  59% used [0x93200000, 0x93916340, 0x93916400, 0x93e00000)
}

