# JRE version: OpenJDK Runtime Environment (7.0_121) (build 1.7.0_121-b00)
# Java VM: OpenJDK Client VM (24.121-b00 mixed mode, sharing linux-x86 )
Heap
 def new generation   total 4928K, used 999K [0x6e800000, 0x6ed50000, 0x792a0000)
  eden space 4416K,  20% used [0x6e800000, 0x6e8e5530, 0x6ec50000)
  from space 512K,  16% used [0x6ec50000, 0x6ec64870, 0x6ecd0000)
  to   space 512K,   0% used [0x6ecd0000, 0x6ecd0000, 0x6ed50000)
 tenured generation   total 10944K, used 6855K [0x792a0000, 0x79d50000, 0x8e800000)
   the space 10944K,  62% used [0x792a0000, 0x79951c58, 0x79951e00, 0x79d50000)
 compacting perm gen  total 12288K, used 6968K [0x8e800000, 0x8f400000, 0x92800000)
   the space 12288K,  56% used [0x8e800000, 0x8eece2f0, 0x8eece400, 0x8f400000)
    ro space 10240K,  60% used [0x92800000, 0x92e00d38, 0x92e00e00, 0x93200000)
    rw space 12288K,  59% used [0x93200000, 0x9391e858, 0x9391ea00, 0x93e00000)
GC Heap History (10 events):
Event: 21.980 GC heap before
{Heap before GC invocations=89 (full 0):
 def new generation   total 4928K, used 4426K [0x6e800000, 0x6ed50000, 0x792a0000)
  eden space 4416K, 100% used [0x6e800000, 0x6ec50000, 0x6ec50000)
  from space 512K,   2% used [0x6ecd0000, 0x6ecd2a68, 0x6ed50000)
  to   space 512K,   0% used [0x6ec50000, 0x6ec50000, 0x6ecd0000)
 tenured generation   total 10944K, used 6390K [0x792a0000, 0x79d50000, 0x8e800000)
   the space 10944K,  58% used [0x792a0000, 0x798dda68, 0x798ddc00, 0x79d50000)
 compacting perm gen  total 12288K, used 6830K [0x8e800000, 0x8f400000, 0x92800000)
   the space 12288K,  55% used [0x8e800000, 0x8eeab810, 0x8eeaba00, 0x8f400000)
    ro space 10240K,  60% used [0x92800000, 0x92e00d38, 0x92e00e00, 0x93200000)
    rw space 12288K,  59% used [0x93200000, 0x9391e858, 0x9391ea00, 0x93e00000)
Event: 21.981 GC heap after
Heap after GC invocations=90 (full 0):
 def new generation   total 4928K, used 11K [0x6e800000, 0x6ed50000, 0x792a0000)
  eden space 4416K,   0% used [0x6e800000, 0x6e800000, 0x6ec50000)
  from space 512K,   2% used [0x6ec50000, 0x6ec52e90, 0x6ecd0000)
  to   space 512K,   0% used [0x6ecd0000, 0x6ecd0000, 0x6ed50000)
 tenured generation   total 10944K, used 6390K [0x792a0000, 0x79d50000, 0x8e800000)
   the space 10944K,  58% used [0x792a0000, 0x798ddae0, 0x798ddc00, 0x79d50000)
 compacting perm gen  total 12288K, used 6830K [0x8e800000, 0x8f400000, 0x92800000)
   the space 12288K,  55% used [0x8e800000, 0x8eeab810, 0x8eeaba00, 0x8f400000)
    ro space 10240K,  60% used [0x92800000, 0x92e00d38, 0x92e00e00, 0x93200000)
    rw space 12288K,  59% used [0x93200000, 0x9391e858, 0x9391ea00, 0x93e00000)
}
Event: 21.994 GC heap before
{Heap before GC invocations=90 (full 0):
 def new generation   total 4928K, used 4427K [0x6e800000, 0x6ed50000, 0x792a0000)
  eden space 4416K, 100% used [0x6e800000, 0x6ec50000, 0x6ec50000)
  from space 512K,   2% used [0x6ec50000, 0x6ec52e90, 0x6ecd0000)
  to   space 512K,   0% used [0x6ecd0000, 0x6ecd0000, 0x6ed50000)
 tenured generation   total 10944K, used 6390K [0x792a0000, 0x79d50000, 0x8e800000)
   the space 10944K,  58% used [0x792a0000, 0x798ddae0, 0x798ddc00, 0x79d50000)
 compacting perm gen  total 12288K, used 6830K [0x8e800000, 0x8f400000, 0x92800000)
   the space 12288K,  55% used [0x8e800000, 0x8eeab810, 0x8eeaba00, 0x8f400000)
    ro space 10240K,  60% used [0x92800000, 0x92e00d38, 0x92e00e00, 0x93200000)
    rw space 12288K,  59% used [0x93200000, 0x9391e858, 0x9391ea00, 0x93e00000)
Event: 21.995 GC heap after
Heap after GC invocations=91 (full 0):
 def new generation   total 4928K, used 13K [0x6e800000, 0x6ed50000, 0x792a0000)
  eden space 4416K,   0% used [0x6e800000, 0x6e800000, 0x6ec50000)
  from space 512K,   2% used [0x6ecd0000, 0x6ecd34c0, 0x6ed50000)
  to   space 512K,   0% used [0x6ec50000, 0x6ec50000, 0x6ecd0000)
 tenured generation   total 10944K, used 6390K [0x792a0000, 0x79d50000, 0x8e800000)
   the space 10944K,  58% used [0x792a0000, 0x798ddbd0, 0x798ddc00, 0x79d50000)
 compacting perm gen  total 12288K, used 6830K [0x8e800000, 0x8f400000, 0x92800000)
   the space 12288K,  55% used [0x8e800000, 0x8eeab810, 0x8eeaba00, 0x8f400000)
    ro space 10240K,  60% used [0x92800000, 0x92e00d38, 0x92e00e00, 0x93200000)
    rw space 12288K,  59% used [0x93200000, 0x9391e858, 0x9391ea00, 0x93e00000)
}
Event: 22.008 GC heap before
{Heap before GC invocations=91 (full 0):
 def new generation   total 4928K, used 4429K [0x6e800000, 0x6ed50000, 0x792a0000)
  eden space 4416K, 100% used [0x6e800000, 0x6ec50000, 0x6ec50000)
  from space 512K,   2% used [0x6ecd0000, 0x6ecd34c0, 0x6ed50000)
  to   space 512K,   0% used [0x6ec50000, 0x6ec50000, 0x6ecd0000)
 tenured generation   total 10944K, used 6390K [0x792a0000, 0x79d50000, 0x8e800000)
   the space 10944K,  58% used [0x792a0000, 0x798ddbd0, 0x798ddc00, 0x79d50000)
 compacting perm gen  total 12288K, used 6830K [0x8e800000, 0x8f400000, 0x92800000)
   the space 12288K,  55% used [0x8e800000, 0x8eeab810, 0x8eeaba00, 0x8f400000)
    ro space 10240K,  60% used [0x92800000, 0x92e00d38, 0x92e00e00, 0x93200000)
    rw space 12288K,  59% used [0x93200000, 0x9391e858, 0x9391ea00, 0x93e00000)
Event: 22.009 GC heap after
Heap after GC invocations=92 (full 0):
 def new generation   total 4928K, used 13K [0x6e800000, 0x6ed50000, 0x792a0000)
  eden space 4416K,   0% used [0x6e800000, 0x6e800000, 0x6ec50000)
  from space 512K,   2% used [0x6ec50000, 0x6ec536f8, 0x6ecd0000)
  to   space 512K,   0% used [0x6ecd0000, 0x6ecd0000, 0x6ed50000)
 tenured generation   total 10944K, used 6391K [0x792a0000, 0x79d50000, 0x8e800000)
   the space 10944K,  58% used [0x792a0000, 0x798ddd38, 0x798dde00, 0x79d50000)
 compacting perm gen  total 12288K, used 6830K [0x8e800000, 0x8f400000, 0x92800000)
   the space 12288K,  55% used [0x8e800000, 0x8eeab810, 0x8eeaba00, 0x8f400000)
    ro space 10240K,  60% used [0x92800000, 0x92e00d38, 0x92e00e00, 0x93200000)
    rw space 12288K,  59% used [0x93200000, 0x9391e858, 0x9391ea00, 0x93e00000)
}
Event: 23.107 GC heap before
{Heap before GC invocations=92 (full 0):
 def new generation   total 4928K, used 4429K [0x6e800000, 0x6ed50000, 0x792a0000)
  eden space 4416K, 100% used [0x6e800000, 0x6ec50000, 0x6ec50000)
  from space 512K,   2% used [0x6ec50000, 0x6ec536f8, 0x6ecd0000)
  to   space 512K,   0% used [0x6ecd0000, 0x6ecd0000, 0x6ed50000)
 tenured generation   total 10944K, used 6391K [0x792a0000, 0x79d50000, 0x8e800000)
   the space 10944K,  58% used [0x792a0000, 0x798ddd38, 0x798dde00, 0x79d50000)
 compacting perm gen  total 12288K, used 6926K [0x8e800000, 0x8f400000, 0x92800000)
   the space 12288K,  56% used [0x8e800000, 0x8eec3bf0, 0x8eec3c00, 0x8f400000)
    ro space 10240K,  60% used [0x92800000, 0x92e00d38, 0x92e00e00, 0x93200000)
    rw space 12288K,  59% used [0x93200000, 0x9391e858, 0x9391ea00, 0x93e00000)
Event: 23.110 GC heap after
Heap after GC invocations=93 (full 0):
 def new generation   total 4928K, used 485K [0x6e800000, 0x6ed50000, 0x792a0000)
  eden space 4416K,   0% used [0x6e800000, 0x6e800000, 0x6ec50000)
  from space 512K,  94% used [0x6ecd0000, 0x6ed49650, 0x6ed50000)
  to   space 512K,   0% used [0x6ec50000, 0x6ec50000, 0x6ecd0000)
 tenured generation   total 10944K, used 6391K [0x792a0000, 0x79d50000, 0x8e800000)
   the space 10944K,  58% used [0x792a0000, 0x798ddda8, 0x798dde00, 0x79d50000)
 compacting perm gen  total 12288K, used 6926K [0x8e800000, 0x8f400000, 0x92800000)
   the space 12288K,  56% used [0x8e800000, 0x8eec3bf0, 0x8eec3c00, 0x8f400000)
    ro space 10240K,  60% used [0x92800000, 0x92e00d38, 0x92e00e00, 0x93200000)
    rw space 12288K,  59% used [0x93200000, 0x9391e858, 0x9391ea00, 0x93e00000)
}
Event: 23.817 GC heap before
{Heap before GC invocations=93 (full 0):
 def new generation   total 4928K, used 4901K [0x6e800000, 0x6ed50000, 0x792a0000)
  eden space 4416K, 100% used [0x6e800000, 0x6ec50000, 0x6ec50000)
  from space 512K,  94% used [0x6ecd0000, 0x6ed49650, 0x6ed50000)
  to   space 512K,   0% used [0x6ec50000, 0x6ec50000, 0x6ecd0000)
 tenured generation   total 10944K, used 6391K [0x792a0000, 0x79d50000, 0x8e800000)
   the space 10944K,  58% used [0x792a0000, 0x798ddda8, 0x798dde00, 0x79d50000)
 compacting perm gen  total 12288K, used 6965K [0x8e800000, 0x8f400000, 0x92800000)
   the space 12288K,  56% used [0x8e800000, 0x8eecd468, 0x8eecd600, 0x8f400000)
    ro space 10240K,  60% used [0x92800000, 0x92e00d38, 0x92e00e00, 0x93200000)
    rw space 12288K,  59% used [0x93200000, 0x9391e858, 0x9391ea00, 0x93e00000)
Event: 23.819 GC heap after
Heap after GC invocations=94 (full 0):
 def new generation   total 4928K, used 82K [0x6e800000, 0x6ed50000, 0x792a0000)
  eden space 4416K,   0% used [0x6e800000, 0x6e800000, 0x6ec50000)
  from space 512K,  16% used [0x6ec50000, 0x6ec64870, 0x6ecd0000)
  to   space 512K,   0% used [0x6ecd0000, 0x6ecd0000, 0x6ed50000)
 tenured generation   total 10944K, used 6855K [0x792a0000, 0x79d50000, 0x8e800000)
   the space 10944K,  62% used [0x792a0000, 0x79951c58, 0x79951e00, 0x79d50000)
 compacting perm gen  total 12288K, used 6965K [0x8e800000, 0x8f400000, 0x92800000)
   the space 12288K,  56% used [0x8e800000, 0x8eecd468, 0x8eecd600, 0x8f400000)
    ro space 10240K,  60% used [0x92800000, 0x92e00d38, 0x92e00e00, 0x93200000)
    rw space 12288K,  59% used [0x93200000, 0x9391e858, 0x9391ea00, 0x93e00000)
}

